<?xml version="1.0" encoding="UTF-8"?>
<coverage generated="1752480010747" clover="3.2.0">
  <project timestamp="1752480010747" name="All files">
    <metrics statements="353" coveredstatements="311" conditionals="156" coveredconditionals="94" methods="57" coveredmethods="51" elements="566" coveredelements="456" complexity="0" loc="353" ncloc="353" packages="1" files="1" classes="1"/>
    <file name="whats-next-view.js" path="/home/bencan/projects/calendarBot/calendarbot/web/static/layouts/whats-next-view/whats-next-view.js">
      <metrics statements="353" coveredstatements="311" conditionals="156" coveredconditionals="94" methods="57" coveredmethods="51"/>
      <line num="4" count="1" type="stmt"/>
      <line num="5" count="1" type="stmt"/>
      <line num="6" count="1" type="stmt"/>
      <line num="7" count="1" type="stmt"/>
      <line num="8" count="1" type="stmt"/>
      <line num="9" count="1" type="stmt"/>
      <line num="10" count="1" type="stmt"/>
      <line num="13" count="1" type="stmt"/>
      <line num="14" count="64" type="stmt"/>
      <line num="22" count="64" type="stmt"/>
      <line num="25" count="64" type="stmt"/>
      <line num="26" count="64" type="stmt"/>
      <line num="27" count="64" type="cond" truecount="1" falsecount="1"/>
      <line num="28" count="0" type="stmt"/>
      <line num="32" count="64" type="stmt"/>
      <line num="33" count="64" type="stmt"/>
      <line num="34" count="64" type="stmt"/>
      <line num="35" count="64" type="stmt"/>
      <line num="38" count="64" type="stmt"/>
      <line num="39" count="64" type="stmt"/>
      <line num="40" count="64" type="stmt"/>
      <line num="43" count="64" type="stmt"/>
      <line num="45" count="64" type="stmt"/>
      <line num="52" count="64" type="stmt"/>
      <line num="53" count="48" type="stmt"/>
      <line num="54" count="48" type="cond" truecount="1" falsecount="1"/>
      <line num="55" count="48" type="stmt"/>
      <line num="56" count="48" type="stmt"/>
      <line num="58" count="48" type="cond" truecount="3" falsecount="1"/>
      <line num="60" count="15" type="stmt"/>
      <line num="61" count="15" type="stmt"/>
      <line num="63" count="16" type="stmt"/>
      <line num="64" count="16" type="stmt"/>
      <line num="66" count="17" type="stmt"/>
      <line num="67" count="17" type="stmt"/>
      <line num="69" count="0" type="cond" truecount="0" falsecount="4"/>
      <line num="70" count="0" type="stmt"/>
      <line num="76" count="64" type="stmt"/>
      <line num="83" count="64" type="stmt"/>
      <line num="84" count="78" type="stmt"/>
      <line num="85" count="78" type="cond" truecount="1" falsecount="1"/>
      <line num="86" count="78" type="stmt"/>
      <line num="89" count="78" type="cond" truecount="7" falsecount="0"/>
      <line num="92" count="18" type="stmt"/>
      <line num="93" count="18" type="stmt"/>
      <line num="96" count="19" type="stmt"/>
      <line num="97" count="19" type="stmt"/>
      <line num="100" count="20" type="stmt"/>
      <line num="101" count="20" type="stmt"/>
      <line num="103" count="21" type="stmt"/>
      <line num="104" count="21" type="stmt"/>
      <line num="113" count="64" type="stmt"/>
      <line num="115" count="64" type="cond" truecount="2" falsecount="0"/>
      <line num="116" count="59" type="stmt"/>
      <line num="117" count="23" type="stmt"/>
      <line num="120" count="59" type="stmt"/>
      <line num="129" count="64" type="stmt"/>
      <line num="130" count="64" type="stmt"/>
      <line num="132" count="64" type="stmt"/>
      <line num="133" count="23" type="stmt"/>
      <line num="136" count="64" type="stmt"/>
      <line num="137" count="23" type="stmt"/>
      <line num="138" count="23" type="stmt"/>
      <line num="142" count="23" type="stmt"/>
      <line num="143" count="23" type="stmt"/>
      <line num="145" count="23" type="cond" truecount="1" falsecount="1"/>
      <line num="146" count="23" type="cond" truecount="1" falsecount="1"/>
      <line num="148" count="23" type="stmt"/>
      <line num="151" count="0" type="stmt"/>
      <line num="157" count="64" type="stmt"/>
      <line num="158" count="64" type="stmt"/>
      <line num="159" count="23" type="stmt"/>
      <line num="160" count="23" type="cond" truecount="1" falsecount="1"/>
      <line num="161" count="0" type="stmt"/>
      <line num="163" count="23" type="stmt"/>
      <line num="172" count="64" type="cond" truecount="2" falsecount="0"/>
      <line num="173" count="63" type="stmt"/>
      <line num="176" count="64" type="stmt"/>
      <line num="177" count="8" type="stmt"/>
      <line num="178" count="8" type="stmt"/>
      <line num="181" count="64" type="stmt"/>
      <line num="189" count="64" type="stmt"/>
      <line num="197" count="231" type="stmt"/>
      <line num="198" count="231" type="stmt"/>
      <line num="199" count="231" type="stmt"/>
      <line num="200" count="231" type="stmt"/>
      <line num="201" count="231" type="stmt"/>
      <line num="202" count="231" type="stmt"/>
      <line num="205" count="231" type="stmt"/>
      <line num="206" count="231" type="stmt"/>
      <line num="207" count="184" type="stmt"/>
      <line num="208" count="184" type="stmt"/>
      <line num="209" count="184" type="stmt"/>
      <line num="212" count="231" type="stmt"/>
      <line num="219" count="148" type="stmt"/>
      <line num="220" count="148" type="stmt"/>
      <line num="222" count="148" type="stmt"/>
      <line num="229" count="144" type="stmt"/>
      <line num="231" count="144" type="cond" truecount="4" falsecount="0"/>
      <line num="233" count="143" type="stmt"/>
      <line num="234" count="143" type="stmt"/>
      <line num="235" count="143" type="stmt"/>
      <line num="236" count="143" type="stmt"/>
      <line num="237" count="143" type="stmt"/>
      <line num="239" count="1" type="stmt"/>
      <line num="243" count="4" type="stmt"/>
      <line num="244" count="4" type="stmt"/>
      <line num="246" count="148" type="stmt"/>
      <line num="255" count="167" type="stmt"/>
      <line num="256" count="167" type="stmt"/>
      <line num="257" count="167" type="stmt"/>
      <line num="261" count="167" type="stmt"/>
      <line num="262" count="167" type="stmt"/>
      <line num="264" count="167" type="stmt"/>
      <line num="267" count="167" type="stmt"/>
      <line num="268" count="161" type="stmt"/>
      <line num="269" count="161" type="cond" truecount="2" falsecount="0"/>
      <line num="270" count="158" type="stmt"/>
      <line num="275" count="167" type="stmt"/>
      <line num="276" count="0" type="stmt"/>
      <line num="277" count="0" type="cond" truecount="0" falsecount="2"/>
      <line num="278" count="0" type="stmt"/>
      <line num="283" count="167" type="stmt"/>
      <line num="285" count="167" type="stmt"/>
      <line num="288" count="0" type="stmt"/>
      <line num="298" count="161" type="stmt"/>
      <line num="299" count="161" type="stmt"/>
      <line num="300" count="161" type="stmt"/>
      <line num="301" count="161" type="stmt"/>
      <line num="303" count="161" type="cond" truecount="4" falsecount="0"/>
      <line num="304" count="3" type="stmt"/>
      <line num="307" count="158" type="stmt"/>
      <line num="308" count="158" type="stmt"/>
      <line num="311" count="158" type="stmt"/>
      <line num="312" count="158" type="cond" truecount="1" falsecount="1"/>
      <line num="313" count="0" type="stmt"/>
      <line num="316" count="158" type="stmt"/>
      <line num="317" count="158" type="stmt"/>
      <line num="318" count="158" type="stmt"/>
      <line num="320" count="158" type="stmt"/>
      <line num="330" count="0" type="stmt"/>
      <line num="331" count="0" type="stmt"/>
      <line num="342" count="316" type="stmt"/>
      <line num="343" count="316" type="stmt"/>
      <line num="346" count="316" type="stmt"/>
      <line num="347" count="316" type="cond" truecount="1" falsecount="1"/>
      <line num="348" count="316" type="stmt"/>
      <line num="349" count="316" type="stmt"/>
      <line num="350" count="316" type="cond" truecount="1" falsecount="1"/>
      <line num="352" count="316" type="cond" truecount="3" falsecount="1"/>
      <line num="353" count="316" type="stmt"/>
      <line num="354" count="0" type="cond" truecount="0" falsecount="4"/>
      <line num="355" count="0" type="stmt"/>
      <line num="358" count="316" type="stmt"/>
      <line num="361" count="316" type="stmt"/>
      <line num="368" count="170" type="stmt"/>
      <line num="369" count="170" type="stmt"/>
      <line num="372" count="170" type="stmt"/>
      <line num="373" count="161" type="stmt"/>
      <line num="374" count="161" type="stmt"/>
      <line num="377" count="161" type="cond" truecount="2" falsecount="2"/>
      <line num="378" count="0" type="stmt"/>
      <line num="379" count="0" type="stmt"/>
      <line num="383" count="161" type="cond" truecount="1" falsecount="1"/>
      <line num="384" count="161" type="stmt"/>
      <line num="385" count="161" type="stmt"/>
      <line num="389" count="170" type="cond" truecount="2" falsecount="0"/>
      <line num="390" count="170" type="stmt"/>
      <line num="397" count="156" type="stmt"/>
      <line num="398" count="156" type="stmt"/>
      <line num="399" count="156" type="stmt"/>
      <line num="401" count="156" type="cond" truecount="4" falsecount="0"/>
      <line num="402" count="10" type="stmt"/>
      <line num="405" count="146" type="stmt"/>
      <line num="406" count="146" type="stmt"/>
      <line num="407" count="146" type="stmt"/>
      <line num="413" count="146" type="cond" truecount="2" falsecount="2"/>
      <line num="415" count="0" type="stmt"/>
      <line num="416" count="0" type="stmt"/>
      <line num="417" count="146" type="cond" truecount="1" falsecount="1"/>
      <line num="419" count="146" type="stmt"/>
      <line num="420" count="146" type="stmt"/>
      <line num="423" count="0" type="stmt"/>
      <line num="424" count="0" type="stmt"/>
      <line num="427" count="146" type="cond" truecount="1" falsecount="1"/>
      <line num="428" count="0" type="stmt"/>
      <line num="429" count="0" type="stmt"/>
      <line num="433" count="146" type="stmt"/>
      <line num="434" count="146" type="stmt"/>
      <line num="440" count="146" type="cond" truecount="1" falsecount="1"/>
      <line num="441" count="146" type="stmt"/>
      <line num="442" count="146" type="cond" truecount="1" falsecount="1"/>
      <line num="444" count="0" type="stmt"/>
      <line num="445" count="0" type="cond" truecount="0" falsecount="2"/>
      <line num="449" count="146" type="stmt"/>
      <line num="450" count="146" type="cond" truecount="1" falsecount="1"/>
      <line num="451" count="146" type="cond" truecount="1" falsecount="1"/>
      <line num="454" count="146" type="cond" truecount="1" falsecount="1"/>
      <line num="455" count="0" type="stmt"/>
      <line num="457" count="146" type="stmt"/>
      <line num="461" count="146" type="cond" truecount="4" falsecount="1"/>
      <line num="462" count="0" type="cond" truecount="0" falsecount="2"/>
      <line num="470" count="175" type="stmt"/>
      <line num="471" count="175" type="cond" truecount="2" falsecount="0"/>
      <line num="473" count="174" type="cond" truecount="2" falsecount="0"/>
      <line num="474" count="10" type="stmt"/>
      <line num="475" count="10" type="stmt"/>
      <line num="479" count="164" type="stmt"/>
      <line num="481" count="164" type="stmt"/>
      <line num="498" count="0" type="stmt"/>
      <line num="510" count="164" type="stmt"/>
      <line num="511" count="164" type="stmt"/>
      <line num="518" count="8" type="cond" truecount="1" falsecount="1"/>
      <line num="520" count="8" type="stmt"/>
      <line num="521" count="8" type="stmt"/>
      <line num="524" count="8" type="cond" truecount="1" falsecount="1"/>
      <line num="525" count="0" type="stmt"/>
      <line num="526" count="0" type="stmt"/>
      <line num="527" count="0" type="stmt"/>
      <line num="538" count="165" type="stmt"/>
      <line num="539" count="165" type="stmt"/>
      <line num="540" count="165" type="stmt"/>
      <line num="542" count="165" type="stmt"/>
      <line num="548" count="165" type="stmt"/>
      <line num="549" count="165" type="stmt"/>
      <line num="551" count="165" type="stmt"/>
      <line num="553" count="0" type="stmt"/>
      <line num="561" count="10" type="stmt"/>
      <line num="562" count="10" type="cond" truecount="1" falsecount="1"/>
      <line num="564" count="10" type="stmt"/>
      <line num="578" count="5" type="stmt"/>
      <line num="579" count="5" type="cond" truecount="1" falsecount="1"/>
      <line num="581" count="5" type="stmt"/>
      <line num="596" count="185" type="cond" truecount="1" falsecount="1"/>
      <line num="597" count="185" type="cond" truecount="1" falsecount="1"/>
      <line num="598" count="185" type="cond" truecount="1" falsecount="1"/>
      <line num="606" count="1" type="stmt"/>
      <line num="607" count="1" type="cond" truecount="1" falsecount="1"/>
      <line num="608" count="1" type="stmt"/>
      <line num="618" count="170" type="stmt"/>
      <line num="635" count="3" type="stmt"/>
      <line num="637" count="3" type="stmt"/>
      <line num="638" count="3" type="stmt"/>
      <line num="640" count="3" type="stmt"/>
      <line num="648" count="1" type="stmt"/>
      <line num="650" count="1" type="cond" truecount="3" falsecount="1"/>
      <line num="651" count="1" type="stmt"/>
      <line num="652" count="1" type="stmt"/>
      <line num="653" count="1" type="stmt"/>
      <line num="655" count="0" type="stmt"/>
      <line num="656" count="0" type="stmt"/>
      <line num="660" count="2" type="stmt"/>
      <line num="661" count="2" type="stmt"/>
      <line num="663" count="3" type="stmt"/>
      <line num="671" count="38" type="stmt"/>
      <line num="673" count="38" type="stmt"/>
      <line num="674" count="38" type="stmt"/>
      <line num="682" count="36" type="stmt"/>
      <line num="684" count="36" type="cond" truecount="1" falsecount="1"/>
      <line num="685" count="36" type="stmt"/>
      <line num="686" count="36" type="stmt"/>
      <line num="687" count="36" type="stmt"/>
      <line num="689" count="0" type="stmt"/>
      <line num="693" count="2" type="stmt"/>
      <line num="701" count="40" type="stmt"/>
      <line num="703" count="40" type="stmt"/>
      <line num="704" count="40" type="stmt"/>
      <line num="706" count="40" type="stmt"/>
      <line num="714" count="38" type="stmt"/>
      <line num="716" count="38" type="cond" truecount="1" falsecount="1"/>
      <line num="717" count="38" type="stmt"/>
      <line num="718" count="38" type="stmt"/>
      <line num="720" count="0" type="stmt"/>
      <line num="721" count="0" type="stmt"/>
      <line num="725" count="2" type="stmt"/>
      <line num="726" count="2" type="stmt"/>
      <line num="728" count="40" type="stmt"/>
      <line num="736" count="80" type="stmt"/>
      <line num="737" count="80" type="stmt"/>
      <line num="738" count="80" type="stmt"/>
      <line num="745" count="23" type="stmt"/>
      <line num="746" count="23" type="stmt"/>
      <line num="753" count="23" type="stmt"/>
      <line num="755" count="23" type="cond" truecount="3" falsecount="1"/>
      <line num="756" count="23" type="stmt"/>
      <line num="757" count="23" type="stmt"/>
      <line num="758" count="23" type="stmt"/>
      <line num="759" count="23" type="stmt"/>
      <line num="763" count="0" type="stmt"/>
      <line num="771" count="167" type="stmt"/>
      <line num="772" count="167" type="stmt"/>
      <line num="775" count="167" type="stmt"/>
      <line num="780" count="167" type="stmt"/>
      <line num="781" count="334" type="stmt"/>
      <line num="782" count="334" type="stmt"/>
      <line num="784" count="334" type="cond" truecount="2" falsecount="2"/>
      <line num="785" count="0" type="stmt"/>
      <line num="790" count="167" type="cond" truecount="1" falsecount="1"/>
      <line num="791" count="0" type="stmt"/>
      <line num="795" count="167" type="stmt"/>
      <line num="807" count="193" type="stmt"/>
      <line num="809" count="193" type="cond" truecount="2" falsecount="0"/>
      <line num="810" count="45" type="stmt"/>
      <line num="811" count="45" type="stmt"/>
      <line num="812" count="45" type="stmt"/>
      <line num="824" count="45" type="stmt"/>
      <line num="827" count="193" type="stmt"/>
      <line num="828" count="193" type="stmt"/>
      <line num="835" count="192" type="stmt"/>
      <line num="836" count="192" type="cond" truecount="1" falsecount="1"/>
      <line num="837" count="192" type="stmt"/>
      <line num="845" count="86" type="stmt"/>
      <line num="846" count="86" type="stmt"/>
      <line num="864" count="86" type="stmt"/>
      <line num="865" count="86" type="stmt"/>
      <line num="867" count="86" type="stmt"/>
      <line num="868" count="86" type="stmt"/>
      <line num="869" count="0" type="stmt"/>
      <line num="870" count="0" type="stmt"/>
      <line num="875" count="5" type="stmt"/>
      <line num="879" count="81" type="stmt"/>
      <line num="888" count="1" type="stmt"/>
      <line num="889" count="1" type="stmt"/>
      <line num="890" count="1" type="stmt"/>
      <line num="891" count="1" type="stmt"/>
      <line num="892" count="1" type="stmt"/>
      <line num="893" count="1" type="stmt"/>
      <line num="896" count="1" type="stmt"/>
      <line num="897" count="1" type="stmt"/>
      <line num="898" count="1" type="stmt"/>
      <line num="901" count="1" type="stmt"/>
      <line num="902" count="1" type="stmt"/>
      <line num="903" count="1" type="stmt"/>
      <line num="904" count="1" type="stmt"/>
      <line num="905" count="1" type="stmt"/>
      <line num="908" count="1" type="stmt"/>
      <line num="909" count="1" type="stmt"/>
      <line num="910" count="1" type="stmt"/>
      <line num="913" count="1" type="stmt"/>
      <line num="914" count="1" type="stmt"/>
      <line num="915" count="1" type="stmt"/>
      <line num="918" count="1" type="stmt"/>
      <line num="919" count="1" type="stmt"/>
      <line num="920" count="1" type="stmt"/>
      <line num="921" count="1" type="stmt"/>
      <line num="924" count="1" type="stmt"/>
      <line num="925" count="1" type="cond" truecount="1" falsecount="1"/>
      <line num="926" count="0" type="stmt"/>
      <line num="927" count="1" type="cond" truecount="1" falsecount="1"/>
      <line num="928" count="1" type="stmt"/>
      <line num="929" count="1" type="stmt"/>
      <line num="931" count="1" type="stmt"/>
      <line num="935" count="1" type="stmt"/>
    </file>
  </project>
</coverage>
