<?xml version="1.0" encoding="UTF-8"?>
<coverage generated="1752556862957" clover="3.2.0">
  <project timestamp="1752556862957" name="All files">
    <metrics statements="796" coveredstatements="738" conditionals="304" coveredconditionals="227" methods="141" coveredmethods="124" elements="1241" coveredelements="1089" complexity="0" loc="796" ncloc="796" packages="3" files="3" classes="3"/>
    <package name="3x4">
      <metrics statements="220" coveredstatements="209" conditionals="73" coveredconditionals="61" methods="42" coveredmethods="35"/>
      <file name="3x4.js" path="/home/bencan/projects/calendarBot/calendarbot/web/static/layouts/3x4/3x4.js">
        <metrics statements="220" coveredstatements="209" conditionals="73" coveredconditionals="61" methods="42" coveredmethods="35"/>
        <line num="4" count="1" type="stmt"/>
        <line num="5" count="1" type="stmt"/>
        <line num="6" count="1" type="stmt"/>
        <line num="9" count="1" type="stmt"/>
        <line num="10" count="59" type="stmt"/>
        <line num="14" count="59" type="stmt"/>
        <line num="17" count="59" type="stmt"/>
        <line num="18" count="59" type="stmt"/>
        <line num="19" count="59" type="cond" truecount="2" falsecount="0"/>
        <line num="20" count="3" type="stmt"/>
        <line num="24" count="59" type="stmt"/>
        <line num="27" count="59" type="stmt"/>
        <line num="30" count="59" type="stmt"/>
        <line num="33" count="59" type="stmt"/>
        <line num="35" count="59" type="stmt"/>
        <line num="41" count="59" type="stmt"/>
        <line num="42" count="53" type="stmt"/>
        <line num="43" count="53" type="cond" truecount="1" falsecount="1"/>
        <line num="44" count="53" type="stmt"/>
        <line num="45" count="53" type="cond" truecount="3" falsecount="1"/>
        <line num="46" count="53" type="stmt"/>
        <line num="47" count="53" type="stmt"/>
        <line num="52" count="59" type="stmt"/>
        <line num="57" count="59" type="stmt"/>
        <line num="59" count="252" type="stmt"/>
        <line num="60" count="252" type="cond" truecount="2" falsecount="0"/>
        <line num="61" count="187" type="stmt"/>
        <line num="64" count="252" type="cond" truecount="11" falsecount="0"/>
        <line num="66" count="28" type="stmt"/>
        <line num="67" count="28" type="stmt"/>
        <line num="69" count="29" type="stmt"/>
        <line num="70" count="29" type="stmt"/>
        <line num="72" count="30" type="stmt"/>
        <line num="73" count="30" type="stmt"/>
        <line num="75" count="34" type="stmt"/>
        <line num="76" count="34" type="stmt"/>
        <line num="78" count="35" type="stmt"/>
        <line num="79" count="35" type="stmt"/>
        <line num="82" count="31" type="stmt"/>
        <line num="83" count="31" type="stmt"/>
        <line num="86" count="32" type="stmt"/>
        <line num="87" count="32" type="stmt"/>
        <line num="90" count="33" type="stmt"/>
        <line num="91" count="33" type="stmt"/>
        <line num="99" count="62" type="stmt"/>
        <line num="101" count="62" type="cond" truecount="2" falsecount="0"/>
        <line num="102" count="58" type="stmt"/>
        <line num="103" count="35" type="stmt"/>
        <line num="106" count="58" type="stmt"/>
        <line num="111" count="6" type="cond" truecount="2" falsecount="0"/>
        <line num="112" count="3" type="cond" truecount="1" falsecount="1"/>
        <line num="113" count="3" type="stmt"/>
        <line num="114" count="3" type="stmt"/>
        <line num="116" count="3" type="stmt"/>
        <line num="117" count="3" type="stmt"/>
        <line num="119" count="3" type="stmt"/>
        <line num="120" count="3" type="stmt"/>
        <line num="121" count="3" type="stmt"/>
        <line num="128" count="59" type="stmt"/>
        <line num="129" count="59" type="stmt"/>
        <line num="131" count="59" type="stmt"/>
        <line num="132" count="111" type="stmt"/>
        <line num="135" count="59" type="stmt"/>
        <line num="136" count="189" type="stmt"/>
        <line num="137" count="189" type="stmt"/>
        <line num="141" count="189" type="stmt"/>
        <line num="142" count="189" type="stmt"/>
        <line num="144" count="189" type="cond" truecount="2" falsecount="0"/>
        <line num="145" count="149" type="cond" truecount="2" falsecount="0"/>
        <line num="147" count="36" type="stmt"/>
        <line num="150" count="113" type="stmt"/>
        <line num="156" count="59" type="stmt"/>
        <line num="157" count="59" type="stmt"/>
        <line num="158" count="189" type="stmt"/>
        <line num="159" count="189" type="cond" truecount="2" falsecount="0"/>
        <line num="160" count="150" type="stmt"/>
        <line num="162" count="189" type="stmt"/>
        <line num="168" count="363" type="stmt"/>
        <line num="170" count="363" type="stmt"/>
        <line num="171" count="363" type="stmt"/>
        <line num="173" count="363" type="stmt"/>
        <line num="181" count="361" type="stmt"/>
        <line num="183" count="361" type="cond" truecount="4" falsecount="0"/>
        <line num="185" count="359" type="stmt"/>
        <line num="187" count="2" type="stmt"/>
        <line num="188" count="2" type="stmt"/>
        <line num="192" count="2" type="stmt"/>
        <line num="193" count="2" type="stmt"/>
        <line num="195" count="363" type="stmt"/>
        <line num="201" count="36" type="stmt"/>
        <line num="203" count="36" type="stmt"/>
        <line num="204" count="36" type="stmt"/>
        <line num="212" count="34" type="stmt"/>
        <line num="214" count="34" type="cond" truecount="1" falsecount="1"/>
        <line num="215" count="34" type="stmt"/>
        <line num="218" count="34" type="stmt"/>
        <line num="220" count="34" type="stmt"/>
        <line num="223" count="34" type="stmt"/>
        <line num="225" count="0" type="stmt"/>
        <line num="229" count="2" type="stmt"/>
        <line num="235" count="36" type="stmt"/>
        <line num="237" count="36" type="stmt"/>
        <line num="238" count="36" type="stmt"/>
        <line num="240" count="36" type="stmt"/>
        <line num="248" count="34" type="stmt"/>
        <line num="250" count="34" type="cond" truecount="1" falsecount="1"/>
        <line num="251" count="34" type="stmt"/>
        <line num="254" count="34" type="stmt"/>
        <line num="256" count="0" type="stmt"/>
        <line num="257" count="0" type="stmt"/>
        <line num="261" count="2" type="stmt"/>
        <line num="262" count="2" type="stmt"/>
        <line num="264" count="36" type="stmt"/>
        <line num="269" count="3" type="stmt"/>
        <line num="271" count="3" type="stmt"/>
        <line num="272" count="3" type="stmt"/>
        <line num="274" count="3" type="stmt"/>
        <line num="282" count="1" type="stmt"/>
        <line num="284" count="1" type="cond" truecount="1" falsecount="1"/>
        <line num="285" count="1" type="stmt"/>
        <line num="288" count="1" type="stmt"/>
        <line num="290" count="0" type="stmt"/>
        <line num="291" count="0" type="stmt"/>
        <line num="295" count="2" type="stmt"/>
        <line num="296" count="2" type="stmt"/>
        <line num="298" count="3" type="stmt"/>
        <line num="304" count="34" type="stmt"/>
        <line num="306" count="34" type="stmt"/>
        <line num="307" count="34" type="stmt"/>
        <line num="309" count="34" type="stmt"/>
        <line num="316" count="32" type="stmt"/>
        <line num="318" count="32" type="cond" truecount="3" falsecount="1"/>
        <line num="319" count="32" type="stmt"/>
        <line num="320" count="32" type="stmt"/>
        <line num="322" count="0" type="stmt"/>
        <line num="326" count="2" type="stmt"/>
        <line num="327" count="2" type="stmt"/>
        <line num="329" count="34" type="stmt"/>
        <line num="335" count="38" type="stmt"/>
        <line num="336" count="38" type="stmt"/>
        <line num="343" count="36" type="stmt"/>
        <line num="345" count="36" type="cond" truecount="3" falsecount="1"/>
        <line num="346" count="36" type="stmt"/>
        <line num="347" count="36" type="stmt"/>
        <line num="351" count="2" type="stmt"/>
        <line num="358" count="430" type="stmt"/>
        <line num="359" count="430" type="stmt"/>
        <line num="362" count="430" type="stmt"/>
        <line num="374" count="430" type="stmt"/>
        <line num="375" count="3870" type="stmt"/>
        <line num="376" count="3870" type="stmt"/>
        <line num="378" count="3870" type="cond" truecount="4" falsecount="0"/>
        <line num="379" count="420" type="stmt"/>
        <line num="385" count="430" type="stmt"/>
        <line num="386" count="430" type="stmt"/>
        <line num="388" count="430" type="stmt"/>
        <line num="389" count="429" type="cond" truecount="2" falsecount="0"/>
        <line num="390" count="1" type="stmt"/>
        <line num="395" count="430" type="cond" truecount="2" falsecount="0"/>
        <line num="396" count="1" type="stmt"/>
        <line num="400" count="430" type="stmt"/>
        <line num="406" count="1" type="stmt"/>
        <line num="407" count="1" type="stmt"/>
        <line num="427" count="1" type="stmt"/>
        <line num="435" count="1" type="cond" truecount="1" falsecount="1"/>
        <line num="436" count="1" type="stmt"/>
        <line num="439" count="1" type="stmt"/>
        <line num="440" count="1" type="stmt"/>
        <line num="441" count="0" type="stmt"/>
        <line num="442" count="0" type="stmt"/>
        <line num="448" count="35" type="stmt"/>
        <line num="449" count="35" type="stmt"/>
        <line num="462" count="35" type="stmt"/>
        <line num="464" count="35" type="stmt"/>
        <line num="465" count="35" type="stmt"/>
        <line num="466" count="2" type="stmt"/>
        <line num="467" count="2" type="stmt"/>
        <line num="473" count="439" type="stmt"/>
        <line num="475" count="439" type="cond" truecount="2" falsecount="0"/>
        <line num="476" count="26" type="stmt"/>
        <line num="477" count="26" type="stmt"/>
        <line num="478" count="26" type="stmt"/>
        <line num="490" count="26" type="stmt"/>
        <line num="493" count="439" type="stmt"/>
        <line num="494" count="439" type="stmt"/>
        <line num="498" count="438" type="stmt"/>
        <line num="499" count="438" type="cond" truecount="1" falsecount="1"/>
        <line num="500" count="438" type="stmt"/>
        <line num="506" count="45" type="stmt"/>
        <line num="507" count="45" type="stmt"/>
        <line num="525" count="45" type="stmt"/>
        <line num="526" count="45" type="stmt"/>
        <line num="528" count="45" type="stmt"/>
        <line num="529" count="45" type="stmt"/>
        <line num="530" count="0" type="stmt"/>
        <line num="531" count="0" type="stmt"/>
        <line num="536" count="11" type="stmt"/>
        <line num="540" count="33" type="stmt"/>
        <line num="545" count="5" type="stmt"/>
        <line num="549" count="8" type="stmt"/>
        <line num="553" count="1" type="stmt"/>
        <line num="554" count="1" type="stmt"/>
        <line num="555" count="1" type="stmt"/>
        <line num="556" count="1" type="stmt"/>
        <line num="557" count="1" type="stmt"/>
        <line num="558" count="1" type="stmt"/>
        <line num="559" count="1" type="stmt"/>
        <line num="560" count="1" type="stmt"/>
        <line num="561" count="1" type="stmt"/>
        <line num="564" count="1" type="stmt"/>
        <line num="565" count="1" type="stmt"/>
        <line num="566" count="1" type="stmt"/>
        <line num="567" count="1" type="stmt"/>
        <line num="568" count="1" type="stmt"/>
        <line num="571" count="1" type="stmt"/>
        <line num="574" count="1" type="stmt"/>
        <line num="575" count="1" type="stmt"/>
        <line num="578" count="1" type="stmt"/>
        <line num="587" count="0" type="stmt"/>
        <line num="590" count="1" type="stmt"/>
      </file>
    </package>
    <package name="4x8">
      <metrics statements="220" coveredstatements="209" conditionals="73" coveredconditionals="61" methods="42" coveredmethods="35"/>
      <file name="4x8.js" path="/home/bencan/projects/calendarBot/calendarbot/web/static/layouts/4x8/4x8.js">
        <metrics statements="220" coveredstatements="209" conditionals="73" coveredconditionals="61" methods="42" coveredmethods="35"/>
        <line num="4" count="1" type="stmt"/>
        <line num="5" count="1" type="stmt"/>
        <line num="6" count="1" type="stmt"/>
        <line num="9" count="1" type="stmt"/>
        <line num="10" count="59" type="stmt"/>
        <line num="14" count="59" type="stmt"/>
        <line num="17" count="59" type="stmt"/>
        <line num="18" count="59" type="stmt"/>
        <line num="19" count="59" type="cond" truecount="2" falsecount="0"/>
        <line num="20" count="3" type="stmt"/>
        <line num="24" count="59" type="stmt"/>
        <line num="27" count="59" type="stmt"/>
        <line num="30" count="59" type="stmt"/>
        <line num="33" count="59" type="stmt"/>
        <line num="35" count="59" type="stmt"/>
        <line num="41" count="59" type="stmt"/>
        <line num="42" count="53" type="stmt"/>
        <line num="43" count="53" type="cond" truecount="1" falsecount="1"/>
        <line num="44" count="53" type="stmt"/>
        <line num="45" count="53" type="cond" truecount="3" falsecount="1"/>
        <line num="46" count="53" type="stmt"/>
        <line num="47" count="53" type="stmt"/>
        <line num="52" count="59" type="stmt"/>
        <line num="57" count="59" type="stmt"/>
        <line num="59" count="252" type="stmt"/>
        <line num="60" count="252" type="cond" truecount="2" falsecount="0"/>
        <line num="61" count="187" type="stmt"/>
        <line num="64" count="252" type="cond" truecount="11" falsecount="0"/>
        <line num="66" count="28" type="stmt"/>
        <line num="67" count="28" type="stmt"/>
        <line num="69" count="29" type="stmt"/>
        <line num="70" count="29" type="stmt"/>
        <line num="72" count="30" type="stmt"/>
        <line num="73" count="30" type="stmt"/>
        <line num="75" count="34" type="stmt"/>
        <line num="76" count="34" type="stmt"/>
        <line num="78" count="35" type="stmt"/>
        <line num="79" count="35" type="stmt"/>
        <line num="82" count="31" type="stmt"/>
        <line num="83" count="31" type="stmt"/>
        <line num="86" count="32" type="stmt"/>
        <line num="87" count="32" type="stmt"/>
        <line num="90" count="33" type="stmt"/>
        <line num="91" count="33" type="stmt"/>
        <line num="99" count="62" type="stmt"/>
        <line num="101" count="62" type="cond" truecount="2" falsecount="0"/>
        <line num="102" count="58" type="stmt"/>
        <line num="103" count="35" type="stmt"/>
        <line num="106" count="58" type="stmt"/>
        <line num="111" count="6" type="cond" truecount="2" falsecount="0"/>
        <line num="112" count="3" type="cond" truecount="1" falsecount="1"/>
        <line num="113" count="3" type="stmt"/>
        <line num="114" count="3" type="stmt"/>
        <line num="116" count="3" type="stmt"/>
        <line num="117" count="3" type="stmt"/>
        <line num="119" count="3" type="stmt"/>
        <line num="120" count="3" type="stmt"/>
        <line num="121" count="3" type="stmt"/>
        <line num="128" count="59" type="stmt"/>
        <line num="129" count="59" type="stmt"/>
        <line num="131" count="59" type="stmt"/>
        <line num="132" count="111" type="stmt"/>
        <line num="135" count="59" type="stmt"/>
        <line num="136" count="189" type="stmt"/>
        <line num="137" count="189" type="stmt"/>
        <line num="141" count="189" type="stmt"/>
        <line num="142" count="189" type="stmt"/>
        <line num="144" count="189" type="cond" truecount="2" falsecount="0"/>
        <line num="145" count="149" type="cond" truecount="2" falsecount="0"/>
        <line num="147" count="36" type="stmt"/>
        <line num="150" count="113" type="stmt"/>
        <line num="156" count="59" type="stmt"/>
        <line num="157" count="59" type="stmt"/>
        <line num="158" count="189" type="stmt"/>
        <line num="159" count="189" type="cond" truecount="2" falsecount="0"/>
        <line num="160" count="150" type="stmt"/>
        <line num="162" count="189" type="stmt"/>
        <line num="168" count="363" type="stmt"/>
        <line num="170" count="363" type="stmt"/>
        <line num="171" count="363" type="stmt"/>
        <line num="173" count="363" type="stmt"/>
        <line num="181" count="361" type="stmt"/>
        <line num="183" count="361" type="cond" truecount="4" falsecount="0"/>
        <line num="185" count="359" type="stmt"/>
        <line num="187" count="2" type="stmt"/>
        <line num="188" count="2" type="stmt"/>
        <line num="192" count="2" type="stmt"/>
        <line num="193" count="2" type="stmt"/>
        <line num="195" count="363" type="stmt"/>
        <line num="201" count="36" type="stmt"/>
        <line num="203" count="36" type="stmt"/>
        <line num="204" count="36" type="stmt"/>
        <line num="212" count="34" type="stmt"/>
        <line num="214" count="34" type="cond" truecount="1" falsecount="1"/>
        <line num="215" count="34" type="stmt"/>
        <line num="218" count="34" type="stmt"/>
        <line num="220" count="34" type="stmt"/>
        <line num="223" count="34" type="stmt"/>
        <line num="225" count="0" type="stmt"/>
        <line num="229" count="2" type="stmt"/>
        <line num="235" count="36" type="stmt"/>
        <line num="237" count="36" type="stmt"/>
        <line num="238" count="36" type="stmt"/>
        <line num="240" count="36" type="stmt"/>
        <line num="248" count="34" type="stmt"/>
        <line num="250" count="34" type="cond" truecount="1" falsecount="1"/>
        <line num="251" count="34" type="stmt"/>
        <line num="254" count="34" type="stmt"/>
        <line num="256" count="0" type="stmt"/>
        <line num="257" count="0" type="stmt"/>
        <line num="261" count="2" type="stmt"/>
        <line num="262" count="2" type="stmt"/>
        <line num="264" count="36" type="stmt"/>
        <line num="269" count="3" type="stmt"/>
        <line num="271" count="3" type="stmt"/>
        <line num="272" count="3" type="stmt"/>
        <line num="274" count="3" type="stmt"/>
        <line num="282" count="1" type="stmt"/>
        <line num="284" count="1" type="cond" truecount="1" falsecount="1"/>
        <line num="285" count="1" type="stmt"/>
        <line num="288" count="1" type="stmt"/>
        <line num="290" count="0" type="stmt"/>
        <line num="291" count="0" type="stmt"/>
        <line num="295" count="2" type="stmt"/>
        <line num="296" count="2" type="stmt"/>
        <line num="298" count="3" type="stmt"/>
        <line num="304" count="34" type="stmt"/>
        <line num="306" count="34" type="stmt"/>
        <line num="307" count="34" type="stmt"/>
        <line num="309" count="34" type="stmt"/>
        <line num="316" count="32" type="stmt"/>
        <line num="318" count="32" type="cond" truecount="3" falsecount="1"/>
        <line num="319" count="32" type="stmt"/>
        <line num="320" count="32" type="stmt"/>
        <line num="322" count="0" type="stmt"/>
        <line num="326" count="2" type="stmt"/>
        <line num="327" count="2" type="stmt"/>
        <line num="329" count="34" type="stmt"/>
        <line num="335" count="38" type="stmt"/>
        <line num="336" count="38" type="stmt"/>
        <line num="343" count="36" type="stmt"/>
        <line num="345" count="36" type="cond" truecount="3" falsecount="1"/>
        <line num="346" count="36" type="stmt"/>
        <line num="347" count="36" type="stmt"/>
        <line num="351" count="2" type="stmt"/>
        <line num="358" count="430" type="stmt"/>
        <line num="359" count="430" type="stmt"/>
        <line num="362" count="430" type="stmt"/>
        <line num="374" count="430" type="stmt"/>
        <line num="375" count="3870" type="stmt"/>
        <line num="376" count="3870" type="stmt"/>
        <line num="378" count="3870" type="cond" truecount="4" falsecount="0"/>
        <line num="379" count="420" type="stmt"/>
        <line num="385" count="430" type="stmt"/>
        <line num="386" count="430" type="stmt"/>
        <line num="388" count="430" type="stmt"/>
        <line num="389" count="429" type="cond" truecount="2" falsecount="0"/>
        <line num="390" count="1" type="stmt"/>
        <line num="395" count="430" type="cond" truecount="2" falsecount="0"/>
        <line num="396" count="1" type="stmt"/>
        <line num="400" count="430" type="stmt"/>
        <line num="406" count="1" type="stmt"/>
        <line num="407" count="1" type="stmt"/>
        <line num="427" count="1" type="stmt"/>
        <line num="435" count="1" type="cond" truecount="1" falsecount="1"/>
        <line num="436" count="1" type="stmt"/>
        <line num="439" count="1" type="stmt"/>
        <line num="440" count="1" type="stmt"/>
        <line num="441" count="0" type="stmt"/>
        <line num="442" count="0" type="stmt"/>
        <line num="448" count="35" type="stmt"/>
        <line num="449" count="35" type="stmt"/>
        <line num="462" count="35" type="stmt"/>
        <line num="464" count="35" type="stmt"/>
        <line num="465" count="35" type="stmt"/>
        <line num="466" count="2" type="stmt"/>
        <line num="467" count="2" type="stmt"/>
        <line num="473" count="439" type="stmt"/>
        <line num="475" count="439" type="cond" truecount="2" falsecount="0"/>
        <line num="476" count="26" type="stmt"/>
        <line num="477" count="26" type="stmt"/>
        <line num="478" count="26" type="stmt"/>
        <line num="490" count="26" type="stmt"/>
        <line num="493" count="439" type="stmt"/>
        <line num="494" count="439" type="stmt"/>
        <line num="498" count="438" type="stmt"/>
        <line num="499" count="438" type="cond" truecount="1" falsecount="1"/>
        <line num="500" count="438" type="stmt"/>
        <line num="506" count="45" type="stmt"/>
        <line num="507" count="45" type="stmt"/>
        <line num="525" count="45" type="stmt"/>
        <line num="526" count="45" type="stmt"/>
        <line num="528" count="45" type="stmt"/>
        <line num="529" count="45" type="stmt"/>
        <line num="530" count="0" type="stmt"/>
        <line num="531" count="0" type="stmt"/>
        <line num="536" count="11" type="stmt"/>
        <line num="540" count="33" type="stmt"/>
        <line num="545" count="5" type="stmt"/>
        <line num="549" count="8" type="stmt"/>
        <line num="553" count="1" type="stmt"/>
        <line num="554" count="1" type="stmt"/>
        <line num="555" count="1" type="stmt"/>
        <line num="556" count="1" type="stmt"/>
        <line num="557" count="1" type="stmt"/>
        <line num="558" count="1" type="stmt"/>
        <line num="559" count="1" type="stmt"/>
        <line num="560" count="1" type="stmt"/>
        <line num="561" count="1" type="stmt"/>
        <line num="564" count="1" type="stmt"/>
        <line num="565" count="1" type="stmt"/>
        <line num="566" count="1" type="stmt"/>
        <line num="567" count="1" type="stmt"/>
        <line num="568" count="1" type="stmt"/>
        <line num="571" count="1" type="stmt"/>
        <line num="574" count="1" type="stmt"/>
        <line num="575" count="1" type="stmt"/>
        <line num="578" count="1" type="stmt"/>
        <line num="587" count="0" type="stmt"/>
        <line num="590" count="1" type="stmt"/>
      </file>
    </package>
    <package name="whats-next-view">
      <metrics statements="356" coveredstatements="320" conditionals="158" coveredconditionals="105" methods="57" coveredmethods="54"/>
      <file name="whats-next-view.js" path="/home/bencan/projects/calendarBot/calendarbot/web/static/layouts/whats-next-view/whats-next-view.js">
        <metrics statements="356" coveredstatements="320" conditionals="158" coveredconditionals="105" methods="57" coveredmethods="54"/>
        <line num="4" count="2" type="stmt"/>
        <line num="5" count="2" type="stmt"/>
        <line num="6" count="2" type="stmt"/>
        <line num="7" count="2" type="stmt"/>
        <line num="8" count="2" type="stmt"/>
        <line num="9" count="2" type="stmt"/>
        <line num="10" count="2" type="stmt"/>
        <line num="13" count="2" type="stmt"/>
        <line num="14" count="66" type="stmt"/>
        <line num="22" count="66" type="stmt"/>
        <line num="25" count="66" type="stmt"/>
        <line num="26" count="66" type="stmt"/>
        <line num="27" count="66" type="cond" truecount="1" falsecount="1"/>
        <line num="28" count="0" type="stmt"/>
        <line num="32" count="66" type="stmt"/>
        <line num="33" count="66" type="stmt"/>
        <line num="34" count="66" type="stmt"/>
        <line num="35" count="66" type="stmt"/>
        <line num="38" count="66" type="stmt"/>
        <line num="39" count="66" type="stmt"/>
        <line num="40" count="66" type="stmt"/>
        <line num="43" count="66" type="stmt"/>
        <line num="45" count="66" type="stmt"/>
        <line num="52" count="66" type="stmt"/>
        <line num="53" count="48" type="stmt"/>
        <line num="54" count="48" type="cond" truecount="1" falsecount="1"/>
        <line num="55" count="48" type="stmt"/>
        <line num="56" count="48" type="stmt"/>
        <line num="58" count="48" type="cond" truecount="3" falsecount="1"/>
        <line num="60" count="15" type="stmt"/>
        <line num="61" count="15" type="stmt"/>
        <line num="63" count="16" type="stmt"/>
        <line num="64" count="16" type="stmt"/>
        <line num="66" count="17" type="stmt"/>
        <line num="67" count="17" type="stmt"/>
        <line num="69" count="0" type="cond" truecount="0" falsecount="4"/>
        <line num="70" count="0" type="stmt"/>
        <line num="76" count="66" type="stmt"/>
        <line num="83" count="66" type="stmt"/>
        <line num="84" count="78" type="stmt"/>
        <line num="85" count="78" type="cond" truecount="1" falsecount="1"/>
        <line num="86" count="78" type="stmt"/>
        <line num="89" count="78" type="cond" truecount="7" falsecount="0"/>
        <line num="92" count="18" type="stmt"/>
        <line num="93" count="18" type="stmt"/>
        <line num="96" count="19" type="stmt"/>
        <line num="97" count="19" type="stmt"/>
        <line num="100" count="20" type="stmt"/>
        <line num="101" count="20" type="stmt"/>
        <line num="103" count="21" type="stmt"/>
        <line num="104" count="21" type="stmt"/>
        <line num="113" count="66" type="stmt"/>
        <line num="115" count="66" type="cond" truecount="2" falsecount="0"/>
        <line num="116" count="61" type="stmt"/>
        <line num="117" count="23" type="stmt"/>
        <line num="120" count="61" type="stmt"/>
        <line num="129" count="66" type="stmt"/>
        <line num="130" count="66" type="stmt"/>
        <line num="132" count="66" type="stmt"/>
        <line num="133" count="23" type="stmt"/>
        <line num="136" count="66" type="stmt"/>
        <line num="137" count="23" type="stmt"/>
        <line num="138" count="23" type="stmt"/>
        <line num="142" count="23" type="stmt"/>
        <line num="143" count="23" type="stmt"/>
        <line num="145" count="23" type="cond" truecount="1" falsecount="1"/>
        <line num="146" count="23" type="cond" truecount="1" falsecount="1"/>
        <line num="148" count="23" type="stmt"/>
        <line num="151" count="0" type="stmt"/>
        <line num="157" count="66" type="stmt"/>
        <line num="158" count="66" type="stmt"/>
        <line num="159" count="23" type="stmt"/>
        <line num="160" count="23" type="cond" truecount="1" falsecount="1"/>
        <line num="161" count="0" type="stmt"/>
        <line num="163" count="23" type="stmt"/>
        <line num="172" count="66" type="cond" truecount="2" falsecount="0"/>
        <line num="173" count="64" type="stmt"/>
        <line num="176" count="66" type="stmt"/>
        <line num="177" count="8" type="stmt"/>
        <line num="178" count="8" type="stmt"/>
        <line num="181" count="66" type="stmt"/>
        <line num="189" count="66" type="stmt"/>
        <line num="197" count="237" type="stmt"/>
        <line num="198" count="237" type="stmt"/>
        <line num="199" count="237" type="stmt"/>
        <line num="200" count="237" type="stmt"/>
        <line num="201" count="237" type="stmt"/>
        <line num="202" count="237" type="stmt"/>
        <line num="205" count="237" type="stmt"/>
        <line num="206" count="237" type="stmt"/>
        <line num="207" count="188" type="stmt"/>
        <line num="208" count="188" type="stmt"/>
        <line num="209" count="188" type="stmt"/>
        <line num="212" count="237" type="stmt"/>
        <line num="219" count="154" type="stmt"/>
        <line num="220" count="154" type="stmt"/>
        <line num="222" count="154" type="stmt"/>
        <line num="229" count="150" type="stmt"/>
        <line num="231" count="148" type="cond" truecount="4" falsecount="0"/>
        <line num="233" count="147" type="stmt"/>
        <line num="234" count="147" type="stmt"/>
        <line num="235" count="147" type="stmt"/>
        <line num="236" count="147" type="stmt"/>
        <line num="237" count="147" type="stmt"/>
        <line num="239" count="1" type="stmt"/>
        <line num="243" count="6" type="stmt"/>
        <line num="244" count="6" type="stmt"/>
        <line num="246" count="154" type="stmt"/>
        <line num="255" count="171" type="stmt"/>
        <line num="256" count="171" type="stmt"/>
        <line num="257" count="171" type="stmt"/>
        <line num="261" count="171" type="stmt"/>
        <line num="262" count="171" type="stmt"/>
        <line num="264" count="171" type="stmt"/>
        <line num="267" count="171" type="stmt"/>
        <line num="268" count="165" type="stmt"/>
        <line num="269" count="165" type="cond" truecount="2" falsecount="0"/>
        <line num="270" count="162" type="stmt"/>
        <line num="275" count="171" type="stmt"/>
        <line num="276" count="8" type="stmt"/>
        <line num="277" count="8" type="cond" truecount="1" falsecount="1"/>
        <line num="278" count="8" type="stmt"/>
        <line num="283" count="171" type="stmt"/>
        <line num="285" count="171" type="stmt"/>
        <line num="288" count="0" type="stmt"/>
        <line num="298" count="173" type="stmt"/>
        <line num="299" count="173" type="stmt"/>
        <line num="300" count="173" type="stmt"/>
        <line num="301" count="173" type="stmt"/>
        <line num="303" count="173" type="cond" truecount="4" falsecount="0"/>
        <line num="304" count="3" type="stmt"/>
        <line num="307" count="170" type="stmt"/>
        <line num="308" count="170" type="stmt"/>
        <line num="311" count="170" type="stmt"/>
        <line num="312" count="170" type="cond" truecount="1" falsecount="1"/>
        <line num="313" count="0" type="stmt"/>
        <line num="316" count="170" type="stmt"/>
        <line num="317" count="170" type="stmt"/>
        <line num="318" count="170" type="stmt"/>
        <line num="320" count="170" type="stmt"/>
        <line num="330" count="0" type="stmt"/>
        <line num="331" count="0" type="stmt"/>
        <line num="342" count="340" type="stmt"/>
        <line num="343" count="340" type="stmt"/>
        <line num="346" count="340" type="stmt"/>
        <line num="347" count="340" type="cond" truecount="1" falsecount="1"/>
        <line num="348" count="340" type="stmt"/>
        <line num="349" count="340" type="stmt"/>
        <line num="350" count="340" type="cond" truecount="1" falsecount="1"/>
        <line num="352" count="340" type="cond" truecount="4" falsecount="0"/>
        <line num="353" count="316" type="stmt"/>
        <line num="354" count="24" type="cond" truecount="4" falsecount="0"/>
        <line num="355" count="4" type="stmt"/>
        <line num="358" count="340" type="stmt"/>
        <line num="361" count="340" type="stmt"/>
        <line num="362" count="340" type="cond" truecount="1" falsecount="1"/>
        <line num="363" count="340" type="stmt"/>
        <line num="367" count="340" type="stmt"/>
        <line num="374" count="174" type="stmt"/>
        <line num="375" count="174" type="stmt"/>
        <line num="378" count="174" type="stmt"/>
        <line num="379" count="165" type="stmt"/>
        <line num="380" count="165" type="stmt"/>
        <line num="383" count="165" type="cond" truecount="2" falsecount="2"/>
        <line num="384" count="0" type="stmt"/>
        <line num="385" count="0" type="stmt"/>
        <line num="389" count="165" type="cond" truecount="1" falsecount="1"/>
        <line num="390" count="165" type="stmt"/>
        <line num="391" count="165" type="stmt"/>
        <line num="395" count="174" type="cond" truecount="2" falsecount="0"/>
        <line num="396" count="174" type="stmt"/>
        <line num="403" count="160" type="stmt"/>
        <line num="404" count="160" type="stmt"/>
        <line num="405" count="160" type="stmt"/>
        <line num="407" count="160" type="cond" truecount="4" falsecount="0"/>
        <line num="408" count="10" type="stmt"/>
        <line num="411" count="150" type="stmt"/>
        <line num="412" count="150" type="stmt"/>
        <line num="413" count="150" type="stmt"/>
        <line num="419" count="150" type="cond" truecount="2" falsecount="2"/>
        <line num="421" count="0" type="stmt"/>
        <line num="422" count="0" type="stmt"/>
        <line num="423" count="150" type="cond" truecount="1" falsecount="1"/>
        <line num="425" count="150" type="stmt"/>
        <line num="426" count="150" type="stmt"/>
        <line num="429" count="0" type="stmt"/>
        <line num="430" count="0" type="stmt"/>
        <line num="433" count="150" type="cond" truecount="1" falsecount="1"/>
        <line num="434" count="0" type="stmt"/>
        <line num="435" count="0" type="stmt"/>
        <line num="439" count="150" type="stmt"/>
        <line num="440" count="150" type="stmt"/>
        <line num="446" count="150" type="cond" truecount="1" falsecount="1"/>
        <line num="447" count="150" type="stmt"/>
        <line num="448" count="150" type="cond" truecount="2" falsecount="0"/>
        <line num="450" count="0" type="stmt"/>
        <line num="451" count="0" type="cond" truecount="0" falsecount="2"/>
        <line num="455" count="150" type="stmt"/>
        <line num="456" count="150" type="cond" truecount="1" falsecount="1"/>
        <line num="457" count="150" type="cond" truecount="1" falsecount="1"/>
        <line num="460" count="150" type="cond" truecount="1" falsecount="1"/>
        <line num="461" count="0" type="stmt"/>
        <line num="463" count="150" type="stmt"/>
        <line num="467" count="150" type="cond" truecount="4" falsecount="1"/>
        <line num="468" count="0" type="cond" truecount="0" falsecount="2"/>
        <line num="476" count="179" type="stmt"/>
        <line num="477" count="179" type="cond" truecount="2" falsecount="0"/>
        <line num="479" count="178" type="cond" truecount="2" falsecount="0"/>
        <line num="480" count="10" type="stmt"/>
        <line num="481" count="10" type="stmt"/>
        <line num="485" count="168" type="stmt"/>
        <line num="487" count="168" type="stmt"/>
        <line num="504" count="8" type="stmt"/>
        <line num="516" count="168" type="stmt"/>
        <line num="517" count="168" type="stmt"/>
        <line num="524" count="8" type="cond" truecount="1" falsecount="1"/>
        <line num="526" count="8" type="stmt"/>
        <line num="527" count="8" type="stmt"/>
        <line num="530" count="8" type="cond" truecount="1" falsecount="1"/>
        <line num="531" count="0" type="stmt"/>
        <line num="532" count="0" type="stmt"/>
        <line num="533" count="0" type="stmt"/>
        <line num="544" count="177" type="stmt"/>
        <line num="545" count="177" type="stmt"/>
        <line num="546" count="177" type="stmt"/>
        <line num="548" count="177" type="stmt"/>
        <line num="554" count="177" type="stmt"/>
        <line num="555" count="177" type="stmt"/>
        <line num="557" count="177" type="stmt"/>
        <line num="559" count="0" type="stmt"/>
        <line num="567" count="10" type="stmt"/>
        <line num="568" count="10" type="cond" truecount="1" falsecount="1"/>
        <line num="570" count="10" type="stmt"/>
        <line num="584" count="7" type="stmt"/>
        <line num="585" count="7" type="cond" truecount="1" falsecount="1"/>
        <line num="587" count="7" type="stmt"/>
        <line num="602" count="189" type="cond" truecount="1" falsecount="1"/>
        <line num="603" count="189" type="cond" truecount="1" falsecount="1"/>
        <line num="604" count="189" type="cond" truecount="1" falsecount="1"/>
        <line num="612" count="1" type="stmt"/>
        <line num="613" count="1" type="cond" truecount="1" falsecount="1"/>
        <line num="614" count="1" type="stmt"/>
        <line num="624" count="188" type="stmt"/>
        <line num="641" count="3" type="stmt"/>
        <line num="643" count="3" type="stmt"/>
        <line num="644" count="3" type="stmt"/>
        <line num="646" count="3" type="stmt"/>
        <line num="654" count="1" type="stmt"/>
        <line num="656" count="1" type="cond" truecount="3" falsecount="1"/>
        <line num="657" count="1" type="stmt"/>
        <line num="658" count="1" type="stmt"/>
        <line num="659" count="1" type="stmt"/>
        <line num="661" count="0" type="stmt"/>
        <line num="662" count="0" type="stmt"/>
        <line num="666" count="2" type="stmt"/>
        <line num="667" count="2" type="stmt"/>
        <line num="669" count="3" type="stmt"/>
        <line num="677" count="38" type="stmt"/>
        <line num="679" count="38" type="stmt"/>
        <line num="680" count="38" type="stmt"/>
        <line num="688" count="36" type="stmt"/>
        <line num="690" count="36" type="cond" truecount="1" falsecount="1"/>
        <line num="691" count="36" type="stmt"/>
        <line num="692" count="36" type="stmt"/>
        <line num="693" count="36" type="stmt"/>
        <line num="695" count="0" type="stmt"/>
        <line num="699" count="2" type="stmt"/>
        <line num="707" count="40" type="stmt"/>
        <line num="709" count="40" type="stmt"/>
        <line num="710" count="40" type="stmt"/>
        <line num="712" count="40" type="stmt"/>
        <line num="720" count="38" type="stmt"/>
        <line num="722" count="38" type="cond" truecount="1" falsecount="1"/>
        <line num="723" count="38" type="stmt"/>
        <line num="724" count="38" type="stmt"/>
        <line num="726" count="0" type="stmt"/>
        <line num="727" count="0" type="stmt"/>
        <line num="731" count="2" type="stmt"/>
        <line num="732" count="2" type="stmt"/>
        <line num="734" count="40" type="stmt"/>
        <line num="742" count="80" type="stmt"/>
        <line num="743" count="80" type="stmt"/>
        <line num="744" count="80" type="stmt"/>
        <line num="751" count="23" type="stmt"/>
        <line num="752" count="23" type="stmt"/>
        <line num="759" count="23" type="stmt"/>
        <line num="761" count="23" type="cond" truecount="3" falsecount="1"/>
        <line num="762" count="23" type="stmt"/>
        <line num="763" count="23" type="stmt"/>
        <line num="764" count="23" type="stmt"/>
        <line num="765" count="23" type="stmt"/>
        <line num="769" count="0" type="stmt"/>
        <line num="777" count="171" type="stmt"/>
        <line num="778" count="171" type="stmt"/>
        <line num="781" count="171" type="stmt"/>
        <line num="786" count="171" type="stmt"/>
        <line num="787" count="342" type="stmt"/>
        <line num="788" count="342" type="stmt"/>
        <line num="790" count="342" type="cond" truecount="2" falsecount="2"/>
        <line num="791" count="0" type="stmt"/>
        <line num="796" count="171" type="cond" truecount="1" falsecount="1"/>
        <line num="797" count="0" type="stmt"/>
        <line num="801" count="171" type="stmt"/>
        <line num="813" count="199" type="stmt"/>
        <line num="815" count="199" type="cond" truecount="2" falsecount="0"/>
        <line num="816" count="47" type="stmt"/>
        <line num="817" count="47" type="stmt"/>
        <line num="818" count="47" type="stmt"/>
        <line num="830" count="47" type="stmt"/>
        <line num="833" count="199" type="stmt"/>
        <line num="834" count="199" type="stmt"/>
        <line num="841" count="198" type="stmt"/>
        <line num="842" count="198" type="cond" truecount="1" falsecount="1"/>
        <line num="843" count="198" type="stmt"/>
        <line num="851" count="86" type="stmt"/>
        <line num="852" count="86" type="stmt"/>
        <line num="870" count="86" type="stmt"/>
        <line num="871" count="86" type="stmt"/>
        <line num="873" count="86" type="stmt"/>
        <line num="874" count="86" type="stmt"/>
        <line num="875" count="0" type="stmt"/>
        <line num="876" count="0" type="stmt"/>
        <line num="881" count="5" type="stmt"/>
        <line num="885" count="81" type="stmt"/>
        <line num="894" count="2" type="stmt"/>
        <line num="895" count="2" type="stmt"/>
        <line num="896" count="2" type="stmt"/>
        <line num="897" count="2" type="stmt"/>
        <line num="898" count="2" type="stmt"/>
        <line num="899" count="2" type="stmt"/>
        <line num="902" count="2" type="stmt"/>
        <line num="903" count="2" type="stmt"/>
        <line num="904" count="2" type="stmt"/>
        <line num="907" count="2" type="stmt"/>
        <line num="908" count="2" type="stmt"/>
        <line num="909" count="2" type="stmt"/>
        <line num="910" count="2" type="stmt"/>
        <line num="911" count="2" type="stmt"/>
        <line num="914" count="2" type="stmt"/>
        <line num="915" count="2" type="stmt"/>
        <line num="916" count="2" type="stmt"/>
        <line num="919" count="2" type="stmt"/>
        <line num="920" count="2" type="stmt"/>
        <line num="921" count="2" type="stmt"/>
        <line num="924" count="2" type="stmt"/>
        <line num="925" count="7" type="stmt"/>
        <line num="926" count="4" type="stmt"/>
        <line num="927" count="1" type="stmt"/>
        <line num="930" count="1" type="stmt"/>
        <line num="931" count="1" type="cond" truecount="1" falsecount="1"/>
        <line num="932" count="0" type="stmt"/>
        <line num="933" count="1" type="cond" truecount="1" falsecount="1"/>
        <line num="934" count="1" type="stmt"/>
        <line num="935" count="1" type="stmt"/>
        <line num="937" count="1" type="stmt"/>
        <line num="941" count="2" type="stmt"/>
      </file>
    </package>
  </project>
</coverage>
