{"/home/bencan/projects/calendarBot/calendarbot/web/static/layouts/3x4/3x4.js": {"path":"/home/bencan/projects/calendarBot/calendarbot/web/static/layouts/3x4/3x4.js","statementMap":{"0":{"start":{"line":4,"column":19},"end":{"line":4,"column":25}},"1":{"start":{"line":5,"column":26},"end":{"line":5,"column":30}},"2":{"start":{"line":6,"column":25},"end":{"line":6,"column":29}},"3":{"start":{"line":9,"column":0},"end":{"line":11,"column":3}},"4":{"start":{"line":10,"column":4},"end":{"line":10,"column":20}},"5":{"start":{"line":14,"column":4},"end":{"line":14,"column":53}},"6":{"start":{"line":17,"column":24},"end":{"line":17,"column":48}},"7":{"start":{"line":18,"column":25},"end":{"line":18,"column":67}},"8":{"start":{"line":19,"column":4},"end":{"line":21,"column":5}},"9":{"start":{"line":20,"column":8},"end":{"line":20,"column":39}},"10":{"start":{"line":24,"column":4},"end":{"line":24,"column":29}},"11":{"start":{"line":27,"column":4},"end":{"line":27,"column":30}},"12":{"start":{"line":30,"column":4},"end":{"line":30,"column":23}},"13":{"start":{"line":33,"column":4},"end":{"line":33,"column":30}},"14":{"start":{"line":35,"column":4},"end":{"line":35,"column":59}},"15":{"start":{"line":41,"column":4},"end":{"line":50,"column":7}},"16":{"start":{"line":42,"column":24},"end":{"line":42,"column":61}},"17":{"start":{"line":43,"column":8},"end":{"line":49,"column":9}},"18":{"start":{"line":44,"column":27},"end":{"line":44,"column":62}},"19":{"start":{"line":45,"column":12},"end":{"line":48,"column":13}},"20":{"start":{"line":46,"column":16},"end":{"line":46,"column":39}},"21":{"start":{"line":47,"column":16},"end":{"line":47,"column":33}},"22":{"start":{"line":52,"column":4},"end":{"line":52,"column":61}},"23":{"start":{"line":57,"column":4},"end":{"line":93,"column":7}},"24":{"start":{"line":59,"column":31},"end":{"line":59,"column":88}},"25":{"start":{"line":60,"column":8},"end":{"line":62,"column":9}},"26":{"start":{"line":61,"column":12},"end":{"line":61,"column":35}},"27":{"start":{"line":64,"column":8},"end":{"line":92,"column":9}},"28":{"start":{"line":66,"column":16},"end":{"line":66,"column":33}},"29":{"start":{"line":67,"column":16},"end":{"line":67,"column":22}},"30":{"start":{"line":69,"column":16},"end":{"line":69,"column":33}},"31":{"start":{"line":70,"column":16},"end":{"line":70,"column":22}},"32":{"start":{"line":72,"column":16},"end":{"line":72,"column":34}},"33":{"start":{"line":73,"column":16},"end":{"line":73,"column":22}},"34":{"start":{"line":75,"column":16},"end":{"line":75,"column":39}},"35":{"start":{"line":76,"column":16},"end":{"line":76,"column":22}},"36":{"start":{"line":78,"column":16},"end":{"line":78,"column":37}},"37":{"start":{"line":79,"column":16},"end":{"line":79,"column":22}},"38":{"start":{"line":82,"column":16},"end":{"line":82,"column":26}},"39":{"start":{"line":83,"column":16},"end":{"line":83,"column":22}},"40":{"start":{"line":86,"column":16},"end":{"line":86,"column":30}},"41":{"start":{"line":87,"column":16},"end":{"line":87,"column":22}},"42":{"start":{"line":90,"column":16},"end":{"line":90,"column":30}},"43":{"start":{"line":91,"column":16},"end":{"line":91,"column":22}},"44":{"start":{"line":99,"column":28},"end":{"line":99,"column":33}},"45":{"start":{"line":101,"column":4},"end":{"line":107,"column":5}},"46":{"start":{"line":102,"column":8},"end":{"line":104,"column":28}},"47":{"start":{"line":103,"column":12},"end":{"line":103,"column":28}},"48":{"start":{"line":106,"column":8},"end":{"line":106,"column":79}},"49":{"start":{"line":111,"column":4},"end":{"line":122,"column":5}},"50":{"start":{"line":112,"column":8},"end":{"line":115,"column":9}},"51":{"start":{"line":113,"column":12},"end":{"line":113,"column":47}},"52":{"start":{"line":114,"column":12},"end":{"line":114,"column":39}},"53":{"start":{"line":116,"column":8},"end":{"line":116,"column":35}},"54":{"start":{"line":117,"column":8},"end":{"line":117,"column":45}},"55":{"start":{"line":119,"column":8},"end":{"line":119,"column":27}},"56":{"start":{"line":120,"column":8},"end":{"line":120,"column":34}},"57":{"start":{"line":121,"column":8},"end":{"line":121,"column":44}},"58":{"start":{"line":128,"column":22},"end":{"line":128,"column":23}},"59":{"start":{"line":129,"column":20},"end":{"line":129,"column":21}},"60":{"start":{"line":131,"column":4},"end":{"line":133,"column":7}},"61":{"start":{"line":132,"column":8},"end":{"line":132,"column":54}},"62":{"start":{"line":135,"column":4},"end":{"line":138,"column":7}},"63":{"start":{"line":136,"column":8},"end":{"line":136,"column":52}},"64":{"start":{"line":137,"column":8},"end":{"line":137,"column":22}},"65":{"start":{"line":141,"column":31},"end":{"line":141,"column":33}},"66":{"start":{"line":142,"column":30},"end":{"line":142,"column":53}},"67":{"start":{"line":144,"column":8},"end":{"line":152,"column":9}},"68":{"start":{"line":145,"column":12},"end":{"line":151,"column":13}},"69":{"start":{"line":147,"column":16},"end":{"line":147,"column":33}},"70":{"start":{"line":150,"column":16},"end":{"line":150,"column":33}},"71":{"start":{"line":156,"column":23},"end":{"line":156,"column":24}},"72":{"start":{"line":157,"column":4},"end":{"line":163,"column":14}},"73":{"start":{"line":158,"column":20},"end":{"line":158,"column":42}},"74":{"start":{"line":159,"column":8},"end":{"line":161,"column":9}},"75":{"start":{"line":160,"column":12},"end":{"line":160,"column":35}},"76":{"start":{"line":162,"column":8},"end":{"line":162,"column":27}},"77":{"start":{"line":168,"column":4},"end":{"line":168,"column":48}},"78":{"start":{"line":170,"column":4},"end":{"line":196,"column":5}},"79":{"start":{"line":171,"column":8},"end":{"line":171,"column":31}},"80":{"start":{"line":173,"column":25},"end":{"line":179,"column":10}},"81":{"start":{"line":181,"column":21},"end":{"line":181,"column":42}},"82":{"start":{"line":183,"column":8},"end":{"line":189,"column":9}},"83":{"start":{"line":185,"column":12},"end":{"line":185,"column":41}},"84":{"start":{"line":187,"column":12},"end":{"line":187,"column":60}},"85":{"start":{"line":188,"column":12},"end":{"line":188,"column":50}},"86":{"start":{"line":192,"column":8},"end":{"line":192,"column":50}},"87":{"start":{"line":193,"column":8},"end":{"line":193,"column":63}},"88":{"start":{"line":195,"column":8},"end":{"line":195,"column":31}},"89":{"start":{"line":201,"column":4},"end":{"line":201,"column":34}},"90":{"start":{"line":203,"column":4},"end":{"line":230,"column":5}},"91":{"start":{"line":204,"column":25},"end":{"line":210,"column":10}},"92":{"start":{"line":212,"column":21},"end":{"line":212,"column":42}},"93":{"start":{"line":214,"column":8},"end":{"line":226,"column":9}},"94":{"start":{"line":215,"column":12},"end":{"line":215,"column":38}},"95":{"start":{"line":218,"column":12},"end":{"line":218,"column":130}},"96":{"start":{"line":220,"column":12},"end":{"line":220,"column":61}},"97":{"start":{"line":223,"column":12},"end":{"line":223,"column":31}},"98":{"start":{"line":225,"column":12},"end":{"line":225,"column":49}},"99":{"start":{"line":229,"column":8},"end":{"line":229,"column":52}},"100":{"start":{"line":235,"column":4},"end":{"line":235,"column":34}},"101":{"start":{"line":237,"column":4},"end":{"line":265,"column":5}},"102":{"start":{"line":238,"column":8},"end":{"line":238,"column":52}},"103":{"start":{"line":240,"column":25},"end":{"line":246,"column":10}},"104":{"start":{"line":248,"column":21},"end":{"line":248,"column":42}},"105":{"start":{"line":250,"column":8},"end":{"line":258,"column":9}},"106":{"start":{"line":251,"column":12},"end":{"line":251,"column":61}},"107":{"start":{"line":254,"column":12},"end":{"line":254,"column":37}},"108":{"start":{"line":256,"column":12},"end":{"line":256,"column":62}},"109":{"start":{"line":257,"column":12},"end":{"line":257,"column":53}},"110":{"start":{"line":261,"column":8},"end":{"line":261,"column":52}},"111":{"start":{"line":262,"column":8},"end":{"line":262,"column":66}},"112":{"start":{"line":264,"column":8},"end":{"line":264,"column":31}},"113":{"start":{"line":269,"column":4},"end":{"line":269,"column":48}},"114":{"start":{"line":271,"column":4},"end":{"line":299,"column":5}},"115":{"start":{"line":272,"column":8},"end":{"line":272,"column":52}},"116":{"start":{"line":274,"column":25},"end":{"line":280,"column":10}},"117":{"start":{"line":282,"column":21},"end":{"line":282,"column":42}},"118":{"start":{"line":284,"column":8},"end":{"line":292,"column":9}},"119":{"start":{"line":285,"column":12},"end":{"line":285,"column":57}},"120":{"start":{"line":288,"column":12},"end":{"line":288,"column":37}},"121":{"start":{"line":290,"column":12},"end":{"line":290,"column":60}},"122":{"start":{"line":291,"column":12},"end":{"line":291,"column":53}},"123":{"start":{"line":295,"column":8},"end":{"line":295,"column":50}},"124":{"start":{"line":296,"column":8},"end":{"line":296,"column":66}},"125":{"start":{"line":298,"column":8},"end":{"line":298,"column":31}},"126":{"start":{"line":304,"column":4},"end":{"line":304,"column":44}},"127":{"start":{"line":306,"column":4},"end":{"line":330,"column":5}},"128":{"start":{"line":307,"column":8},"end":{"line":307,"column":46}},"129":{"start":{"line":309,"column":25},"end":{"line":314,"column":10}},"130":{"start":{"line":316,"column":21},"end":{"line":316,"column":42}},"131":{"start":{"line":318,"column":8},"end":{"line":323,"column":9}},"132":{"start":{"line":319,"column":12},"end":{"line":319,"column":41}},"133":{"start":{"line":320,"column":12},"end":{"line":320,"column":49}},"134":{"start":{"line":322,"column":12},"end":{"line":322,"column":47}},"135":{"start":{"line":326,"column":8},"end":{"line":326,"column":47}},"136":{"start":{"line":327,"column":8},"end":{"line":327,"column":60}},"137":{"start":{"line":329,"column":8},"end":{"line":329,"column":31}},"138":{"start":{"line":335,"column":4},"end":{"line":352,"column":5}},"139":{"start":{"line":336,"column":25},"end":{"line":341,"column":10}},"140":{"start":{"line":343,"column":21},"end":{"line":343,"column":42}},"141":{"start":{"line":345,"column":8},"end":{"line":348,"column":9}},"142":{"start":{"line":346,"column":12},"end":{"line":346,"column":41}},"143":{"start":{"line":347,"column":12},"end":{"line":347,"column":50}},"144":{"start":{"line":351,"column":8},"end":{"line":351,"column":54}},"145":{"start":{"line":358,"column":19},"end":{"line":358,"column":34}},"146":{"start":{"line":359,"column":19},"end":{"line":359,"column":63}},"147":{"start":{"line":362,"column":29},"end":{"line":372,"column":5}},"148":{"start":{"line":374,"column":4},"end":{"line":381,"column":7}},"149":{"start":{"line":375,"column":27},"end":{"line":375,"column":59}},"150":{"start":{"line":376,"column":27},"end":{"line":376,"column":57}},"151":{"start":{"line":378,"column":8},"end":{"line":380,"column":9}},"152":{"start":{"line":379,"column":12},"end":{"line":379,"column":56}},"153":{"start":{"line":385,"column":27},"end":{"line":385,"column":74}},"154":{"start":{"line":386,"column":30},"end":{"line":386,"column":75}},"155":{"start":{"line":388,"column":4},"end":{"line":392,"column":7}},"156":{"start":{"line":389,"column":8},"end":{"line":391,"column":9}},"157":{"start":{"line":390,"column":12},"end":{"line":390,"column":65}},"158":{"start":{"line":395,"column":4},"end":{"line":397,"column":5}},"159":{"start":{"line":396,"column":8},"end":{"line":396,"column":38}},"160":{"start":{"line":400,"column":4},"end":{"line":400,"column":122}},"161":{"start":{"line":406,"column":21},"end":{"line":406,"column":50}},"162":{"start":{"line":407,"column":4},"end":{"line":425,"column":6}},"163":{"start":{"line":427,"column":18},"end":{"line":433,"column":5}},"164":{"start":{"line":435,"column":4},"end":{"line":435,"column":51}},"165":{"start":{"line":436,"column":4},"end":{"line":436,"column":40}},"166":{"start":{"line":439,"column":4},"end":{"line":439,"column":55}},"167":{"start":{"line":439,"column":21},"end":{"line":439,"column":49}},"168":{"start":{"line":440,"column":4},"end":{"line":443,"column":13}},"169":{"start":{"line":441,"column":8},"end":{"line":441,"column":37}},"170":{"start":{"line":442,"column":8},"end":{"line":442,"column":49}},"171":{"start":{"line":442,"column":25},"end":{"line":442,"column":42}},"172":{"start":{"line":448,"column":20},"end":{"line":448,"column":49}},"173":{"start":{"line":449,"column":4},"end":{"line":460,"column":6}},"174":{"start":{"line":462,"column":4},"end":{"line":462,"column":39}},"175":{"start":{"line":464,"column":4},"end":{"line":464,"column":56}},"176":{"start":{"line":464,"column":21},"end":{"line":464,"column":50}},"177":{"start":{"line":465,"column":4},"end":{"line":468,"column":12}},"178":{"start":{"line":466,"column":8},"end":{"line":466,"column":36}},"179":{"start":{"line":467,"column":8},"end":{"line":467,"column":48}},"180":{"start":{"line":467,"column":25},"end":{"line":467,"column":41}},"181":{"start":{"line":473,"column":20},"end":{"line":473,"column":64}},"182":{"start":{"line":475,"column":4},"end":{"line":491,"column":5}},"183":{"start":{"line":476,"column":8},"end":{"line":476,"column":50}},"184":{"start":{"line":477,"column":8},"end":{"line":477,"column":43}},"185":{"start":{"line":478,"column":8},"end":{"line":489,"column":10}},"186":{"start":{"line":490,"column":8},"end":{"line":490,"column":45}},"187":{"start":{"line":493,"column":4},"end":{"line":493,"column":36}},"188":{"start":{"line":494,"column":4},"end":{"line":494,"column":38}},"189":{"start":{"line":498,"column":22},"end":{"line":498,"column":66}},"190":{"start":{"line":499,"column":4},"end":{"line":501,"column":5}},"191":{"start":{"line":500,"column":8},"end":{"line":500,"column":41}},"192":{"start":{"line":506,"column":22},"end":{"line":506,"column":51}},"193":{"start":{"line":507,"column":4},"end":{"line":523,"column":6}},"194":{"start":{"line":525,"column":4},"end":{"line":525,"column":36}},"195":{"start":{"line":526,"column":4},"end":{"line":526,"column":41}},"196":{"start":{"line":528,"column":4},"end":{"line":528,"column":56}},"197":{"start":{"line":528,"column":21},"end":{"line":528,"column":50}},"198":{"start":{"line":529,"column":4},"end":{"line":532,"column":13}},"199":{"start":{"line":530,"column":8},"end":{"line":530,"column":38}},"200":{"start":{"line":531,"column":8},"end":{"line":531,"column":50}},"201":{"start":{"line":531,"column":25},"end":{"line":531,"column":43}},"202":{"start":{"line":536,"column":4},"end":{"line":536,"column":34}},"203":{"start":{"line":540,"column":4},"end":{"line":540,"column":36}},"204":{"start":{"line":545,"column":4},"end":{"line":545,"column":24}},"205":{"start":{"line":549,"column":4},"end":{"line":549,"column":30}},"206":{"start":{"line":553,"column":0},"end":{"line":553,"column":27}},"207":{"start":{"line":554,"column":0},"end":{"line":554,"column":33}},"208":{"start":{"line":555,"column":0},"end":{"line":555,"column":33}},"209":{"start":{"line":556,"column":0},"end":{"line":556,"column":29}},"210":{"start":{"line":557,"column":0},"end":{"line":557,"column":25}},"211":{"start":{"line":558,"column":0},"end":{"line":558,"column":37}},"212":{"start":{"line":559,"column":0},"end":{"line":559,"column":45}},"213":{"start":{"line":560,"column":0},"end":{"line":560,"column":41}},"214":{"start":{"line":561,"column":0},"end":{"line":561,"column":51}},"215":{"start":{"line":564,"column":0},"end":{"line":564,"column":51}},"216":{"start":{"line":565,"column":0},"end":{"line":565,"column":51}},"217":{"start":{"line":566,"column":0},"end":{"line":566,"column":43}},"218":{"start":{"line":567,"column":0},"end":{"line":567,"column":47}},"219":{"start":{"line":568,"column":0},"end":{"line":568,"column":33}},"220":{"start":{"line":571,"column":0},"end":{"line":571,"column":45}},"221":{"start":{"line":574,"column":0},"end":{"line":574,"column":57}},"222":{"start":{"line":575,"column":0},"end":{"line":575,"column":43}},"223":{"start":{"line":578,"column":0},"end":{"line":588,"column":2}},"224":{"start":{"line":587,"column":24},"end":{"line":587,"column":36}},"225":{"start":{"line":590,"column":0},"end":{"line":590,"column":56}}},"fnMap":{"0":{"name":"(anonymous_0)","decl":{"start":{"line":9,"column":46},"end":{"line":9,"column":47}},"loc":{"start":{"line":9,"column":57},"end":{"line":11,"column":1}},"line":9},"1":{"name":"initializeApp","decl":{"start":{"line":13,"column":9},"end":{"line":13,"column":22}},"loc":{"start":{"line":13,"column":25},"end":{"line":36,"column":1}},"line":13},"2":{"name":"setupNavigationButtons","decl":{"start":{"line":39,"column":9},"end":{"line":39,"column":31}},"loc":{"start":{"line":39,"column":34},"end":{"line":53,"column":1}},"line":39},"3":{"name":"(anonymous_3)","decl":{"start":{"line":41,"column":39},"end":{"line":41,"column":40}},"loc":{"start":{"line":41,"column":55},"end":{"line":50,"column":5}},"line":41},"4":{"name":"setupKeyboardNavigation","decl":{"start":{"line":56,"column":9},"end":{"line":56,"column":32}},"loc":{"start":{"line":56,"column":35},"end":{"line":94,"column":1}},"line":56},"5":{"name":"(anonymous_5)","decl":{"start":{"line":57,"column":41},"end":{"line":57,"column":42}},"loc":{"start":{"line":57,"column":57},"end":{"line":93,"column":5}},"line":57},"6":{"name":"setupAutoRefresh","decl":{"start":{"line":97,"column":9},"end":{"line":97,"column":25}},"loc":{"start":{"line":97,"column":28},"end":{"line":108,"column":1}},"line":97},"7":{"name":"(anonymous_7)","decl":{"start":{"line":102,"column":42},"end":{"line":102,"column":43}},"loc":{"start":{"line":102,"column":53},"end":{"line":104,"column":9}},"line":102},"8":{"name":"toggleAutoRefresh","decl":{"start":{"line":110,"column":9},"end":{"line":110,"column":26}},"loc":{"start":{"line":110,"column":29},"end":{"line":123,"column":1}},"line":110},"9":{"name":"setupMobileEnhancements","decl":{"start":{"line":126,"column":9},"end":{"line":126,"column":32}},"loc":{"start":{"line":126,"column":35},"end":{"line":164,"column":1}},"line":126},"10":{"name":"(anonymous_10)","decl":{"start":{"line":131,"column":44},"end":{"line":131,"column":45}},"loc":{"start":{"line":131,"column":60},"end":{"line":133,"column":5}},"line":131},"11":{"name":"(anonymous_11)","decl":{"start":{"line":135,"column":42},"end":{"line":135,"column":43}},"loc":{"start":{"line":135,"column":58},"end":{"line":138,"column":5}},"line":135},"12":{"name":"handleSwipe","decl":{"start":{"line":140,"column":13},"end":{"line":140,"column":24}},"loc":{"start":{"line":140,"column":27},"end":{"line":153,"column":5}},"line":140},"13":{"name":"(anonymous_13)","decl":{"start":{"line":157,"column":42},"end":{"line":157,"column":43}},"loc":{"start":{"line":157,"column":58},"end":{"line":163,"column":5}},"line":157},"14":{"name":"navigate","decl":{"start":{"line":167,"column":15},"end":{"line":167,"column":23}},"loc":{"start":{"line":167,"column":32},"end":{"line":197,"column":1}},"line":167},"15":{"name":"toggleTheme","decl":{"start":{"line":200,"column":15},"end":{"line":200,"column":26}},"loc":{"start":{"line":200,"column":29},"end":{"line":231,"column":1}},"line":200},"16":{"name":"cycleLayout","decl":{"start":{"line":234,"column":15},"end":{"line":234,"column":26}},"loc":{"start":{"line":234,"column":29},"end":{"line":266,"column":1}},"line":234},"17":{"name":"setLayout","decl":{"start":{"line":268,"column":15},"end":{"line":268,"column":24}},"loc":{"start":{"line":268,"column":33},"end":{"line":300,"column":1}},"line":268},"18":{"name":"refresh","decl":{"start":{"line":303,"column":15},"end":{"line":303,"column":22}},"loc":{"start":{"line":303,"column":25},"end":{"line":331,"column":1}},"line":303},"19":{"name":"refreshSilent","decl":{"start":{"line":334,"column":15},"end":{"line":334,"column":28}},"loc":{"start":{"line":334,"column":31},"end":{"line":353,"column":1}},"line":334},"20":{"name":"updatePageContent","decl":{"start":{"line":356,"column":9},"end":{"line":356,"column":26}},"loc":{"start":{"line":356,"column":36},"end":{"line":401,"column":1}},"line":356},"21":{"name":"(anonymous_21)","decl":{"start":{"line":374,"column":29},"end":{"line":374,"column":30}},"loc":{"start":{"line":374,"column":41},"end":{"line":381,"column":5}},"line":374},"22":{"name":"(anonymous_22)","decl":{"start":{"line":388,"column":27},"end":{"line":388,"column":28}},"loc":{"start":{"line":388,"column":45},"end":{"line":392,"column":5}},"line":388},"23":{"name":"flashNavigationFeedback","decl":{"start":{"line":404,"column":9},"end":{"line":404,"column":32}},"loc":{"start":{"line":404,"column":41},"end":{"line":444,"column":1}},"line":404},"24":{"name":"(anonymous_24)","decl":{"start":{"line":439,"column":15},"end":{"line":439,"column":16}},"loc":{"start":{"line":439,"column":21},"end":{"line":439,"column":49}},"line":439},"25":{"name":"(anonymous_25)","decl":{"start":{"line":440,"column":15},"end":{"line":440,"column":16}},"loc":{"start":{"line":440,"column":21},"end":{"line":443,"column":5}},"line":440},"26":{"name":"(anonymous_26)","decl":{"start":{"line":442,"column":19},"end":{"line":442,"column":20}},"loc":{"start":{"line":442,"column":25},"end":{"line":442,"column":42}},"line":442},"27":{"name":"flashThemeChange","decl":{"start":{"line":446,"column":9},"end":{"line":446,"column":25}},"loc":{"start":{"line":446,"column":28},"end":{"line":469,"column":1}},"line":446},"28":{"name":"(anonymous_28)","decl":{"start":{"line":464,"column":15},"end":{"line":464,"column":16}},"loc":{"start":{"line":464,"column":21},"end":{"line":464,"column":50}},"line":464},"29":{"name":"(anonymous_29)","decl":{"start":{"line":465,"column":15},"end":{"line":465,"column":16}},"loc":{"start":{"line":465,"column":21},"end":{"line":468,"column":5}},"line":465},"30":{"name":"(anonymous_30)","decl":{"start":{"line":467,"column":19},"end":{"line":467,"column":20}},"loc":{"start":{"line":467,"column":25},"end":{"line":467,"column":41}},"line":467},"31":{"name":"showLoadingIndicator","decl":{"start":{"line":472,"column":9},"end":{"line":472,"column":29}},"loc":{"start":{"line":472,"column":54},"end":{"line":495,"column":1}},"line":472},"32":{"name":"hideLoadingIndicator","decl":{"start":{"line":497,"column":9},"end":{"line":497,"column":29}},"loc":{"start":{"line":497,"column":32},"end":{"line":502,"column":1}},"line":497},"33":{"name":"showMessage","decl":{"start":{"line":505,"column":9},"end":{"line":505,"column":20}},"loc":{"start":{"line":505,"column":45},"end":{"line":533,"column":1}},"line":505},"34":{"name":"(anonymous_34)","decl":{"start":{"line":528,"column":15},"end":{"line":528,"column":16}},"loc":{"start":{"line":528,"column":21},"end":{"line":528,"column":50}},"line":528},"35":{"name":"(anonymous_35)","decl":{"start":{"line":529,"column":15},"end":{"line":529,"column":16}},"loc":{"start":{"line":529,"column":21},"end":{"line":532,"column":5}},"line":529},"36":{"name":"(anonymous_36)","decl":{"start":{"line":531,"column":19},"end":{"line":531,"column":20}},"loc":{"start":{"line":531,"column":25},"end":{"line":531,"column":43}},"line":531},"37":{"name":"showErrorMessage","decl":{"start":{"line":535,"column":9},"end":{"line":535,"column":25}},"loc":{"start":{"line":535,"column":35},"end":{"line":537,"column":1}},"line":535},"38":{"name":"showSuccessMessage","decl":{"start":{"line":539,"column":9},"end":{"line":539,"column":27}},"loc":{"start":{"line":539,"column":37},"end":{"line":541,"column":1}},"line":539},"39":{"name":"getCurrentTheme","decl":{"start":{"line":544,"column":9},"end":{"line":544,"column":24}},"loc":{"start":{"line":544,"column":27},"end":{"line":546,"column":1}},"line":544},"40":{"name":"isAutoRefreshEnabled","decl":{"start":{"line":548,"column":9},"end":{"line":548,"column":29}},"loc":{"start":{"line":548,"column":32},"end":{"line":550,"column":1}},"line":548},"41":{"name":"(anonymous_41)","decl":{"start":{"line":587,"column":18},"end":{"line":587,"column":19}},"loc":{"start":{"line":587,"column":24},"end":{"line":587,"column":36}},"line":587}},"branchMap":{"0":{"loc":{"start":{"line":19,"column":4},"end":{"line":21,"column":5}},"type":"if","locations":[{"start":{"line":19,"column":4},"end":{"line":21,"column":5}},{"start":{},"end":{}}],"line":19},"1":{"loc":{"start":{"line":43,"column":8},"end":{"line":49,"column":9}},"type":"if","locations":[{"start":{"line":43,"column":8},"end":{"line":49,"column":9}},{"start":{},"end":{}}],"line":43},"2":{"loc":{"start":{"line":45,"column":12},"end":{"line":48,"column":13}},"type":"if","locations":[{"start":{"line":45,"column":12},"end":{"line":48,"column":13}},{"start":{},"end":{}}],"line":45},"3":{"loc":{"start":{"line":45,"column":16},"end":{"line":45,"column":54}},"type":"binary-expr","locations":[{"start":{"line":45,"column":16},"end":{"line":45,"column":33}},{"start":{"line":45,"column":37},"end":{"line":45,"column":54}}],"line":45},"4":{"loc":{"start":{"line":60,"column":8},"end":{"line":62,"column":9}},"type":"if","locations":[{"start":{"line":60,"column":8},"end":{"line":62,"column":9}},{"start":{},"end":{}}],"line":60},"5":{"loc":{"start":{"line":64,"column":8},"end":{"line":92,"column":9}},"type":"switch","locations":[{"start":{"line":65,"column":12},"end":{"line":67,"column":22}},{"start":{"line":68,"column":12},"end":{"line":70,"column":22}},{"start":{"line":71,"column":12},"end":{"line":73,"column":22}},{"start":{"line":74,"column":12},"end":{"line":76,"column":22}},{"start":{"line":77,"column":12},"end":{"line":79,"column":22}},{"start":{"line":80,"column":12},"end":{"line":80,"column":21}},{"start":{"line":81,"column":12},"end":{"line":83,"column":22}},{"start":{"line":84,"column":12},"end":{"line":84,"column":21}},{"start":{"line":85,"column":12},"end":{"line":87,"column":22}},{"start":{"line":88,"column":12},"end":{"line":88,"column":21}},{"start":{"line":89,"column":12},"end":{"line":91,"column":22}}],"line":64},"6":{"loc":{"start":{"line":101,"column":4},"end":{"line":107,"column":5}},"type":"if","locations":[{"start":{"line":101,"column":4},"end":{"line":107,"column":5}},{"start":{},"end":{}}],"line":101},"7":{"loc":{"start":{"line":111,"column":4},"end":{"line":122,"column":5}},"type":"if","locations":[{"start":{"line":111,"column":4},"end":{"line":122,"column":5}},{"start":{"line":118,"column":11},"end":{"line":122,"column":5}}],"line":111},"8":{"loc":{"start":{"line":112,"column":8},"end":{"line":115,"column":9}},"type":"if","locations":[{"start":{"line":112,"column":8},"end":{"line":115,"column":9}},{"start":{},"end":{}}],"line":112},"9":{"loc":{"start":{"line":144,"column":8},"end":{"line":152,"column":9}},"type":"if","locations":[{"start":{"line":144,"column":8},"end":{"line":152,"column":9}},{"start":{},"end":{}}],"line":144},"10":{"loc":{"start":{"line":145,"column":12},"end":{"line":151,"column":13}},"type":"if","locations":[{"start":{"line":145,"column":12},"end":{"line":151,"column":13}},{"start":{"line":148,"column":19},"end":{"line":151,"column":13}}],"line":145},"11":{"loc":{"start":{"line":159,"column":8},"end":{"line":161,"column":9}},"type":"if","locations":[{"start":{"line":159,"column":8},"end":{"line":161,"column":9}},{"start":{},"end":{}}],"line":159},"12":{"loc":{"start":{"line":183,"column":8},"end":{"line":189,"column":9}},"type":"if","locations":[{"start":{"line":183,"column":8},"end":{"line":189,"column":9}},{"start":{"line":186,"column":15},"end":{"line":189,"column":9}}],"line":183},"13":{"loc":{"start":{"line":183,"column":12},"end":{"line":183,"column":37}},"type":"binary-expr","locations":[{"start":{"line":183,"column":12},"end":{"line":183,"column":24}},{"start":{"line":183,"column":28},"end":{"line":183,"column":37}}],"line":183},"14":{"loc":{"start":{"line":214,"column":8},"end":{"line":226,"column":9}},"type":"if","locations":[{"start":{"line":214,"column":8},"end":{"line":226,"column":9}},{"start":{"line":224,"column":15},"end":{"line":226,"column":9}}],"line":214},"15":{"loc":{"start":{"line":250,"column":8},"end":{"line":258,"column":9}},"type":"if","locations":[{"start":{"line":250,"column":8},"end":{"line":258,"column":9}},{"start":{"line":255,"column":15},"end":{"line":258,"column":9}}],"line":250},"16":{"loc":{"start":{"line":284,"column":8},"end":{"line":292,"column":9}},"type":"if","locations":[{"start":{"line":284,"column":8},"end":{"line":292,"column":9}},{"start":{"line":289,"column":15},"end":{"line":292,"column":9}}],"line":284},"17":{"loc":{"start":{"line":318,"column":8},"end":{"line":323,"column":9}},"type":"if","locations":[{"start":{"line":318,"column":8},"end":{"line":323,"column":9}},{"start":{"line":321,"column":15},"end":{"line":323,"column":9}}],"line":318},"18":{"loc":{"start":{"line":318,"column":12},"end":{"line":318,"column":37}},"type":"binary-expr","locations":[{"start":{"line":318,"column":12},"end":{"line":318,"column":24}},{"start":{"line":318,"column":28},"end":{"line":318,"column":37}}],"line":318},"19":{"loc":{"start":{"line":345,"column":8},"end":{"line":348,"column":9}},"type":"if","locations":[{"start":{"line":345,"column":8},"end":{"line":348,"column":9}},{"start":{},"end":{}}],"line":345},"20":{"loc":{"start":{"line":345,"column":12},"end":{"line":345,"column":37}},"type":"binary-expr","locations":[{"start":{"line":345,"column":12},"end":{"line":345,"column":24}},{"start":{"line":345,"column":28},"end":{"line":345,"column":37}}],"line":345},"21":{"loc":{"start":{"line":378,"column":8},"end":{"line":380,"column":9}},"type":"if","locations":[{"start":{"line":378,"column":8},"end":{"line":380,"column":9}},{"start":{},"end":{}}],"line":378},"22":{"loc":{"start":{"line":378,"column":12},"end":{"line":378,"column":36}},"type":"binary-expr","locations":[{"start":{"line":378,"column":12},"end":{"line":378,"column":22}},{"start":{"line":378,"column":26},"end":{"line":378,"column":36}}],"line":378},"23":{"loc":{"start":{"line":389,"column":8},"end":{"line":391,"column":9}},"type":"if","locations":[{"start":{"line":389,"column":8},"end":{"line":391,"column":9}},{"start":{},"end":{}}],"line":389},"24":{"loc":{"start":{"line":395,"column":4},"end":{"line":397,"column":5}},"type":"if","locations":[{"start":{"line":395,"column":4},"end":{"line":397,"column":5}},{"start":{},"end":{}}],"line":395},"25":{"loc":{"start":{"line":435,"column":27},"end":{"line":435,"column":50}},"type":"binary-expr","locations":[{"start":{"line":435,"column":27},"end":{"line":435,"column":40}},{"start":{"line":435,"column":44},"end":{"line":435,"column":50}}],"line":435},"26":{"loc":{"start":{"line":455,"column":22},"end":{"line":455,"column":63}},"type":"cond-expr","locations":[{"start":{"line":455,"column":48},"end":{"line":455,"column":54}},{"start":{"line":455,"column":57},"end":{"line":455,"column":63}}],"line":455},"27":{"loc":{"start":{"line":472,"column":30},"end":{"line":472,"column":52}},"type":"default-arg","locations":[{"start":{"line":472,"column":40},"end":{"line":472,"column":52}}],"line":472},"28":{"loc":{"start":{"line":475,"column":4},"end":{"line":491,"column":5}},"type":"if","locations":[{"start":{"line":475,"column":4},"end":{"line":491,"column":5}},{"start":{},"end":{}}],"line":475},"29":{"loc":{"start":{"line":499,"column":4},"end":{"line":501,"column":5}},"type":"if","locations":[{"start":{"line":499,"column":4},"end":{"line":501,"column":5}},{"start":{},"end":{}}],"line":499},"30":{"loc":{"start":{"line":505,"column":30},"end":{"line":505,"column":43}},"type":"default-arg","locations":[{"start":{"line":505,"column":37},"end":{"line":505,"column":43}}],"line":505},"31":{"loc":{"start":{"line":520,"column":10},"end":{"line":522,"column":46}},"type":"cond-expr","locations":[{"start":{"line":520,"column":29},"end":{"line":520,"column":65}},{"start":{"line":521,"column":10},"end":{"line":522,"column":46}}],"line":520},"32":{"loc":{"start":{"line":521,"column":10},"end":{"line":522,"column":46}},"type":"cond-expr","locations":[{"start":{"line":521,"column":31},"end":{"line":521,"column":67}},{"start":{"line":522,"column":10},"end":{"line":522,"column":46}}],"line":521}},"s":{"0":1,"1":1,"2":1,"3":1,"4":59,"5":59,"6":59,"7":59,"8":59,"9":3,"10":59,"11":59,"12":59,"13":59,"14":59,"15":59,"16":53,"17":53,"18":53,"19":53,"20":53,"21":53,"22":59,"23":59,"24":252,"25":252,"26":187,"27":252,"28":28,"29":28,"30":29,"31":29,"32":30,"33":30,"34":34,"35":34,"36":35,"37":35,"38":31,"39":31,"40":32,"41":32,"42":33,"43":33,"44":62,"45":62,"46":58,"47":35,"48":58,"49":6,"50":3,"51":3,"52":3,"53":3,"54":3,"55":3,"56":3,"57":3,"58":59,"59":59,"60":59,"61":111,"62":59,"63":189,"64":189,"65":189,"66":189,"67":189,"68":149,"69":36,"70":113,"71":59,"72":59,"73":189,"74":189,"75":150,"76":189,"77":363,"78":363,"79":363,"80":363,"81":361,"82":361,"83":359,"84":2,"85":2,"86":2,"87":2,"88":363,"89":36,"90":36,"91":36,"92":34,"93":34,"94":34,"95":34,"96":34,"97":34,"98":0,"99":2,"100":36,"101":36,"102":36,"103":36,"104":34,"105":34,"106":34,"107":34,"108":0,"109":0,"110":2,"111":2,"112":36,"113":3,"114":3,"115":3,"116":3,"117":1,"118":1,"119":1,"120":1,"121":0,"122":0,"123":2,"124":2,"125":3,"126":34,"127":34,"128":34,"129":34,"130":32,"131":32,"132":32,"133":32,"134":0,"135":2,"136":2,"137":34,"138":38,"139":38,"140":36,"141":36,"142":36,"143":36,"144":2,"145":430,"146":430,"147":430,"148":430,"149":3870,"150":3870,"151":3870,"152":420,"153":430,"154":430,"155":430,"156":429,"157":1,"158":430,"159":1,"160":430,"161":1,"162":1,"163":1,"164":1,"165":1,"166":1,"167":0,"168":1,"169":0,"170":0,"171":0,"172":35,"173":35,"174":35,"175":35,"176":34,"177":35,"178":2,"179":2,"180":0,"181":439,"182":439,"183":26,"184":26,"185":26,"186":26,"187":439,"188":439,"189":438,"190":438,"191":438,"192":45,"193":45,"194":45,"195":45,"196":45,"197":38,"198":45,"199":0,"200":0,"201":0,"202":11,"203":33,"204":5,"205":8,"206":1,"207":1,"208":1,"209":1,"210":1,"211":1,"212":1,"213":1,"214":1,"215":1,"216":1,"217":1,"218":1,"219":1,"220":1,"221":1,"222":1,"223":1,"224":0,"225":1},"f":{"0":59,"1":59,"2":59,"3":53,"4":59,"5":252,"6":62,"7":35,"8":6,"9":59,"10":111,"11":189,"12":189,"13":189,"14":363,"15":36,"16":36,"17":3,"18":34,"19":38,"20":430,"21":3870,"22":429,"23":1,"24":0,"25":0,"26":0,"27":35,"28":34,"29":2,"30":0,"31":439,"32":438,"33":45,"34":38,"35":0,"36":0,"37":11,"38":33,"39":5,"40":8,"41":0},"b":{"0":[3,56],"1":[53,0],"2":[53,0],"3":[53,27],"4":[187,65],"5":[28,29,30,34,35,31,31,32,32,33,33],"6":[58,4],"7":[3,3],"8":[3,0],"9":[149,40],"10":[36,113],"11":[150,39],"12":[359,2],"13":[361,360],"14":[34,0],"15":[34,0],"16":[1,0],"17":[32,0],"18":[32,32],"19":[36,0],"20":[36,36],"21":[420,3450],"22":[3870,3861],"23":[1,428],"24":[1,429],"25":[1,0],"26":[0,35],"27":[364],"28":[26,413],"29":[438,0],"30":[0],"31":[11,34],"32":[33,1]},"_coverageSchema":"1a1c01bbd47fc00a2c39e90264f33305004495a9","hash":"f53cc78d1675d8350222fcb820e5152249eeaa96"}
,"/home/bencan/projects/calendarBot/calendarbot/web/static/layouts/4x8/4x8.js": {"path":"/home/bencan/projects/calendarBot/calendarbot/web/static/layouts/4x8/4x8.js","statementMap":{"0":{"start":{"line":4,"column":19},"end":{"line":4,"column":25}},"1":{"start":{"line":5,"column":26},"end":{"line":5,"column":30}},"2":{"start":{"line":6,"column":25},"end":{"line":6,"column":29}},"3":{"start":{"line":9,"column":0},"end":{"line":11,"column":3}},"4":{"start":{"line":10,"column":4},"end":{"line":10,"column":20}},"5":{"start":{"line":14,"column":4},"end":{"line":14,"column":53}},"6":{"start":{"line":17,"column":24},"end":{"line":17,"column":48}},"7":{"start":{"line":18,"column":25},"end":{"line":18,"column":67}},"8":{"start":{"line":19,"column":4},"end":{"line":21,"column":5}},"9":{"start":{"line":20,"column":8},"end":{"line":20,"column":39}},"10":{"start":{"line":24,"column":4},"end":{"line":24,"column":29}},"11":{"start":{"line":27,"column":4},"end":{"line":27,"column":30}},"12":{"start":{"line":30,"column":4},"end":{"line":30,"column":23}},"13":{"start":{"line":33,"column":4},"end":{"line":33,"column":30}},"14":{"start":{"line":35,"column":4},"end":{"line":35,"column":59}},"15":{"start":{"line":41,"column":4},"end":{"line":50,"column":7}},"16":{"start":{"line":42,"column":24},"end":{"line":42,"column":61}},"17":{"start":{"line":43,"column":8},"end":{"line":49,"column":9}},"18":{"start":{"line":44,"column":27},"end":{"line":44,"column":62}},"19":{"start":{"line":45,"column":12},"end":{"line":48,"column":13}},"20":{"start":{"line":46,"column":16},"end":{"line":46,"column":39}},"21":{"start":{"line":47,"column":16},"end":{"line":47,"column":33}},"22":{"start":{"line":52,"column":4},"end":{"line":52,"column":61}},"23":{"start":{"line":57,"column":4},"end":{"line":93,"column":7}},"24":{"start":{"line":59,"column":31},"end":{"line":59,"column":88}},"25":{"start":{"line":60,"column":8},"end":{"line":62,"column":9}},"26":{"start":{"line":61,"column":12},"end":{"line":61,"column":35}},"27":{"start":{"line":64,"column":8},"end":{"line":92,"column":9}},"28":{"start":{"line":66,"column":16},"end":{"line":66,"column":33}},"29":{"start":{"line":67,"column":16},"end":{"line":67,"column":22}},"30":{"start":{"line":69,"column":16},"end":{"line":69,"column":33}},"31":{"start":{"line":70,"column":16},"end":{"line":70,"column":22}},"32":{"start":{"line":72,"column":16},"end":{"line":72,"column":34}},"33":{"start":{"line":73,"column":16},"end":{"line":73,"column":22}},"34":{"start":{"line":75,"column":16},"end":{"line":75,"column":39}},"35":{"start":{"line":76,"column":16},"end":{"line":76,"column":22}},"36":{"start":{"line":78,"column":16},"end":{"line":78,"column":37}},"37":{"start":{"line":79,"column":16},"end":{"line":79,"column":22}},"38":{"start":{"line":82,"column":16},"end":{"line":82,"column":26}},"39":{"start":{"line":83,"column":16},"end":{"line":83,"column":22}},"40":{"start":{"line":86,"column":16},"end":{"line":86,"column":30}},"41":{"start":{"line":87,"column":16},"end":{"line":87,"column":22}},"42":{"start":{"line":90,"column":16},"end":{"line":90,"column":30}},"43":{"start":{"line":91,"column":16},"end":{"line":91,"column":22}},"44":{"start":{"line":99,"column":28},"end":{"line":99,"column":33}},"45":{"start":{"line":101,"column":4},"end":{"line":107,"column":5}},"46":{"start":{"line":102,"column":8},"end":{"line":104,"column":28}},"47":{"start":{"line":103,"column":12},"end":{"line":103,"column":28}},"48":{"start":{"line":106,"column":8},"end":{"line":106,"column":79}},"49":{"start":{"line":111,"column":4},"end":{"line":122,"column":5}},"50":{"start":{"line":112,"column":8},"end":{"line":115,"column":9}},"51":{"start":{"line":113,"column":12},"end":{"line":113,"column":47}},"52":{"start":{"line":114,"column":12},"end":{"line":114,"column":39}},"53":{"start":{"line":116,"column":8},"end":{"line":116,"column":35}},"54":{"start":{"line":117,"column":8},"end":{"line":117,"column":45}},"55":{"start":{"line":119,"column":8},"end":{"line":119,"column":27}},"56":{"start":{"line":120,"column":8},"end":{"line":120,"column":34}},"57":{"start":{"line":121,"column":8},"end":{"line":121,"column":44}},"58":{"start":{"line":128,"column":22},"end":{"line":128,"column":23}},"59":{"start":{"line":129,"column":20},"end":{"line":129,"column":21}},"60":{"start":{"line":131,"column":4},"end":{"line":133,"column":7}},"61":{"start":{"line":132,"column":8},"end":{"line":132,"column":54}},"62":{"start":{"line":135,"column":4},"end":{"line":138,"column":7}},"63":{"start":{"line":136,"column":8},"end":{"line":136,"column":52}},"64":{"start":{"line":137,"column":8},"end":{"line":137,"column":22}},"65":{"start":{"line":141,"column":31},"end":{"line":141,"column":33}},"66":{"start":{"line":142,"column":30},"end":{"line":142,"column":53}},"67":{"start":{"line":144,"column":8},"end":{"line":152,"column":9}},"68":{"start":{"line":145,"column":12},"end":{"line":151,"column":13}},"69":{"start":{"line":147,"column":16},"end":{"line":147,"column":33}},"70":{"start":{"line":150,"column":16},"end":{"line":150,"column":33}},"71":{"start":{"line":156,"column":23},"end":{"line":156,"column":24}},"72":{"start":{"line":157,"column":4},"end":{"line":163,"column":14}},"73":{"start":{"line":158,"column":20},"end":{"line":158,"column":42}},"74":{"start":{"line":159,"column":8},"end":{"line":161,"column":9}},"75":{"start":{"line":160,"column":12},"end":{"line":160,"column":35}},"76":{"start":{"line":162,"column":8},"end":{"line":162,"column":27}},"77":{"start":{"line":168,"column":4},"end":{"line":168,"column":48}},"78":{"start":{"line":170,"column":4},"end":{"line":196,"column":5}},"79":{"start":{"line":171,"column":8},"end":{"line":171,"column":31}},"80":{"start":{"line":173,"column":25},"end":{"line":179,"column":10}},"81":{"start":{"line":181,"column":21},"end":{"line":181,"column":42}},"82":{"start":{"line":183,"column":8},"end":{"line":189,"column":9}},"83":{"start":{"line":185,"column":12},"end":{"line":185,"column":41}},"84":{"start":{"line":187,"column":12},"end":{"line":187,"column":60}},"85":{"start":{"line":188,"column":12},"end":{"line":188,"column":50}},"86":{"start":{"line":192,"column":8},"end":{"line":192,"column":50}},"87":{"start":{"line":193,"column":8},"end":{"line":193,"column":63}},"88":{"start":{"line":195,"column":8},"end":{"line":195,"column":31}},"89":{"start":{"line":201,"column":4},"end":{"line":201,"column":34}},"90":{"start":{"line":203,"column":4},"end":{"line":230,"column":5}},"91":{"start":{"line":204,"column":25},"end":{"line":210,"column":10}},"92":{"start":{"line":212,"column":21},"end":{"line":212,"column":42}},"93":{"start":{"line":214,"column":8},"end":{"line":226,"column":9}},"94":{"start":{"line":215,"column":12},"end":{"line":215,"column":38}},"95":{"start":{"line":218,"column":12},"end":{"line":218,"column":130}},"96":{"start":{"line":220,"column":12},"end":{"line":220,"column":61}},"97":{"start":{"line":223,"column":12},"end":{"line":223,"column":31}},"98":{"start":{"line":225,"column":12},"end":{"line":225,"column":49}},"99":{"start":{"line":229,"column":8},"end":{"line":229,"column":52}},"100":{"start":{"line":235,"column":4},"end":{"line":235,"column":34}},"101":{"start":{"line":237,"column":4},"end":{"line":265,"column":5}},"102":{"start":{"line":238,"column":8},"end":{"line":238,"column":52}},"103":{"start":{"line":240,"column":25},"end":{"line":246,"column":10}},"104":{"start":{"line":248,"column":21},"end":{"line":248,"column":42}},"105":{"start":{"line":250,"column":8},"end":{"line":258,"column":9}},"106":{"start":{"line":251,"column":12},"end":{"line":251,"column":61}},"107":{"start":{"line":254,"column":12},"end":{"line":254,"column":37}},"108":{"start":{"line":256,"column":12},"end":{"line":256,"column":62}},"109":{"start":{"line":257,"column":12},"end":{"line":257,"column":53}},"110":{"start":{"line":261,"column":8},"end":{"line":261,"column":52}},"111":{"start":{"line":262,"column":8},"end":{"line":262,"column":66}},"112":{"start":{"line":264,"column":8},"end":{"line":264,"column":31}},"113":{"start":{"line":269,"column":4},"end":{"line":269,"column":48}},"114":{"start":{"line":271,"column":4},"end":{"line":299,"column":5}},"115":{"start":{"line":272,"column":8},"end":{"line":272,"column":52}},"116":{"start":{"line":274,"column":25},"end":{"line":280,"column":10}},"117":{"start":{"line":282,"column":21},"end":{"line":282,"column":42}},"118":{"start":{"line":284,"column":8},"end":{"line":292,"column":9}},"119":{"start":{"line":285,"column":12},"end":{"line":285,"column":57}},"120":{"start":{"line":288,"column":12},"end":{"line":288,"column":37}},"121":{"start":{"line":290,"column":12},"end":{"line":290,"column":60}},"122":{"start":{"line":291,"column":12},"end":{"line":291,"column":53}},"123":{"start":{"line":295,"column":8},"end":{"line":295,"column":50}},"124":{"start":{"line":296,"column":8},"end":{"line":296,"column":66}},"125":{"start":{"line":298,"column":8},"end":{"line":298,"column":31}},"126":{"start":{"line":304,"column":4},"end":{"line":304,"column":44}},"127":{"start":{"line":306,"column":4},"end":{"line":330,"column":5}},"128":{"start":{"line":307,"column":8},"end":{"line":307,"column":46}},"129":{"start":{"line":309,"column":25},"end":{"line":314,"column":10}},"130":{"start":{"line":316,"column":21},"end":{"line":316,"column":42}},"131":{"start":{"line":318,"column":8},"end":{"line":323,"column":9}},"132":{"start":{"line":319,"column":12},"end":{"line":319,"column":41}},"133":{"start":{"line":320,"column":12},"end":{"line":320,"column":49}},"134":{"start":{"line":322,"column":12},"end":{"line":322,"column":47}},"135":{"start":{"line":326,"column":8},"end":{"line":326,"column":47}},"136":{"start":{"line":327,"column":8},"end":{"line":327,"column":60}},"137":{"start":{"line":329,"column":8},"end":{"line":329,"column":31}},"138":{"start":{"line":335,"column":4},"end":{"line":352,"column":5}},"139":{"start":{"line":336,"column":25},"end":{"line":341,"column":10}},"140":{"start":{"line":343,"column":21},"end":{"line":343,"column":42}},"141":{"start":{"line":345,"column":8},"end":{"line":348,"column":9}},"142":{"start":{"line":346,"column":12},"end":{"line":346,"column":41}},"143":{"start":{"line":347,"column":12},"end":{"line":347,"column":50}},"144":{"start":{"line":351,"column":8},"end":{"line":351,"column":54}},"145":{"start":{"line":358,"column":19},"end":{"line":358,"column":34}},"146":{"start":{"line":359,"column":19},"end":{"line":359,"column":63}},"147":{"start":{"line":362,"column":29},"end":{"line":372,"column":5}},"148":{"start":{"line":374,"column":4},"end":{"line":381,"column":7}},"149":{"start":{"line":375,"column":27},"end":{"line":375,"column":59}},"150":{"start":{"line":376,"column":27},"end":{"line":376,"column":57}},"151":{"start":{"line":378,"column":8},"end":{"line":380,"column":9}},"152":{"start":{"line":379,"column":12},"end":{"line":379,"column":56}},"153":{"start":{"line":385,"column":27},"end":{"line":385,"column":74}},"154":{"start":{"line":386,"column":30},"end":{"line":386,"column":75}},"155":{"start":{"line":388,"column":4},"end":{"line":392,"column":7}},"156":{"start":{"line":389,"column":8},"end":{"line":391,"column":9}},"157":{"start":{"line":390,"column":12},"end":{"line":390,"column":65}},"158":{"start":{"line":395,"column":4},"end":{"line":397,"column":5}},"159":{"start":{"line":396,"column":8},"end":{"line":396,"column":38}},"160":{"start":{"line":400,"column":4},"end":{"line":400,"column":122}},"161":{"start":{"line":406,"column":21},"end":{"line":406,"column":50}},"162":{"start":{"line":407,"column":4},"end":{"line":425,"column":6}},"163":{"start":{"line":427,"column":18},"end":{"line":433,"column":5}},"164":{"start":{"line":435,"column":4},"end":{"line":435,"column":51}},"165":{"start":{"line":436,"column":4},"end":{"line":436,"column":40}},"166":{"start":{"line":439,"column":4},"end":{"line":439,"column":55}},"167":{"start":{"line":439,"column":21},"end":{"line":439,"column":49}},"168":{"start":{"line":440,"column":4},"end":{"line":443,"column":13}},"169":{"start":{"line":441,"column":8},"end":{"line":441,"column":37}},"170":{"start":{"line":442,"column":8},"end":{"line":442,"column":49}},"171":{"start":{"line":442,"column":25},"end":{"line":442,"column":42}},"172":{"start":{"line":448,"column":20},"end":{"line":448,"column":49}},"173":{"start":{"line":449,"column":4},"end":{"line":460,"column":6}},"174":{"start":{"line":462,"column":4},"end":{"line":462,"column":39}},"175":{"start":{"line":464,"column":4},"end":{"line":464,"column":56}},"176":{"start":{"line":464,"column":21},"end":{"line":464,"column":50}},"177":{"start":{"line":465,"column":4},"end":{"line":468,"column":12}},"178":{"start":{"line":466,"column":8},"end":{"line":466,"column":36}},"179":{"start":{"line":467,"column":8},"end":{"line":467,"column":48}},"180":{"start":{"line":467,"column":25},"end":{"line":467,"column":41}},"181":{"start":{"line":473,"column":20},"end":{"line":473,"column":64}},"182":{"start":{"line":475,"column":4},"end":{"line":491,"column":5}},"183":{"start":{"line":476,"column":8},"end":{"line":476,"column":50}},"184":{"start":{"line":477,"column":8},"end":{"line":477,"column":43}},"185":{"start":{"line":478,"column":8},"end":{"line":489,"column":10}},"186":{"start":{"line":490,"column":8},"end":{"line":490,"column":45}},"187":{"start":{"line":493,"column":4},"end":{"line":493,"column":36}},"188":{"start":{"line":494,"column":4},"end":{"line":494,"column":38}},"189":{"start":{"line":498,"column":22},"end":{"line":498,"column":66}},"190":{"start":{"line":499,"column":4},"end":{"line":501,"column":5}},"191":{"start":{"line":500,"column":8},"end":{"line":500,"column":41}},"192":{"start":{"line":506,"column":22},"end":{"line":506,"column":51}},"193":{"start":{"line":507,"column":4},"end":{"line":523,"column":6}},"194":{"start":{"line":525,"column":4},"end":{"line":525,"column":36}},"195":{"start":{"line":526,"column":4},"end":{"line":526,"column":41}},"196":{"start":{"line":528,"column":4},"end":{"line":528,"column":56}},"197":{"start":{"line":528,"column":21},"end":{"line":528,"column":50}},"198":{"start":{"line":529,"column":4},"end":{"line":532,"column":13}},"199":{"start":{"line":530,"column":8},"end":{"line":530,"column":38}},"200":{"start":{"line":531,"column":8},"end":{"line":531,"column":50}},"201":{"start":{"line":531,"column":25},"end":{"line":531,"column":43}},"202":{"start":{"line":536,"column":4},"end":{"line":536,"column":34}},"203":{"start":{"line":540,"column":4},"end":{"line":540,"column":36}},"204":{"start":{"line":545,"column":4},"end":{"line":545,"column":24}},"205":{"start":{"line":549,"column":4},"end":{"line":549,"column":30}},"206":{"start":{"line":553,"column":0},"end":{"line":553,"column":27}},"207":{"start":{"line":554,"column":0},"end":{"line":554,"column":33}},"208":{"start":{"line":555,"column":0},"end":{"line":555,"column":33}},"209":{"start":{"line":556,"column":0},"end":{"line":556,"column":29}},"210":{"start":{"line":557,"column":0},"end":{"line":557,"column":25}},"211":{"start":{"line":558,"column":0},"end":{"line":558,"column":37}},"212":{"start":{"line":559,"column":0},"end":{"line":559,"column":45}},"213":{"start":{"line":560,"column":0},"end":{"line":560,"column":41}},"214":{"start":{"line":561,"column":0},"end":{"line":561,"column":51}},"215":{"start":{"line":564,"column":0},"end":{"line":564,"column":51}},"216":{"start":{"line":565,"column":0},"end":{"line":565,"column":51}},"217":{"start":{"line":566,"column":0},"end":{"line":566,"column":43}},"218":{"start":{"line":567,"column":0},"end":{"line":567,"column":47}},"219":{"start":{"line":568,"column":0},"end":{"line":568,"column":33}},"220":{"start":{"line":571,"column":0},"end":{"line":571,"column":45}},"221":{"start":{"line":574,"column":0},"end":{"line":574,"column":57}},"222":{"start":{"line":575,"column":0},"end":{"line":575,"column":43}},"223":{"start":{"line":578,"column":0},"end":{"line":588,"column":2}},"224":{"start":{"line":587,"column":24},"end":{"line":587,"column":36}},"225":{"start":{"line":590,"column":0},"end":{"line":590,"column":56}}},"fnMap":{"0":{"name":"(anonymous_0)","decl":{"start":{"line":9,"column":46},"end":{"line":9,"column":47}},"loc":{"start":{"line":9,"column":57},"end":{"line":11,"column":1}},"line":9},"1":{"name":"initializeApp","decl":{"start":{"line":13,"column":9},"end":{"line":13,"column":22}},"loc":{"start":{"line":13,"column":25},"end":{"line":36,"column":1}},"line":13},"2":{"name":"setupNavigationButtons","decl":{"start":{"line":39,"column":9},"end":{"line":39,"column":31}},"loc":{"start":{"line":39,"column":34},"end":{"line":53,"column":1}},"line":39},"3":{"name":"(anonymous_3)","decl":{"start":{"line":41,"column":39},"end":{"line":41,"column":40}},"loc":{"start":{"line":41,"column":55},"end":{"line":50,"column":5}},"line":41},"4":{"name":"setupKeyboardNavigation","decl":{"start":{"line":56,"column":9},"end":{"line":56,"column":32}},"loc":{"start":{"line":56,"column":35},"end":{"line":94,"column":1}},"line":56},"5":{"name":"(anonymous_5)","decl":{"start":{"line":57,"column":41},"end":{"line":57,"column":42}},"loc":{"start":{"line":57,"column":57},"end":{"line":93,"column":5}},"line":57},"6":{"name":"setupAutoRefresh","decl":{"start":{"line":97,"column":9},"end":{"line":97,"column":25}},"loc":{"start":{"line":97,"column":28},"end":{"line":108,"column":1}},"line":97},"7":{"name":"(anonymous_7)","decl":{"start":{"line":102,"column":42},"end":{"line":102,"column":43}},"loc":{"start":{"line":102,"column":53},"end":{"line":104,"column":9}},"line":102},"8":{"name":"toggleAutoRefresh","decl":{"start":{"line":110,"column":9},"end":{"line":110,"column":26}},"loc":{"start":{"line":110,"column":29},"end":{"line":123,"column":1}},"line":110},"9":{"name":"setupMobileEnhancements","decl":{"start":{"line":126,"column":9},"end":{"line":126,"column":32}},"loc":{"start":{"line":126,"column":35},"end":{"line":164,"column":1}},"line":126},"10":{"name":"(anonymous_10)","decl":{"start":{"line":131,"column":44},"end":{"line":131,"column":45}},"loc":{"start":{"line":131,"column":60},"end":{"line":133,"column":5}},"line":131},"11":{"name":"(anonymous_11)","decl":{"start":{"line":135,"column":42},"end":{"line":135,"column":43}},"loc":{"start":{"line":135,"column":58},"end":{"line":138,"column":5}},"line":135},"12":{"name":"handleSwipe","decl":{"start":{"line":140,"column":13},"end":{"line":140,"column":24}},"loc":{"start":{"line":140,"column":27},"end":{"line":153,"column":5}},"line":140},"13":{"name":"(anonymous_13)","decl":{"start":{"line":157,"column":42},"end":{"line":157,"column":43}},"loc":{"start":{"line":157,"column":58},"end":{"line":163,"column":5}},"line":157},"14":{"name":"navigate","decl":{"start":{"line":167,"column":15},"end":{"line":167,"column":23}},"loc":{"start":{"line":167,"column":32},"end":{"line":197,"column":1}},"line":167},"15":{"name":"toggleTheme","decl":{"start":{"line":200,"column":15},"end":{"line":200,"column":26}},"loc":{"start":{"line":200,"column":29},"end":{"line":231,"column":1}},"line":200},"16":{"name":"cycleLayout","decl":{"start":{"line":234,"column":15},"end":{"line":234,"column":26}},"loc":{"start":{"line":234,"column":29},"end":{"line":266,"column":1}},"line":234},"17":{"name":"setLayout","decl":{"start":{"line":268,"column":15},"end":{"line":268,"column":24}},"loc":{"start":{"line":268,"column":33},"end":{"line":300,"column":1}},"line":268},"18":{"name":"refresh","decl":{"start":{"line":303,"column":15},"end":{"line":303,"column":22}},"loc":{"start":{"line":303,"column":25},"end":{"line":331,"column":1}},"line":303},"19":{"name":"refreshSilent","decl":{"start":{"line":334,"column":15},"end":{"line":334,"column":28}},"loc":{"start":{"line":334,"column":31},"end":{"line":353,"column":1}},"line":334},"20":{"name":"updatePageContent","decl":{"start":{"line":356,"column":9},"end":{"line":356,"column":26}},"loc":{"start":{"line":356,"column":36},"end":{"line":401,"column":1}},"line":356},"21":{"name":"(anonymous_21)","decl":{"start":{"line":374,"column":29},"end":{"line":374,"column":30}},"loc":{"start":{"line":374,"column":41},"end":{"line":381,"column":5}},"line":374},"22":{"name":"(anonymous_22)","decl":{"start":{"line":388,"column":27},"end":{"line":388,"column":28}},"loc":{"start":{"line":388,"column":45},"end":{"line":392,"column":5}},"line":388},"23":{"name":"flashNavigationFeedback","decl":{"start":{"line":404,"column":9},"end":{"line":404,"column":32}},"loc":{"start":{"line":404,"column":41},"end":{"line":444,"column":1}},"line":404},"24":{"name":"(anonymous_24)","decl":{"start":{"line":439,"column":15},"end":{"line":439,"column":16}},"loc":{"start":{"line":439,"column":21},"end":{"line":439,"column":49}},"line":439},"25":{"name":"(anonymous_25)","decl":{"start":{"line":440,"column":15},"end":{"line":440,"column":16}},"loc":{"start":{"line":440,"column":21},"end":{"line":443,"column":5}},"line":440},"26":{"name":"(anonymous_26)","decl":{"start":{"line":442,"column":19},"end":{"line":442,"column":20}},"loc":{"start":{"line":442,"column":25},"end":{"line":442,"column":42}},"line":442},"27":{"name":"flashThemeChange","decl":{"start":{"line":446,"column":9},"end":{"line":446,"column":25}},"loc":{"start":{"line":446,"column":28},"end":{"line":469,"column":1}},"line":446},"28":{"name":"(anonymous_28)","decl":{"start":{"line":464,"column":15},"end":{"line":464,"column":16}},"loc":{"start":{"line":464,"column":21},"end":{"line":464,"column":50}},"line":464},"29":{"name":"(anonymous_29)","decl":{"start":{"line":465,"column":15},"end":{"line":465,"column":16}},"loc":{"start":{"line":465,"column":21},"end":{"line":468,"column":5}},"line":465},"30":{"name":"(anonymous_30)","decl":{"start":{"line":467,"column":19},"end":{"line":467,"column":20}},"loc":{"start":{"line":467,"column":25},"end":{"line":467,"column":41}},"line":467},"31":{"name":"showLoadingIndicator","decl":{"start":{"line":472,"column":9},"end":{"line":472,"column":29}},"loc":{"start":{"line":472,"column":54},"end":{"line":495,"column":1}},"line":472},"32":{"name":"hideLoadingIndicator","decl":{"start":{"line":497,"column":9},"end":{"line":497,"column":29}},"loc":{"start":{"line":497,"column":32},"end":{"line":502,"column":1}},"line":497},"33":{"name":"showMessage","decl":{"start":{"line":505,"column":9},"end":{"line":505,"column":20}},"loc":{"start":{"line":505,"column":45},"end":{"line":533,"column":1}},"line":505},"34":{"name":"(anonymous_34)","decl":{"start":{"line":528,"column":15},"end":{"line":528,"column":16}},"loc":{"start":{"line":528,"column":21},"end":{"line":528,"column":50}},"line":528},"35":{"name":"(anonymous_35)","decl":{"start":{"line":529,"column":15},"end":{"line":529,"column":16}},"loc":{"start":{"line":529,"column":21},"end":{"line":532,"column":5}},"line":529},"36":{"name":"(anonymous_36)","decl":{"start":{"line":531,"column":19},"end":{"line":531,"column":20}},"loc":{"start":{"line":531,"column":25},"end":{"line":531,"column":43}},"line":531},"37":{"name":"showErrorMessage","decl":{"start":{"line":535,"column":9},"end":{"line":535,"column":25}},"loc":{"start":{"line":535,"column":35},"end":{"line":537,"column":1}},"line":535},"38":{"name":"showSuccessMessage","decl":{"start":{"line":539,"column":9},"end":{"line":539,"column":27}},"loc":{"start":{"line":539,"column":37},"end":{"line":541,"column":1}},"line":539},"39":{"name":"getCurrentTheme","decl":{"start":{"line":544,"column":9},"end":{"line":544,"column":24}},"loc":{"start":{"line":544,"column":27},"end":{"line":546,"column":1}},"line":544},"40":{"name":"isAutoRefreshEnabled","decl":{"start":{"line":548,"column":9},"end":{"line":548,"column":29}},"loc":{"start":{"line":548,"column":32},"end":{"line":550,"column":1}},"line":548},"41":{"name":"(anonymous_41)","decl":{"start":{"line":587,"column":18},"end":{"line":587,"column":19}},"loc":{"start":{"line":587,"column":24},"end":{"line":587,"column":36}},"line":587}},"branchMap":{"0":{"loc":{"start":{"line":19,"column":4},"end":{"line":21,"column":5}},"type":"if","locations":[{"start":{"line":19,"column":4},"end":{"line":21,"column":5}},{"start":{},"end":{}}],"line":19},"1":{"loc":{"start":{"line":43,"column":8},"end":{"line":49,"column":9}},"type":"if","locations":[{"start":{"line":43,"column":8},"end":{"line":49,"column":9}},{"start":{},"end":{}}],"line":43},"2":{"loc":{"start":{"line":45,"column":12},"end":{"line":48,"column":13}},"type":"if","locations":[{"start":{"line":45,"column":12},"end":{"line":48,"column":13}},{"start":{},"end":{}}],"line":45},"3":{"loc":{"start":{"line":45,"column":16},"end":{"line":45,"column":54}},"type":"binary-expr","locations":[{"start":{"line":45,"column":16},"end":{"line":45,"column":33}},{"start":{"line":45,"column":37},"end":{"line":45,"column":54}}],"line":45},"4":{"loc":{"start":{"line":60,"column":8},"end":{"line":62,"column":9}},"type":"if","locations":[{"start":{"line":60,"column":8},"end":{"line":62,"column":9}},{"start":{},"end":{}}],"line":60},"5":{"loc":{"start":{"line":64,"column":8},"end":{"line":92,"column":9}},"type":"switch","locations":[{"start":{"line":65,"column":12},"end":{"line":67,"column":22}},{"start":{"line":68,"column":12},"end":{"line":70,"column":22}},{"start":{"line":71,"column":12},"end":{"line":73,"column":22}},{"start":{"line":74,"column":12},"end":{"line":76,"column":22}},{"start":{"line":77,"column":12},"end":{"line":79,"column":22}},{"start":{"line":80,"column":12},"end":{"line":80,"column":21}},{"start":{"line":81,"column":12},"end":{"line":83,"column":22}},{"start":{"line":84,"column":12},"end":{"line":84,"column":21}},{"start":{"line":85,"column":12},"end":{"line":87,"column":22}},{"start":{"line":88,"column":12},"end":{"line":88,"column":21}},{"start":{"line":89,"column":12},"end":{"line":91,"column":22}}],"line":64},"6":{"loc":{"start":{"line":101,"column":4},"end":{"line":107,"column":5}},"type":"if","locations":[{"start":{"line":101,"column":4},"end":{"line":107,"column":5}},{"start":{},"end":{}}],"line":101},"7":{"loc":{"start":{"line":111,"column":4},"end":{"line":122,"column":5}},"type":"if","locations":[{"start":{"line":111,"column":4},"end":{"line":122,"column":5}},{"start":{"line":118,"column":11},"end":{"line":122,"column":5}}],"line":111},"8":{"loc":{"start":{"line":112,"column":8},"end":{"line":115,"column":9}},"type":"if","locations":[{"start":{"line":112,"column":8},"end":{"line":115,"column":9}},{"start":{},"end":{}}],"line":112},"9":{"loc":{"start":{"line":144,"column":8},"end":{"line":152,"column":9}},"type":"if","locations":[{"start":{"line":144,"column":8},"end":{"line":152,"column":9}},{"start":{},"end":{}}],"line":144},"10":{"loc":{"start":{"line":145,"column":12},"end":{"line":151,"column":13}},"type":"if","locations":[{"start":{"line":145,"column":12},"end":{"line":151,"column":13}},{"start":{"line":148,"column":19},"end":{"line":151,"column":13}}],"line":145},"11":{"loc":{"start":{"line":159,"column":8},"end":{"line":161,"column":9}},"type":"if","locations":[{"start":{"line":159,"column":8},"end":{"line":161,"column":9}},{"start":{},"end":{}}],"line":159},"12":{"loc":{"start":{"line":183,"column":8},"end":{"line":189,"column":9}},"type":"if","locations":[{"start":{"line":183,"column":8},"end":{"line":189,"column":9}},{"start":{"line":186,"column":15},"end":{"line":189,"column":9}}],"line":183},"13":{"loc":{"start":{"line":183,"column":12},"end":{"line":183,"column":37}},"type":"binary-expr","locations":[{"start":{"line":183,"column":12},"end":{"line":183,"column":24}},{"start":{"line":183,"column":28},"end":{"line":183,"column":37}}],"line":183},"14":{"loc":{"start":{"line":214,"column":8},"end":{"line":226,"column":9}},"type":"if","locations":[{"start":{"line":214,"column":8},"end":{"line":226,"column":9}},{"start":{"line":224,"column":15},"end":{"line":226,"column":9}}],"line":214},"15":{"loc":{"start":{"line":250,"column":8},"end":{"line":258,"column":9}},"type":"if","locations":[{"start":{"line":250,"column":8},"end":{"line":258,"column":9}},{"start":{"line":255,"column":15},"end":{"line":258,"column":9}}],"line":250},"16":{"loc":{"start":{"line":284,"column":8},"end":{"line":292,"column":9}},"type":"if","locations":[{"start":{"line":284,"column":8},"end":{"line":292,"column":9}},{"start":{"line":289,"column":15},"end":{"line":292,"column":9}}],"line":284},"17":{"loc":{"start":{"line":318,"column":8},"end":{"line":323,"column":9}},"type":"if","locations":[{"start":{"line":318,"column":8},"end":{"line":323,"column":9}},{"start":{"line":321,"column":15},"end":{"line":323,"column":9}}],"line":318},"18":{"loc":{"start":{"line":318,"column":12},"end":{"line":318,"column":37}},"type":"binary-expr","locations":[{"start":{"line":318,"column":12},"end":{"line":318,"column":24}},{"start":{"line":318,"column":28},"end":{"line":318,"column":37}}],"line":318},"19":{"loc":{"start":{"line":345,"column":8},"end":{"line":348,"column":9}},"type":"if","locations":[{"start":{"line":345,"column":8},"end":{"line":348,"column":9}},{"start":{},"end":{}}],"line":345},"20":{"loc":{"start":{"line":345,"column":12},"end":{"line":345,"column":37}},"type":"binary-expr","locations":[{"start":{"line":345,"column":12},"end":{"line":345,"column":24}},{"start":{"line":345,"column":28},"end":{"line":345,"column":37}}],"line":345},"21":{"loc":{"start":{"line":378,"column":8},"end":{"line":380,"column":9}},"type":"if","locations":[{"start":{"line":378,"column":8},"end":{"line":380,"column":9}},{"start":{},"end":{}}],"line":378},"22":{"loc":{"start":{"line":378,"column":12},"end":{"line":378,"column":36}},"type":"binary-expr","locations":[{"start":{"line":378,"column":12},"end":{"line":378,"column":22}},{"start":{"line":378,"column":26},"end":{"line":378,"column":36}}],"line":378},"23":{"loc":{"start":{"line":389,"column":8},"end":{"line":391,"column":9}},"type":"if","locations":[{"start":{"line":389,"column":8},"end":{"line":391,"column":9}},{"start":{},"end":{}}],"line":389},"24":{"loc":{"start":{"line":395,"column":4},"end":{"line":397,"column":5}},"type":"if","locations":[{"start":{"line":395,"column":4},"end":{"line":397,"column":5}},{"start":{},"end":{}}],"line":395},"25":{"loc":{"start":{"line":435,"column":27},"end":{"line":435,"column":50}},"type":"binary-expr","locations":[{"start":{"line":435,"column":27},"end":{"line":435,"column":40}},{"start":{"line":435,"column":44},"end":{"line":435,"column":50}}],"line":435},"26":{"loc":{"start":{"line":455,"column":22},"end":{"line":455,"column":63}},"type":"cond-expr","locations":[{"start":{"line":455,"column":48},"end":{"line":455,"column":54}},{"start":{"line":455,"column":57},"end":{"line":455,"column":63}}],"line":455},"27":{"loc":{"start":{"line":472,"column":30},"end":{"line":472,"column":52}},"type":"default-arg","locations":[{"start":{"line":472,"column":40},"end":{"line":472,"column":52}}],"line":472},"28":{"loc":{"start":{"line":475,"column":4},"end":{"line":491,"column":5}},"type":"if","locations":[{"start":{"line":475,"column":4},"end":{"line":491,"column":5}},{"start":{},"end":{}}],"line":475},"29":{"loc":{"start":{"line":499,"column":4},"end":{"line":501,"column":5}},"type":"if","locations":[{"start":{"line":499,"column":4},"end":{"line":501,"column":5}},{"start":{},"end":{}}],"line":499},"30":{"loc":{"start":{"line":505,"column":30},"end":{"line":505,"column":43}},"type":"default-arg","locations":[{"start":{"line":505,"column":37},"end":{"line":505,"column":43}}],"line":505},"31":{"loc":{"start":{"line":520,"column":10},"end":{"line":522,"column":46}},"type":"cond-expr","locations":[{"start":{"line":520,"column":29},"end":{"line":520,"column":65}},{"start":{"line":521,"column":10},"end":{"line":522,"column":46}}],"line":520},"32":{"loc":{"start":{"line":521,"column":10},"end":{"line":522,"column":46}},"type":"cond-expr","locations":[{"start":{"line":521,"column":31},"end":{"line":521,"column":67}},{"start":{"line":522,"column":10},"end":{"line":522,"column":46}}],"line":521}},"s":{"0":1,"1":1,"2":1,"3":1,"4":59,"5":59,"6":59,"7":59,"8":59,"9":3,"10":59,"11":59,"12":59,"13":59,"14":59,"15":59,"16":53,"17":53,"18":53,"19":53,"20":53,"21":53,"22":59,"23":59,"24":252,"25":252,"26":187,"27":252,"28":28,"29":28,"30":29,"31":29,"32":30,"33":30,"34":34,"35":34,"36":35,"37":35,"38":31,"39":31,"40":32,"41":32,"42":33,"43":33,"44":62,"45":62,"46":58,"47":35,"48":58,"49":6,"50":3,"51":3,"52":3,"53":3,"54":3,"55":3,"56":3,"57":3,"58":59,"59":59,"60":59,"61":111,"62":59,"63":189,"64":189,"65":189,"66":189,"67":189,"68":149,"69":36,"70":113,"71":59,"72":59,"73":189,"74":189,"75":150,"76":189,"77":363,"78":363,"79":363,"80":363,"81":361,"82":361,"83":359,"84":2,"85":2,"86":2,"87":2,"88":363,"89":36,"90":36,"91":36,"92":34,"93":34,"94":34,"95":34,"96":34,"97":34,"98":0,"99":2,"100":36,"101":36,"102":36,"103":36,"104":34,"105":34,"106":34,"107":34,"108":0,"109":0,"110":2,"111":2,"112":36,"113":3,"114":3,"115":3,"116":3,"117":1,"118":1,"119":1,"120":1,"121":0,"122":0,"123":2,"124":2,"125":3,"126":34,"127":34,"128":34,"129":34,"130":32,"131":32,"132":32,"133":32,"134":0,"135":2,"136":2,"137":34,"138":38,"139":38,"140":36,"141":36,"142":36,"143":36,"144":2,"145":430,"146":430,"147":430,"148":430,"149":3870,"150":3870,"151":3870,"152":420,"153":430,"154":430,"155":430,"156":429,"157":1,"158":430,"159":1,"160":430,"161":1,"162":1,"163":1,"164":1,"165":1,"166":1,"167":0,"168":1,"169":0,"170":0,"171":0,"172":35,"173":35,"174":35,"175":35,"176":34,"177":35,"178":2,"179":2,"180":0,"181":439,"182":439,"183":26,"184":26,"185":26,"186":26,"187":439,"188":439,"189":438,"190":438,"191":438,"192":45,"193":45,"194":45,"195":45,"196":45,"197":38,"198":45,"199":0,"200":0,"201":0,"202":11,"203":33,"204":5,"205":8,"206":1,"207":1,"208":1,"209":1,"210":1,"211":1,"212":1,"213":1,"214":1,"215":1,"216":1,"217":1,"218":1,"219":1,"220":1,"221":1,"222":1,"223":1,"224":0,"225":1},"f":{"0":59,"1":59,"2":59,"3":53,"4":59,"5":252,"6":62,"7":35,"8":6,"9":59,"10":111,"11":189,"12":189,"13":189,"14":363,"15":36,"16":36,"17":3,"18":34,"19":38,"20":430,"21":3870,"22":429,"23":1,"24":0,"25":0,"26":0,"27":35,"28":34,"29":2,"30":0,"31":439,"32":438,"33":45,"34":38,"35":0,"36":0,"37":11,"38":33,"39":5,"40":8,"41":0},"b":{"0":[3,56],"1":[53,0],"2":[53,0],"3":[53,27],"4":[187,65],"5":[28,29,30,34,35,31,31,32,32,33,33],"6":[58,4],"7":[3,3],"8":[3,0],"9":[149,40],"10":[36,113],"11":[150,39],"12":[359,2],"13":[361,360],"14":[34,0],"15":[34,0],"16":[1,0],"17":[32,0],"18":[32,32],"19":[36,0],"20":[36,36],"21":[420,3450],"22":[3870,3861],"23":[1,428],"24":[1,429],"25":[1,0],"26":[0,35],"27":[364],"28":[26,413],"29":[438,0],"30":[0],"31":[11,34],"32":[33,1]},"_coverageSchema":"1a1c01bbd47fc00a2c39e90264f33305004495a9","hash":"173f5722ce0b49c6b741fd955caf989b37a65464"}
,"/home/bencan/projects/calendarBot/calendarbot/web/static/layouts/whats-next-view/whats-next-view.js": {"path":"/home/bencan/projects/calendarBot/calendarbot/web/static/layouts/whats-next-view/whats-next-view.js","statementMap":{"0":{"start":{"line":4,"column":19},"end":{"line":4,"column":25}},"1":{"start":{"line":5,"column":26},"end":{"line":5,"column":30}},"2":{"start":{"line":6,"column":25},"end":{"line":6,"column":29}},"3":{"start":{"line":7,"column":24},"end":{"line":7,"column":28}},"4":{"start":{"line":8,"column":21},"end":{"line":8,"column":25}},"5":{"start":{"line":9,"column":23},"end":{"line":9,"column":25}},"6":{"start":{"line":10,"column":21},"end":{"line":10,"column":25}},"7":{"start":{"line":13,"column":0},"end":{"line":15,"column":3}},"8":{"start":{"line":14,"column":4},"end":{"line":14,"column":30}},"9":{"start":{"line":22,"column":4},"end":{"line":22,"column":56}},"10":{"start":{"line":25,"column":24},"end":{"line":25,"column":48}},"11":{"start":{"line":26,"column":25},"end":{"line":26,"column":67}},"12":{"start":{"line":27,"column":4},"end":{"line":29,"column":5}},"13":{"start":{"line":28,"column":8},"end":{"line":28,"column":39}},"14":{"start":{"line":32,"column":4},"end":{"line":32,"column":29}},"15":{"start":{"line":33,"column":4},"end":{"line":33,"column":30}},"16":{"start":{"line":34,"column":4},"end":{"line":34,"column":23}},"17":{"start":{"line":35,"column":4},"end":{"line":35,"column":30}},"18":{"start":{"line":38,"column":4},"end":{"line":38,"column":27}},"19":{"start":{"line":39,"column":4},"end":{"line":39,"column":28}},"20":{"start":{"line":40,"column":4},"end":{"line":40,"column":25}},"21":{"start":{"line":43,"column":4},"end":{"line":43,"column":22}},"22":{"start":{"line":45,"column":4},"end":{"line":45,"column":76}},"23":{"start":{"line":52,"column":4},"end":{"line":74,"column":7}},"24":{"start":{"line":53,"column":24},"end":{"line":53,"column":61}},"25":{"start":{"line":54,"column":8},"end":{"line":73,"column":9}},"26":{"start":{"line":55,"column":27},"end":{"line":55,"column":62}},"27":{"start":{"line":56,"column":12},"end":{"line":56,"column":35}},"28":{"start":{"line":58,"column":12},"end":{"line":72,"column":13}},"29":{"start":{"line":60,"column":20},"end":{"line":60,"column":30}},"30":{"start":{"line":61,"column":20},"end":{"line":61,"column":26}},"31":{"start":{"line":63,"column":20},"end":{"line":63,"column":34}},"32":{"start":{"line":64,"column":20},"end":{"line":64,"column":26}},"33":{"start":{"line":66,"column":20},"end":{"line":66,"column":34}},"34":{"start":{"line":67,"column":20},"end":{"line":67,"column":26}},"35":{"start":{"line":69,"column":20},"end":{"line":71,"column":21}},"36":{"start":{"line":70,"column":24},"end":{"line":70,"column":41}},"37":{"start":{"line":76,"column":4},"end":{"line":76,"column":71}},"38":{"start":{"line":83,"column":4},"end":{"line":106,"column":7}},"39":{"start":{"line":84,"column":31},"end":{"line":84,"column":66}},"40":{"start":{"line":85,"column":8},"end":{"line":87,"column":9}},"41":{"start":{"line":86,"column":12},"end":{"line":86,"column":35}},"42":{"start":{"line":89,"column":8},"end":{"line":105,"column":9}},"43":{"start":{"line":92,"column":16},"end":{"line":92,"column":26}},"44":{"start":{"line":93,"column":16},"end":{"line":93,"column":22}},"45":{"start":{"line":96,"column":16},"end":{"line":96,"column":30}},"46":{"start":{"line":97,"column":16},"end":{"line":97,"column":22}},"47":{"start":{"line":100,"column":16},"end":{"line":100,"column":30}},"48":{"start":{"line":101,"column":16},"end":{"line":101,"column":22}},"49":{"start":{"line":103,"column":16},"end":{"line":103,"column":26}},"50":{"start":{"line":104,"column":16},"end":{"line":104,"column":22}},"51":{"start":{"line":113,"column":28},"end":{"line":113,"column":33}},"52":{"start":{"line":115,"column":4},"end":{"line":121,"column":5}},"53":{"start":{"line":116,"column":8},"end":{"line":118,"column":28}},"54":{"start":{"line":117,"column":12},"end":{"line":117,"column":28}},"55":{"start":{"line":120,"column":8},"end":{"line":120,"column":96}},"56":{"start":{"line":129,"column":22},"end":{"line":129,"column":23}},"57":{"start":{"line":130,"column":20},"end":{"line":130,"column":21}},"58":{"start":{"line":132,"column":4},"end":{"line":134,"column":7}},"59":{"start":{"line":133,"column":8},"end":{"line":133,"column":54}},"60":{"start":{"line":136,"column":4},"end":{"line":139,"column":7}},"61":{"start":{"line":137,"column":8},"end":{"line":137,"column":52}},"62":{"start":{"line":138,"column":8},"end":{"line":138,"column":22}},"63":{"start":{"line":142,"column":31},"end":{"line":142,"column":33}},"64":{"start":{"line":143,"column":30},"end":{"line":143,"column":53}},"65":{"start":{"line":145,"column":8},"end":{"line":153,"column":9}},"66":{"start":{"line":146,"column":12},"end":{"line":152,"column":13}},"67":{"start":{"line":148,"column":16},"end":{"line":148,"column":26}},"68":{"start":{"line":151,"column":16},"end":{"line":151,"column":26}},"69":{"start":{"line":157,"column":23},"end":{"line":157,"column":24}},"70":{"start":{"line":158,"column":4},"end":{"line":164,"column":14}},"71":{"start":{"line":159,"column":20},"end":{"line":159,"column":42}},"72":{"start":{"line":160,"column":8},"end":{"line":162,"column":9}},"73":{"start":{"line":161,"column":12},"end":{"line":161,"column":35}},"74":{"start":{"line":163,"column":8},"end":{"line":163,"column":27}},"75":{"start":{"line":172,"column":4},"end":{"line":174,"column":5}},"76":{"start":{"line":173,"column":8},"end":{"line":173,"column":41}},"77":{"start":{"line":176,"column":4},"end":{"line":179,"column":13}},"78":{"start":{"line":177,"column":8},"end":{"line":177,"column":26}},"79":{"start":{"line":178,"column":8},"end":{"line":178,"column":34}},"80":{"start":{"line":181,"column":4},"end":{"line":181,"column":65}},"81":{"start":{"line":189,"column":4},"end":{"line":189,"column":69}},"82":{"start":{"line":197,"column":23},"end":{"line":197,"column":52}},"83":{"start":{"line":198,"column":4},"end":{"line":198,"column":45}},"84":{"start":{"line":199,"column":4},"end":{"line":199,"column":51}},"85":{"start":{"line":200,"column":4},"end":{"line":200,"column":51}},"86":{"start":{"line":201,"column":4},"end":{"line":201,"column":37}},"87":{"start":{"line":202,"column":4},"end":{"line":202,"column":42}},"88":{"start":{"line":205,"column":25},"end":{"line":205,"column":67}},"89":{"start":{"line":206,"column":4},"end":{"line":210,"column":7}},"90":{"start":{"line":207,"column":8},"end":{"line":207,"column":43}},"91":{"start":{"line":208,"column":8},"end":{"line":208,"column":44}},"92":{"start":{"line":209,"column":8},"end":{"line":209,"column":67}},"93":{"start":{"line":212,"column":4},"end":{"line":212,"column":74}},"94":{"start":{"line":219,"column":4},"end":{"line":247,"column":5}},"95":{"start":{"line":220,"column":8},"end":{"line":220,"column":52}},"96":{"start":{"line":222,"column":25},"end":{"line":227,"column":10}},"97":{"start":{"line":229,"column":21},"end":{"line":229,"column":42}},"98":{"start":{"line":231,"column":8},"end":{"line":240,"column":9}},"99":{"start":{"line":233,"column":12},"end":{"line":233,"column":48}},"100":{"start":{"line":234,"column":12},"end":{"line":234,"column":41}},"101":{"start":{"line":235,"column":12},"end":{"line":235,"column":35}},"102":{"start":{"line":236,"column":12},"end":{"line":236,"column":30}},"103":{"start":{"line":237,"column":12},"end":{"line":237,"column":40}},"104":{"start":{"line":239,"column":12},"end":{"line":239,"column":58}},"105":{"start":{"line":243,"column":8},"end":{"line":243,"column":77}},"106":{"start":{"line":244,"column":8},"end":{"line":244,"column":49}},"107":{"start":{"line":246,"column":8},"end":{"line":246,"column":31}},"108":{"start":{"line":255,"column":4},"end":{"line":289,"column":5}},"109":{"start":{"line":256,"column":23},"end":{"line":256,"column":38}},"110":{"start":{"line":257,"column":20},"end":{"line":257,"column":61}},"111":{"start":{"line":261,"column":30},"end":{"line":261,"column":68}},"112":{"start":{"line":262,"column":31},"end":{"line":262,"column":70}},"113":{"start":{"line":264,"column":8},"end":{"line":264,"column":30}},"114":{"start":{"line":267,"column":8},"end":{"line":272,"column":11}},"115":{"start":{"line":268,"column":28},"end":{"line":268,"column":60}},"116":{"start":{"line":269,"column":12},"end":{"line":271,"column":13}},"117":{"start":{"line":270,"column":16},"end":{"line":270,"column":47}},"118":{"start":{"line":275,"column":8},"end":{"line":280,"column":11}},"119":{"start":{"line":276,"column":28},"end":{"line":276,"column":60}},"120":{"start":{"line":277,"column":12},"end":{"line":279,"column":13}},"121":{"start":{"line":278,"column":16},"end":{"line":278,"column":47}},"122":{"start":{"line":283,"column":8},"end":{"line":283,"column":89}},"123":{"start":{"line":283,"column":40},"end":{"line":283,"column":87}},"124":{"start":{"line":285,"column":8},"end":{"line":285,"column":83}},"125":{"start":{"line":288,"column":8},"end":{"line":288,"column":78}},"126":{"start":{"line":298,"column":4},"end":{"line":332,"column":5}},"127":{"start":{"line":299,"column":29},"end":{"line":299,"column":66}},"128":{"start":{"line":300,"column":28},"end":{"line":300,"column":64}},"129":{"start":{"line":301,"column":32},"end":{"line":301,"column":72}},"130":{"start":{"line":303,"column":8},"end":{"line":305,"column":9}},"131":{"start":{"line":304,"column":12},"end":{"line":304,"column":24}},"132":{"start":{"line":307,"column":22},"end":{"line":307,"column":53}},"133":{"start":{"line":308,"column":25},"end":{"line":308,"column":55}},"134":{"start":{"line":311,"column":26},"end":{"line":311,"column":108}},"135":{"start":{"line":312,"column":8},"end":{"line":314,"column":9}},"136":{"start":{"line":313,"column":12},"end":{"line":313,"column":24}},"137":{"start":{"line":316,"column":22},"end":{"line":316,"column":32}},"138":{"start":{"line":317,"column":26},"end":{"line":317,"column":62}},"139":{"start":{"line":318,"column":24},"end":{"line":318,"column":60}},"140":{"start":{"line":320,"column":8},"end":{"line":327,"column":10}},"141":{"start":{"line":330,"column":8},"end":{"line":330,"column":88}},"142":{"start":{"line":331,"column":8},"end":{"line":331,"column":20}},"143":{"start":{"line":342,"column":22},"end":{"line":342,"column":36}},"144":{"start":{"line":343,"column":17},"end":{"line":343,"column":35}},"145":{"start":{"line":346,"column":18},"end":{"line":346,"column":66}},"146":{"start":{"line":347,"column":4},"end":{"line":365,"column":5}},"147":{"start":{"line":348,"column":20},"end":{"line":348,"column":38}},"148":{"start":{"line":349,"column":24},"end":{"line":349,"column":42}},"149":{"start":{"line":350,"col
[...]
t":{"line":146,"column":12},"end":{"line":152,"column":13}},{"start":{"line":149,"column":19},"end":{"line":152,"column":13}}],"line":146},"10":{"loc":{"start":{"line":160,"column":8},"end":{"line":162,"column":9}},"type":"if","locations":[{"start":{"line":160,"column":8},"end":{"line":162,"column":9}},{"start":{},"end":{}}],"line":160},"11":{"loc":{"start":{"line":172,"column":4},"end":{"line":174,"column":5}},"type":"if","locations":[{"start":{"line":172,"column":4},"end":{"line":174,"column":5}},{"start":{},"end":{}}],"line":172},"12":{"loc":{"start":{"line":231,"column":8},"end":{"line":240,"column":9}},"type":"if","locations":[{"start":{"line":231,"column":8},"end":{"line":240,"column":9}},{"start":{"line":238,"column":15},"end":{"line":240,"column":9}}],"line":231},"13":{"loc":{"start":{"line":231,"column":12},"end":{"line":231,"column":37}},"type":"binary-expr","locations":[{"start":{"line":231,"column":12},"end":{"line":231,"column":24}},{"start":{"line":231,"column":28},"end":{"line":231,"column":37}}],"line":231},"14":{"loc":{"start":{"line":269,"column":12},"end":{"line":271,"column":13}},"type":"if","locations":[{"start":{"line":269,"column":12},"end":{"line":271,"column":13}},{"start":{},"end":{}}],"line":269},"15":{"loc":{"start":{"line":277,"column":12},"end":{"line":279,"column":13}},"type":"if","locations":[{"start":{"line":277,"column":12},"end":{"line":279,"column":13}},{"start":{},"end":{}}],"line":277},"16":{"loc":{"start":{"line":303,"column":8},"end":{"line":305,"column":9}},"type":"if","locations":[{"start":{"line":303,"column":8},"end":{"line":305,"column":9}},{"start":{},"end":{}}],"line":303},"17":{"loc":{"start":{"line":303,"column":12},"end":{"line":303,"column":41}},"type":"binary-expr","locations":[{"start":{"line":303,"column":12},"end":{"line":303,"column":25}},{"start":{"line":303,"column":29},"end":{"line":303,"column":41}}],"line":303},"18":{"loc":{"start":{"line":312,"column":8},"end":{"line":314,"column":9}},"type":"if","locations":[{"start":{"line":312,"column":8},"end":{"line":314,"column":9}},{"start":{},"end":{}}],"line":312},"19":{"loc":{"start":{"line":325,"column":22},"end":{"line":325,"column":79}},"type":"cond-expr","locations":[{"start":{"line":325,"column":40},"end":{"line":325,"column":74}},{"start":{"line":325,"column":77},"end":{"line":325,"column":79}}],"line":325},"20":{"loc":{"start":{"line":347,"column":4},"end":{"line":365,"column":5}},"type":"if","locations":[{"start":{"line":347,"column":4},"end":{"line":365,"column":5}},{"start":{},"end":{}}],"line":347},"21":{"loc":{"start":{"line":350,"column":21},"end":{"line":350,"column":59}},"type":"cond-expr","locations":[{"start":{"line":350,"column":32},"end":{"line":350,"column":54}},{"start":{"line":350,"column":57},"end":{"line":350,"column":59}}],"line":350},"22":{"loc":{"start":{"line":352,"column":8},"end":{"line":356,"column":9}},"type":"if","locations":[{"start":{"line":352,"column":8},"end":{"line":356,"column":9}},{"start":{"line":354,"column":15},"end":{"line":356,"column":9}}],"line":352},"23":{"loc":{"start":{"line":352,"column":12},"end":{"line":352,"column":41}},"type":"binary-expr","locations":[{"start":{"line":352,"column":12},"end":{"line":352,"column":25}},{"start":{"line":352,"column":29},"end":{"line":352,"column":41}}],"line":352},"24":{"loc":{"start":{"line":354,"column":15},"end":{"line":356,"column":9}},"type":"if","locations":[{"start":{"line":354,"column":15},"end":{"line":356,"column":9}},{"start":{},"end":{}}],"line":354},"25":{"loc":{"start":{"line":354,"column":19},"end":{"line":354,"column":48}},"type":"binary-expr","locations":[{"start":{"line":354,"column":19},"end":{"line":354,"column":32}},{"start":{"line":354,"column":36},"end":{"line":354,"column":48}}],"line":354},"26":{"loc":{"start":{"line":362,"column":8},"end":{"line":364,"column":9}},"type":"if","locations":[{"start":{"line":362,"column":8},"end":{"line":364,"column":9}},{"start":{},"end":{}}],"line":362},"27":{"loc":{"start":{"line":383,"column":8},"end":{"line":386,"column":9}},"type":"if","locations":[{"start":{"line":383,"column":8},"end":{"line":386,"column":9}},{"start":{},"end":{}}],"line":383},"28":{"loc":{"start":{"line":383,"column":12},"end":{"line":383,"column":52}},"type":"binary-expr","locations":[{"start":{"line":383,"column":12},"end":{"line":383,"column":31}},{"start":{"line":383,"column":35},"end":{"line":383,"column":52}}],"line":383},"29":{"loc":{"start":{"line":389,"column":8},"end":{"line":392,"column":9}},"type":"if","locations":[{"start":{"line":389,"column":8},"end":{"line":392,"column":9}},{"start":{},"end":{}}],"line":389},"30":{"loc":{"start":{"line":395,"column":62},"end":{"line":395,"column":108}},"type":"cond-expr","locations":[{"start":{"line":395,"column":79},"end":{"line":395,"column":99}},{"start":{"line":395,"column":102},"end":{"line":395,"column":108}}],"line":395},"31":{"loc":{"start":{"line":407,"column":4},"end":{"line":409,"column":5}},"type":"if","locations":[{"start":{"line":407,"column":4},"end":{"line":409,"column":5}},{"start":{},"end":{}}],"line":407},"32":{"loc":{"start":{"line":407,"column":8},"end":{"line":407,"column":44}},"type":"binary-expr","locations":[{"start":{"line":407,"column":8},"end":{"line":407,"column":25}},{"start":{"line":407,"column":29},"end":{"line":407,"column":44}}],"line":407},"33":{"loc":{"start":{"line":419,"column":4},"end":{"line":431,"column":5}},"type":"if","locations":[{"start":{"line":419,"column":4},"end":{"line":431,"column":5}},{"start":{"line":423,"column":11},"end":{"line":431,"column":5}}],"line":419},"34":{"loc":{"start":{"line":419,"column":8},"end":{"line":419,"column":48}},"type":"binary-expr","locations":[{"start":{"line":419,"column":8},"end":{"line":419,"column":27}},{"start":{"line":419,"column":31},"end":{"line":419,"column":48}}],"line":419},"35":{"loc":{"start":{"line":423,"column":11},"end":{"line":431,"column":5}},"type":"if","locations":[{"start":{"line":423,"column":11},"end":{"line":431,"column":5}},{"start":{"line":427,"column":11},"end":{"line":431,"column":5}}],"line":423},"36":{"loc":{"start":{"line":433,"column":4},"end":{"line":436,"column":5}},"type":"if","locations":[{"start":{"line":433,"column":4},"end":{"line":436,"column":5}},{"start":{},"end":{}}],"line":433},"37":{"loc":{"start":{"line":446,"column":4},"end":{"line":452,"column":5}},"type":"if","locations":[{"start":{"line":446,"column":4},"end":{"line":452,"column":5}},{"start":{"line":449,"column":11},"end":{"line":452,"column":5}}],"line":446},"38":{"loc":{"start":{"line":448,"column":20},"end":{"line":448,"column":50}},"type":"cond-expr","locations":[{"start":{"line":448,"column":34},"end":{"line":448,"column":40}},{"start":{"line":448,"column":43},"end":{"line":448,"column":50}}],"line":448},"39":{"loc":{"start":{"line":451,"column":20},"end":{"line":451,"column":56}},"type":"cond-expr","locations":[{"start":{"line":451,"column":36},"end":{"line":451,"column":44}},{"start":{"line":451,"column":47},"end":{"line":451,"column":56}}],"line":451},"40":{"loc":{"start":{"line":456,"column":4},"end":{"line":456,"column":63}},"type":"if","locations":[{"start":{"line":456,"column":4},"end":{"line":456,"column":63}},{"start":{},"end":{}}],"line":456},"41":{"loc":{"start":{"line":457,"column":4},"end":{"line":457,"column":63}},"type":"if","locations":[{"start":{"line":457,"column":4},"end":{"line":457,"column":63}},{"start":{},"end":{}}],"line":457},"42":{"loc":{"start":{"line":460,"column":4},"end":{"line":464,"column":5}},"type":"if","locations":[{"start":{"line":460,"column":4},"end":{"line":464,"column":5}},{"start":{"line":462,"column":11},"end":{"line":464,"column":5}}],"line":460},"43":{"loc":{"start":{"line":467,"column":4},"end":{"line":469,"column":5}},"type":"if","locations":[{"start":{"line":467,"column":4},"end":{"line":469,"column":5}},{"start":{},"end":{}}],"line":467},"44":{"loc":{"start":{"line":467,"column":8},"end":{"line":467,"column":56}},"type":"binary-expr","locations":[{"start":{"line":467,"column":8},"end":{"line":467,"column":22}},{"start":{"line":467,"column":26},"end":{"line":467,"column":39}},{"start":{"line":467,"column":43},"end":{"line":467,"column":56}}],"line":467},"45":{"loc":{"start":{"line":468,"column":45},"end":{"line":468,"column":81}},"type":"cond-expr","locations":[{"start":{"line":468,"column":61},"end":{"line":468,"column":69}},{"start":{"line":468,"column":72},"end":{"line":468,"column":81}}],"line":468},"46":{"loc":{"start":{"line":477,"column":4},"end":{"line":477,"column":25}},"type":"if","locations":[{"start":{"line":477,"column":4},"end":{"line":477,"column":25}},{"start":{},"end":{}}],"line":477},"47":{"loc":{"start":{"line":479,"column":4},"end":{"line":482,"column":5}},"type":"if","locations":[{"start":{"line":479,"column":4},"end":{"line":482,"column":5}},{"start":{},"end":{}}],"line":479},"48":{"loc":{"start":{"line":497,"column":14},"end":{"line":497,"column":121}},"type":"cond-expr","locations":[{"start":{"line":497,"column":40},"end":{"line":497,"column":116}},{"start":{"line":497,"column":119},"end":{"line":497,"column":121}}],"line":497},"49":{"loc":{"start":{"line":498,"column":14},"end":{"line":498,"column":130}},"type":"cond-expr","locations":[{"start":{"line":498,"column":43},"end":{"line":498,"column":125}},{"start":{"line":498,"column":128},"end":{"line":498,"column":130}}],"line":498},"50":{"loc":{"start":{"line":501,"column":10},"end":{"line":513,"column":14}},"type":"cond-expr","locations":[{"start":{"line":501,"column":36},"end":{"line":513,"column":9}},{"start":{"line":513,"column":12},"end":{"line":513,"column":14}}],"line":501},"51":{"loc":{"start":{"line":524,"column":4},"end":{"line":524,"column":32}},"type":"if","locations":[{"start":{"line":524,"column":4},"end":{"line":524,"column":32}},{"start":{},"end":{}}],"line":524},"52":{"loc":{"start":{"line":530,"column":4},"end":{"line":534,"column":5}},"type":"if","locations":[{"start":{"line":530,"column":4},"end":{"line":534,"column":5}},{"start":{},"end":{}}],"line":530},"53":{"loc":{"start":{"line":568,"column":4},"end":{"line":568,"column":25}},"type":"if","locations":[{"start":{"line":568,"column":4},"end":{"line":568,"column":25}},{"start":{},"end":{}}],"line":568},"54":{"loc":{"start":{"line":585,"column":4},"end":{"line":585,"column":25}},"type":"if","locations":[{"start":{"line":585,"column":4},"end":{"line":585,"column":25}},{"start":{},"end":{}}],"line":585},"55":{"loc":{"start":{"line":602,"column":18},"end":{"line":602,"column":76}},"type":"binary-expr","locations":[{"start":{"line":602,"column":18},"end":{"line":602,"column":70}},{"start":{"line":602,"column":74},"end":{"line":602,"column":76}}],"line":602},"56":{"loc":{"start":{"line":603,"column":17},"end":{"line":603,"column":74}},"type":"binary-expr","locations":[{"start":{"line":603,"column":17},"end":{"line":603,"column":68}},{"start":{"line":603,"column":72},"end":{"line":603,"column":74}}],"line":603},"57":{"loc":{"start":{"line":604,"column":31},"end":{"line":604,"column":54}},"type":"cond-expr","locations":[{"start":{"line":604,"column":38},"end":{"line":604,"column":49}},{"start":{"line":604,"column":52},"end":{"line":604,"column":54}}],"line":604},"58":{"loc":{"start":{"line":613,"column":4},"end":{"line":615,"column":5}},"type":"if","locations":[{"start":{"line":613,"column":4},"end":{"line":615,"column":5}},{"start":{},"end":{}}],"line":613},"59":{"loc":{"start":{"line":656,"column":8},"end":{"line":663,"column":9}},"type":"if","locations":[{"start":{"line":656,"column":8},"end":{"line":663,"column":9}},{"start":{"line":660,"column":15},"end":{"line":663,"column":9}}],"line":656},"60":{"loc":{"start":{"line":656,"column":12},"end":{"line":656,"column":37}},"type":"binary-expr","locations":[{"start":{"line":656,"column":12},"end":{"line":656,"column":24}},{"start":{"line":656,"column":28},"end":{"line":656,"column":37}}],"line":656},"61":{"loc":{"start":{"line":690,"column":8},"end":{"line":696,"column":9}},"type":"if","locations":[{"start":{"line":690,"column":8},"end":{"line":696,"column":9}},{"start":{"line":694,"column":15},"end":{"line":696,"column":9}}],"line":690},"62":{"loc":{"start":{"line":722,"column":8},"end":{"line":728,"column":9}},"type":"if","locations":[{"start":{"line":722,"column":8},"end":{"line":728,"column":9}},{"start":{"line":725,"column":15},"end":{"line":728,"column":9}}],"line":722},"63":{"loc":{"start":{"line":761,"column":8},"end":{"line":766,"column":9}},"type":"if","locations":[{"start":{"line":761,"column":8},"end":{"line":766,"column":9}},{"start":{},"end":{}}],"line":761},"64":{"loc":{"start":{"line":761,"column":12},"end":{"line":761,"column":37}},"type":"binary-expr","locations":[{"start":{"line":761,"column":12},"end":{"line":761,"column":24}},{"start":{"line":761,"column":28},"end":{"line":761,"column":37}}],"line":761},"65":{"loc":{"start":{"line":790,"column":8},"end":{"line":792,"column":9}},"type":"if","locations":[{"start":{"line":790,"column":8},"end":{"line":792,"column":9}},{"start":{},"end":{}}],"line":790},"66":{"loc":{"start":{"line":790,"column":12},"end":{"line":790,"column":36}},"type":"binary-expr","locations":[{"start":{"line":790,"column":12},"end":{"line":790,"column":22}},{"start":{"line":790,"column":26},"end":{"line":790,"column":36}}],"line":790},"67":{"loc":{"start":{"line":796,"column":4},"end":{"line":798,"column":5}},"type":"if","locations":[{"start":{"line":796,"column":4},"end":{"line":798,"column":5}},{"start":{},"end":{}}],"line":796},"68":{"loc":{"start":{"line":812,"column":30},"end":{"line":812,"column":52}},"type":"default-arg","locations":[{"start":{"line":812,"column":40},"end":{"line":812,"column":52}}],"line":812},"69":{"loc":{"start":{"line":815,"column":4},"end":{"line":831,"column":5}},"type":"if","locations":[{"start":{"line":815,"column":4},"end":{"line":831,"column":5}},{"start":{},"end":{}}],"line":815},"70":{"loc":{"start":{"line":842,"column":4},"end":{"line":844,"column":5}},"type":"if","locations":[{"start":{"line":842,"column":4},"end":{"line":844,"column":5}},{"start":{},"end":{}}],"line":842},"71":{"loc":{"start":{"line":850,"column":30},"end":{"line":850,"column":43}},"type":"default-arg","locations":[{"start":{"line":850,"column":37},"end":{"line":850,"column":43}}],"line":850},"72":{"loc":{"start":{"line":865,"column":10},"end":{"line":867,"column":46}},"type":"cond-expr","locations":[{"start":{"line":865,"column":29},"end":{"line":865,"column":65}},{"start":{"line":866,"column":10},"end":{"line":867,"column":46}}],"line":865},"73":{"loc":{"start":{"line":866,"column":10},"end":{"line":867,"column":46}},"type":"cond-expr","locations":[{"start":{"line":866,"column":31},"end":{"line":866,"column":67}},{"start":{"line":867,"column":10},"end":{"line":867,"column":46}}],"line":866},"74":{"loc":{"start":{"line":931,"column":8},"end":{"line":936,"column":9}},"type":"if","locations":[{"start":{"line":931,"column":8},"end":{"line":936,"column":9}},{"start":{"line":933,"column":15},"end":{"line":936,"column":9}}],"line":931},"75":{"loc":{"start":{"line":933,"column":15},"end":{"line":936,"column":9}},"type":"if","locations":[{"start":{"line":933,"column":15},"end":{"line":936,"column":9}},{"start":{},"end":{}}],"line":933}},"s":{"0":2,"1":2,"2":2,"3":2,"4":2,"5":2,"6":2,"7":2,"8":66,"9":66,"10":66,"11":66,"12":66,"13":0,"14":66,"15":66,"16":66,"17":66,"18":66,"19":66,"20":66,"21":66,"22":66,"23":66,"24":48,"25":48,"26":48,"27":48,"28":48,"29":15,"30":15,"31":16,"32":16,"33":17,"34":17,"35":0,"36":0,"37":66,"38":66,"39":78,"40":78,"41":78,"42":78,"43":18,"44":18,"45":19,"46":19,"47":20,"48":20,"49":21,"50":21,"51":66,"52":66,"53":61,"54":23,"55":61,"56":66,"57":66,"58":66,"59":23,"60":66,"61":23,"62":23,"63":23,"64":23,"65":23,"66":23,"67":23,"68":0,"69":66,"70":66,"71":23,"72":23,"73":0,"74":23,"75":66,"76":64,"77":66,"78":8,"79":8,"80":66,"81":66,"82":237,"83":237,"84":237,"85":237,"86":237,"87":237,"88":237,"89":237,"90":188,"91":188,"92":188,"93":237,"94":154,"95":154,"96":154,"97":150,"98":148,"99":147,"100":147,"101":147,"102":147,"103":147,"104":1,"105":6,"106":6,"107":154,"108":171,"109":171,"110":171,"111":171,"112":171,"113":171,"114":171,"115":165,"116":165,"117":162,"118":171,"119":8,"120":8,"121":8,"122":171,"123":8,"124":171,"125":0,"126":173,"127":173,"128":173,"129":173,"130":173,"131":3,"132":170,"133":170,"134":170,"135":170,"136":0,"137":170,"138":170,"139":170,"140":170,"141":0,"142":0,"143":340,"144":340,"145":340,"146":340,"147":340,"148":340,"149":340,"150":340,"151":316,"152":24,"153":4,"154":340,"155":340,"156":340,"157":340,"158":340,"159":174,"160":174,"161":174,"162":165,"163":165,"164":165,"165":0,"166":0,"167":165,"168":165,"169":165,"170":174,"171":174,"172":160,"173":160,"174":160,"175":160,"176":10,"177":150,"178":150,"179":150,"180":150,"181":0,"182":0,"183":150,"184":150,"185":150,"186":0,"187":0,"188":150,"189":0,"190":0,"191":150,"192":150,"193":150,"194":150,"195":150,"196":0,"197":0,"198":150,"199":150,"200":150,"201":150,"202":150,"203":150,"204":0,"205":150,"206":150,"207":0,"208":179,"209":179,"210":1,"211":178,"212":10,"213":10,"214":168,"215":168,"216":8,"217":168,"218":168,"219":8,"220":0,"221":8,"222":8,"223":8,"224":0,"225":0,"226":0,"227":177,"228":177,"229":177,"230":177,"231":177,"232":177,"233":177,"234":0,"235":10,"236":10,"237":0,"238":10,"239":7,"240":7,"241":0,"242":7,"243":189,"244":189,"245":189,"246":1,"247":1,"248":1,"249":188,"250":3,"251":3,"252":3,"253":3,"254":1,"255":1,"256":1,"257":1,"258":1,"259":0,"260":0,"261":2,"262":2,"263":3,"264":38,"265":38,"266":38,"267":36,"268":36,"269":36,"270":36,"271":36,"272":0,"273":2,"274":40,"275":40,"276":40,"277":40,"278":38,"279":38,"280":38,"281":38,"282":0,"283":0,"284":2,"285":2,"286":40,"287":80,"288":80,"289":80,"290":23,"291":23,"292":23,"293":23,"294":23,"295":23,"296":23,"297":23,"298":0,"299":171,"300":171,"301":171,"302":171,"303":342,"304":342,"305":342,"306":0,"307":171,"308":0,"309":171,"310":199,"311":199,"312":47,"313":47,"314":47,"315":47,"316":199,"317":199,"318":198,"319":198,"320":198,"321":86,"322":86,"323":86,"324":86,"325":86,"326":37,"327":86,"328":0,"329":0,"330":0,"331":5,"332":81,"333":2,"334":2,"335":2,"336":2,"337":2,"338":0,"339":2,"340":1,"341":2,"342":2,"343":2,"344":2,"345":2,"346":2,"347":2,"348":2,"349":2,"350":2,"351":2,"352":2,"353":2,"354":2,"355":2,"356":7,"357":4,"358":1,"359":1,"360":1,"361":0,"362":1,"363":1,"364":1,"365":1,"366":2},"f":{"0":66,"1":66,"2":66,"3":48,"4":66,"5":78,"6":66,"7":23,"8":66,"9":23,"10":23,"11":23,"12":23,"13":66,"14":8,"15":66,"16":237,"17":188,"18":154,"19":171,"20":165,"21":8,"22":8,"23":173,"24":340,"25":174,"26":160,"27":179,"28":8,"29":8,"30":177,"31":10,"32":7,"33":189,"34":1,"35":188,"36":3,"37":38,"38":40,"39":80,"40":23,"41":171,"42":342,"43":199,"44":198,"45":86,"46":37,"47":0,"48":0,"49":5,"50":81,"51":0,"52":1,"53":7,"54":4,"55":1,"56":1},"b":{"0":[0,66],"1":[48,0],"2":[15,16,17,0],"3":[0,0],"4":[0,0],"5":[78,0],"6":[18,18,19,19,20,20,21],"7":[61,5],"8":[23,0],"9":[23,0],"10":[0,23],"11":[64,2],"12":[147,1],"13":[148,148],"14":[162,3],"15":[8,0],"16":[3,170],"17":[173,173],"18":[0,170],"19":[4,166],"20":[340,0],"21":[340,0],"22":[316,24],"23":[340,316],"24":[4,20],"25":[24,24],"26":[340,0],"27":[0,165],"28":[165,0],"29":[165,0],"30":[165,9],"31":[10,150],"32":[160,159],"33":[0,150],"34":[150,0],"35":[150,0],"36":[0,150],"37":[150,0],"38":[4,146],"39":[0,0],"40":[150,0],"41":[150,0],"42":[0,150],"43":[0,150],"44":[150,150,150],"45":[0,0],"46":[1,178],"47":[10,168],"48":[4,164],"49":[0,168],"50":[4,164],"51":[0,8],"52":[0,8],"53":[0,10],"54":[0,7],"55":[189,0],"56":[189,0],"57":[189,0],"58":[1,0],"59":[1,0],"60":[1,1],"61":[36,0],"62":[38,0],"63":[23,0],"64":[23,23],"65":[0,342],"66":[342,0],"67":[0,171],"68":[3],"69":[47,152],"70":[198,0],"71":[0],"72":[5,81],"73":[81,0],"74":[0,1],"75":[1,0]},"_coverageSchema":"1a1c01bbd47fc00a2c39e90264f33305004495a9","hash":"ff3b5b4130d10fad19cbb31c1ee2b6ad29207f15"}
}
