{"/home/bencan/projects/calendarBot/calendarbot/web/static/layouts/whats-next-view/whats-next-view.js": {"path":"/home/bencan/projects/calendarBot/calendarbot/web/static/layouts/whats-next-view/whats-next-view.js","statementMap":{"0":{"start":{"line":4,"column":19},"end":{"line":4,"column":25}},"1":{"start":{"line":5,"column":26},"end":{"line":5,"column":30}},"2":{"start":{"line":6,"column":25},"end":{"line":6,"column":29}},"3":{"start":{"line":7,"column":24},"end":{"line":7,"column":28}},"4":{"start":{"line":8,"column":21},"end":{"line":8,"column":25}},"5":{"start":{"line":9,"column":23},"end":{"line":9,"column":25}},"6":{"start":{"line":10,"column":21},"end":{"line":10,"column":25}},"7":{"start":{"line":13,"column":0},"end":{"line":15,"column":3}},"8":{"start":{"line":14,"column":4},"end":{"line":14,"column":30}},"9":{"start":{"line":22,"column":4},"end":{"line":22,"column":56}},"10":{"start":{"line":25,"column":24},"end":{"line":25,"column":48}},"11":{"start":{"line":26,"column":25},"end":{"line":26,"column":67}},"12":{"start":{"line":27,"column":4},"end":{"line":29,"column":5}},"13":{"start":{"line":28,"column":8},"end":{"line":28,"column":39}},"14":{"start":{"line":32,"column":4},"end":{"line":32,"column":29}},"15":{"start":{"line":33,"column":4},"end":{"line":33,"column":30}},"16":{"start":{"line":34,"column":4},"end":{"line":34,"column":23}},"17":{"start":{"line":35,"column":4},"end":{"line":35,"column":30}},"18":{"start":{"line":38,"column":4},"end":{"line":38,"column":27}},"19":{"start":{"line":39,"column":4},"end":{"line":39,"column":28}},"20":{"start":{"line":40,"column":4},"end":{"line":40,"column":25}},"21":{"start":{"line":43,"column":4},"end":{"line":43,"column":22}},"22":{"start":{"line":45,"column":4},"end":{"line":45,"column":76}},"23":{"start":{"line":52,"column":4},"end":{"line":74,"column":7}},"24":{"start":{"line":53,"column":24},"end":{"line":53,"column":61}},"25":{"start":{"line":54,"column":8},"end":{"line":73,"column":9}},"26":{"start":{"line":55,"column":27},"end":{"line":55,"column":62}},"27":{"start":{"line":56,"column":12},"end":{"line":56,"column":35}},"28":{"start":{"line":58,"column":12},"end":{"line":72,"column":13}},"29":{"start":{"line":60,"column":20},"end":{"line":60,"column":30}},"30":{"start":{"line":61,"column":20},"end":{"line":61,"column":26}},"31":{"start":{"line":63,"column":20},"end":{"line":63,"column":34}},"32":{"start":{"line":64,"column":20},"end":{"line":64,"column":26}},"33":{"start":{"line":66,"column":20},"end":{"line":66,"column":34}},"34":{"start":{"line":67,"column":20},"end":{"line":67,"column":26}},"35":{"start":{"line":69,"column":20},"end":{"line":71,"column":21}},"36":{"start":{"line":70,"column":24},"end":{"line":70,"column":41}},"37":{"start":{"line":76,"column":4},"end":{"line":76,"column":71}},"38":{"start":{"line":83,"column":4},"end":{"line":106,"column":7}},"39":{"start":{"line":84,"column":31},"end":{"line":84,"column":66}},"40":{"start":{"line":85,"column":8},"end":{"line":87,"column":9}},"41":{"start":{"line":86,"column":12},"end":{"line":86,"column":35}},"42":{"start":{"line":89,"column":8},"end":{"line":105,"column":9}},"43":{"start":{"line":92,"column":16},"end":{"line":92,"column":26}},"44":{"start":{"line":93,"column":16},"end":{"line":93,"column":22}},"45":{"start":{"line":96,"column":16},"end":{"line":96,"column":30}},"46":{"start":{"line":97,"column":16},"end":{"line":97,"column":22}},"47":{"start":{"line":100,"column":16},"end":{"line":100,"column":30}},"48":{"start":{"line":101,"column":16},"end":{"line":101,"column":22}},"49":{"start":{"line":103,"column":16},"end":{"line":103,"column":26}},"50":{"start":{"line":104,"column":16},"end":{"line":104,"column":22}},"51":{"start":{"line":113,"column":28},"end":{"line":113,"column":33}},"52":{"start":{"line":115,"column":4},"end":{"line":121,"column":5}},"53":{"start":{"line":116,"column":8},"end":{"line":118,"column":28}},"54":{"start":{"line":117,"column":12},"end":{"line":117,"column":28}},"55":{"start":{"line":120,"column":8},"end":{"line":120,"column":96}},"56":{"start":{"line":129,"column":22},"end":{"line":129,"column":23}},"57":{"start":{"line":130,"column":20},"end":{"line":130,"column":21}},"58":{"start":{"line":132,"column":4},"end":{"line":134,"column":7}},"59":{"start":{"line":133,"column":8},"end":{"line":133,"column":54}},"60":{"start":{"line":136,"column":4},"end":{"line":139,"column":7}},"61":{"start":{"line":137,"column":8},"end":{"line":137,"column":52}},"62":{"start":{"line":138,"column":8},"end":{"line":138,"column":22}},"63":{"start":{"line":142,"column":31},"end":{"line":142,"column":33}},"64":{"start":{"line":143,"column":30},"end":{"line":143,"column":53}},"65":{"start":{"line":145,"column":8},"end":{"line":153,"column":9}},"66":{"start":{"line":146,"column":12},"end":{"line":152,"column":13}},"67":{"start":{"line":148,"column":16},"end":{"line":148,"column":26}},"68":{"start":{"line":151,"column":16},"end":{"line":151,"column":26}},"69":{"start":{"line":157,"column":23},"end":{"line":157,"column":24}},"70":{"start":{"line":158,"column":4},"end":{"line":164,"column":14}},"71":{"start":{"line":159,"column":20},"end":{"line":159,"column":42}},"72":{"start":{"line":160,"column":8},"end":{"line":162,"column":9}},"73":{"start":{"line":161,"column":12},"end":{"line":161,"column":35}},"74":{"start":{"line":163,"column":8},"end":{"line":163,"column":27}},"75":{"start":{"line":172,"column":4},"end":{"line":174,"column":5}},"76":{"start":{"line":173,"column":8},"end":{"line":173,"column":41}},"77":{"start":{"line":176,"column":4},"end":{"line":179,"column":13}},"78":{"start":{"line":177,"column":8},"end":{"line":177,"column":26}},"79":{"start":{"line":178,"column":8},"end":{"line":178,"column":34}},"80":{"start":{"line":181,"column":4},"end":{"line":181,"column":65}},"81":{"start":{"line":189,"column":4},"end":{"line":189,"column":69}},"82":{"start":{"line":197,"column":23},"end":{"line":197,"column":52}},"83":{"start":{"line":198,"column":4},"end":{"line":198,"column":45}},"84":{"start":{"line":199,"column":4},"end":{"line":199,"column":51}},"85":{"start":{"line":200,"column":4},"end":{"line":200,"column":51}},"86":{"start":{"line":201,"column":4},"end":{"line":201,"column":37}},"87":{"start":{"line":202,"column":4},"end":{"line":202,"column":42}},"88":{"start":{"line":205,"column":25},"end":{"line":205,"column":67}},"89":{"start":{"line":206,"column":4},"end":{"line":210,"column":7}},"90":{"start":{"line":207,"column":8},"end":{"line":207,"column":43}},"91":{"start":{"line":208,"column":8},"end":{"line":208,"column":44}},"92":{"start":{"line":209,"column":8},"end":{"line":209,"column":67}},"93":{"start":{"line":212,"column":4},"end":{"line":212,"column":74}},"94":{"start":{"line":219,"column":4},"end":{"line":247,"column":5}},"95":{"start":{"line":220,"column":8},"end":{"line":220,"column":52}},"96":{"start":{"line":222,"column":25},"end":{"line":227,"column":10}},"97":{"start":{"line":229,"column":21},"end":{"line":229,"column":42}},"98":{"start":{"line":231,"column":8},"end":{"line":240,"column":9}},"99":{"start":{"line":233,"column":12},"end":{"line":233,"column":48}},"100":{"start":{"line":234,"column":12},"end":{"line":234,"column":41}},"101":{"start":{"line":235,"column":12},"end":{"line":235,"column":35}},"102":{"start":{"line":236,"column":12},"end":{"line":236,"column":30}},"103":{"start":{"line":237,"column":12},"end":{"line":237,"column":40}},"104":{"start":{"line":239,"column":12},"end":{"line":239,"column":58}},"105":{"start":{"line":243,"column":8},"end":{"line":243,"column":77}},"106":{"start":{"line":244,"column":8},"end":{"line":244,"column":49}},"107":{"start":{"line":246,"column":8},"end":{"line":246,"column":31}},"108":{"start":{"line":255,"column":4},"end":{"line":289,"column":5}},"109":{"start":{"line":256,"column":23},"end":{"line":256,"column":38}},"110":{"start":{"line":257,"column":20},"end":{"line":257,"column":61}},"111":{"start":{"line":261,"column":30},"end":{"line":261,"column":68}},"112":{"start":{"line":262,"column":31},"end":{"line":262,"column":70}},"113":{"start":{"line":264,"column":8},"end":{"line":264,"column":30}},"114":{"start":{"line":267,"column":8},"end":{"line":272,"column":11}},"115":{"start":{"line":268,"column":28},"end":{"line":268,"column":60}},"116":{"start":{"line":269,"column":12},"end":{"line":271,"column":13}},"117":{"start":{"line":270,"column":16},"end":{"line":270,"column":47}},"118":{"start":{"line":275,"column":8},"end":{"line":280,"column":11}},"119":{"start":{"line":276,"column":28},"end":{"line":276,"column":60}},"120":{"start":{"line":277,"column":12},"end":{"line":279,"column":13}},"121":{"start":{"line":278,"column":16},"end":{"line":278,"column":47}},"122":{"start":{"line":283,"column":8},"end":{"line":283,"column":89}},"123":{"start":{"line":283,"column":40},"end":{"line":283,"column":87}},"124":{"start":{"line":285,"column":8},"end":{"line":285,"column":83}},"125":{"start":{"line":288,"column":8},"end":{"line":288,"column":78}},"126":{"start":{"line":298,"column":4},"end":{"line":332,"column":5}},"127":{"start":{"line":299,"column":29},"end":{"line":299,"column":66}},"128":{"start":{"line":300,"column":28},"end":{"line":300,"column":64}},"129":{"start":{"line":301,"column":32},"end":{"line":301,"column":72}},"130":{"start":{"line":303,"column":8},"end":{"line":305,"column":9}},"131":{"start":{"line":304,"column":12},"end":{"line":304,"column":24}},"132":{"start":{"line":307,"column":22},"end":{"line":307,"column":53}},"133":{"start":{"line":308,"column":25},"end":{"line":308,"column":55}},"134":{"start":{"line":311,"column":26},"end":{"line":311,"column":108}},"135":{"start":{"line":312,"column":8},"end":{"line":314,"column":9}},"136":{"start":{"line":313,"column":12},"end":{"line":313,"column":24}},"137":{"start":{"line":316,"column":22},"end":{"line":316,"column":32}},"138":{"start":{"line":317,"column":26},"end":{"line":317,"column":62}},"139":{"start":{"line":318,"column":24},"end":{"line":318,"column":60}},"140":{"start":{"line":320,"column":8},"end":{"line":327,"column":10}},"141":{"start":{"line":330,"column":8},"end":{"line":330,"column":88}},"142":{"start":{"line":331,"column":8},"end":{"line":331,"column":20}},"143":{"start":{"line":342,"column":22},"end":{"line":342,"column":36}},"144":{"start":{"line":343,"column":17},"end":{"line":343,"column":35}},"145":{"start":{"line":346,"column":18},"end":{"line":346,"column":66}},"146":{"start":{"line":347,"column":4},"end":{"line":359,"column":5}},"147":{"start":{"line":348,"column":20},"end":{"line":348,"column":38}},"148":{"start":{"line":349,"column":24},"end":{"line":349,"column":42}},"149":{"start":{"line":350,"column":21},"end":{"line":350,"column":59}},"150":{"start":{"line":352,"column":8},"end":{"line":356,"column":9}},"151":{"start":{"line":353,"column":12},"end":{"line":353,"column":24}},"152":{"start":{"line":354,"column":15},"end":{"line":356,"column":9}},"153":{"start":{"line":355,"column":12},"end":{"line":355,"column":22}},"154":{"start":{"line":358,"column":8},"end":{"line":358,"column":44}},"155":{"start":{"line":361,"column":4},"end":{"line":361,"column":16}},"156":{"start":{"line":368,"column":16},"end":{"line":368,"column":26}},"157":{"start":{"line":369,"column":4},"end":{"line":369,"column":26}},"158":{"start":{"line":372,"column":4},"end":{"line":387,"column":5}},"159":{"start":{"line":373,"column":29},"end":{"line":373,"column":57}},"160":{"start":{"line":374,"column":27},"end":{"line":374,"column":53}},"161":{"start":{"line":377,"column":8},"end":{"line":380,"column":9}},"162":{"start":{"line":378,"column":12},"end":{"line":378,"column":37}},"163":{"start":{"line":379,"column":12},"end":{"line":379,"column":18}},"164":{"start":{"line":383,"column":8},"end":{"line":386,"column":9}},"165":{"start":{"line":384,"column":12},"end":{"line":384,"column":37}},"166":{"start":{"line":385,"column":12},"end":{"line":385,"column":18}},"167":{"start":{"line":389,"column":4},"end":{"line":389,"column":110}},"168":{"start":{"line":390,"column":4},"end":{"line":390,"column":27}},"169":{"start":{"line":397,"column":29},"end":{"line":397,"column":70}},"170":{"start":{"line":398,"column":27},"end":{"line":398,"column":69}},"171":{"start":{"line":399,"column":27},"end":{"line":399,"column":69}},"172":{"start":{"line":401,"column":4},"end":{"line":403,"column":5}},"173":{"start":{"line":402,"column":8},"end":{"line":402,"column":15}},"174":{"start":{"line":405,"column":16},"end":{"line":405,"column":26}},"175":{"start":{"line":406,"column":25},"end":{"line":406,"column":60}},"176":{"start":{"line":407,"column":23},"end":{"line":407,"column":56}},"177":{"start":{"line":413,"column":4},"end":{"line":425,"column":5}},"178":{"start":{"line":415,"column":8},"end":{"line":415,"column":41}},"179":{"start":{"line":416,"column":8},"end":{"line":416,"column":37}},"180":{"start":{"line":417,"column":11},"end":{"line":425,"column":5}},"181":{"start":{"line":419,"column":8},"end":{"line":419,"column":43}},"182":{"start":{"line":420,"column":8},"end":{"line":420,"column":32}},"183":{"start":{"line":423,"column":8},"end":{"line":423,"column":31}},"184":{"start":{"line":424,"column":8},"end":{"line":424,"column":15}},"185":{"start":{"line":427,"column":4},"end":{"line":430,"column":5}},"186":{"start":{"line":428,"column":8},"end":{"line":428,"column":31}},"187":{"start":{"line":429,"column":8},"end":{"line":429,"column":15}},"188":{"start":{"line":433,"column":18},"end":{"line":433,"column":62}},"189":{"start":{"line":434,"column":20},"end":{"line":434,"column":80}},"190":{"start":{"line":440,"column":4},"end":{"line":446,"column":5}},"191":{"start":{"line":441,"column":8},"end":{"line":441,"column":72}},"192":{"start":{"line":442,"column":8},"end":{"line":442,"column":51}},"193":{"start":{"line":444,"column":8},"end":{"line":444,"column":41}},"194":{"start":{"line":445,"column":8},"end":{"line":445,"column":57}},"195":{"start":{"line":449,"column":4},"end":{"line":449,"column":47}},"196":{"start":{"line":450,"column":4},"end":{"line":450,"column":63}},"197":{"start":{"line":450,"column":24},"end":{"line":450,"column":63}},"198":{"start":{"line":451,"column":4},"end":{"line":451,"column":63}},"199":{"start":{"line":451,"column":24},"end":{"line":451,"column":63}},"200":{"start":{"line":454,"column":4},"end":{"line":458,"column":5}},"201":{"start":{"line":455,"column":8},"end":{"line":455,"column":49}},"202":{"start":{"line":457,"column":8},"end":{"line":457,"column":52}},"203":{"start":{"line":461,"column":4},"end":{"line":463,"column":5}},"204":{"start":{"line":462,"column":8},"end":{"line":462,"column":115}},"205":{"start":{"line":470,"column":20},"end":{"line":470,"column":65}},"206":{"start":{"line":471,"column":4},"end":{"line":471,"column":25}},"207":{"start":{"line":471,"column":18},"end":{"line":471,"column":25}},"208":{"start":{"line":473,"column":4},"end":{"line":476,"column":5}},"209":{"start":{"line":474,"column":8},"end":{"line":474,"column":25}},"210":{"start":{"line":475,"column":8},"end":{"line":475,"column":15}},"211":{"start":{"line":479,"column":25},"end":{"line":479,"column":53}},"212":{"start":{"line":481,"column":17},"end":{"line":508,"column":5}},"213":{"start":{"line":498,"column":46},"end":{"line":505,"column":17}},"214":{"start":{"line":510,"column":4},"end":{"line":510,"column":29}},"215":{"start":{"line":511,"column":4},"end":{"line":511,"column":25}},"216":{"start":{"line":518,"column":4},"end":{"line":518,"column":32}},"217":{"start":{"line":518,"column":25},"end":{"line":518,"column":32}},"218":{"start":{"line":520,"column":16},"end":{"line":520,"column":26}},"219":{"start":{"line":521,"column":23},"end":{"line":521,"column":56}},"220":{"start":{"line":524,"column":4},"end":{"line":528,"column":5}},"221":{"start":{"line":525,"column":8},"end":{"line":525,"column":77}},"222":{"start":{"line":526,"column":8},"end":{"line":526,"column":31}},"223":{"start":{"line":527,"column":8},"end":{"line":527,"column":75}},"224":{"start":{"line":538,"column":4},"end":{"line":554,"column":5}},"225":{"start":{"line":539,"column":22},"end":{"line":539,"column":41}},"226":{"start":{"line":540,"column":20},"end":{"line":540,"column":37}},"227":{"start":{"line":542,"column":24},"end":{"line":546,"column":9}},"228":{"start":{"line":548,"column":25},"end":{"line":548,"column":62}},"229":{"start":{"line":549,"column":23},"end":{"line":549,"column":58}},"230":{"start":{"line":551,"column":8},"end":{"line":551,"column":41}},"231":{"start":{"line":553,"column":8},"end":{"line":553,"column":18}},"232":{"start":{"line":561,"column":20},"end":{"line":561,"column":65}},"233":{"start":{"line":562,"column":4},"end":{"line":562,"column":25}},"234":{"start":{"line":562,"column":18},"end":{"line":562,"column":25}},"235":{"start":{"line":564,"column":4},"end":{"line":570,"column":6}},"236":{"start":{"line":578,"column":20},"end":{"line":578,"column":65}},"237":{"start":{"line":579,"column":4},"end":{"line":579,"column":25}},"238":{"start":{"line":579,"column":18},"end":{"line":579,"column":25}},"239":{"start":{"line":581,"column":4},"end":{"line":587,"column":6}},"240":{"start":{"line":596,"column":18},"end":{"line":596,"column":76}},"241":{"start":{"line":597,"column":17},"end":{"line":597,"column":74}},"242":{"start":{"line":598,"column":4},"end":{"line":598,"column":57}},"243":{"start":{"line":606,"column":23},"end":{"line":606,"column":72}},"244":{"start":{"line":607,"column":4},"end":{"line":609,"column":5}},"245":{"start":{"line":608,"column":8},"end":{"line":608,"column":41}},"246":{"start":{"line":618,"column":4},"end":{"line":623,"column":33}},"247":{"start":{"line":635,"column":4},"end":{"line":635,"column":65}},"248":{"start":{"line":637,"column":4},"end":{"line":664,"column":5}},"249":{"start":{"line":638,"column":8},"end":{"line":638,"column":31}},"250":{"start":{"line":640,"column":25},"end":{"line":646,"column":10}},"251":{"start":{"line":648,"column":21},"end":{"line":648,"column":42}},"252":{"start":{"line":650,"column":8},"end":{"line":657,"column":9}},"253":{"start":{"line":651,"column":12},"end":{"line":651,"column":48}},"254":{"start":{"line":652,"column":12},"end":{"line":652,"column":41}},"255":{"start":{"line":653,"column":12},"end":{"line":653,"column":35}},"256":{"start":{"line":655,"column":12},"end":{"line":655,"column":60}},"257":{"start":{"line":656,"column":12},"end":{"line":656,"column":50}},"258":{"start":{"line":660,"column":8},"end":{"line":660,"column":50}},"259":{"start":{"line":661,"column":8},"end":{"line":661,"column":63}},"260":{"start":{"line":663,"column":8},"end":{"line":663,"column":31}},"261":{"start":{"line":671,"column":4},"end":{"line":671,"column":51}},"262":{"start":{"line":673,"column":4},"end":{"line":694,"column":5}},"263":{"start":{"line":674,"column":25},"end":{"line":680,"column":10}},"264":{"start":{"line":682,"column":21},"end":{"line":682,"column":42}},"265":{"start":{"line":684,"column":8},"end":{"line":690,"column":9}},"266":{"start":{"line":685,"column":12},"end":{"line":685,"column":38}},"267":{"start":{"line":686,"column":12},"end":{"line":686,"column":130}},"268":{"start":{"line":687,"column":12},"end":{"line":687,"column":61}},"269":{"start":{"line":689,"column":12},"end":{"line":689,"column":49}},"270":{"start":{"line":693,"column":8},"end":{"line":693,"column":52}},"271":{"start":{"line":701,"column":4},"end":{"line":701,"column":51}},"272":{"start":{"line":703,"column":4},"end":{"line":729,"column":5}},"273":{"start":{"line":704,"column":8},"end":{"line":704,"column":52}},"274":{"start":{"line":706,"column":25},"end":{"line":712,"column":10}},"275":{"start":{"line":714,"column":21},"end":{"line":714,"column":42}},"276":{"start":{"line":716,"column":8},"end":{"line":722,"column":9}},"277":{"start":{"line":717,"column":12},"end":{"line":717,"column":61}},"278":{"start":{"line":718,"column":12},"end":{"line":718,"column":37}},"279":{"start":{"line":720,"column":12},"end":{"line":720,"column":62}},"280":{"start":{"line":721,"column":12},"end":{"line":721,"column":53}},"281":{"start":{"line":725,"column":8},"end":{"line":725,"column":52}},"282":{"start":{"line":726,"column":8},"end":{"line":726,"column":66}},"283":{"start":{"line":728,"column":8},"end":{"line":728,"column":31}},"284":{"start":{"line":736,"column":4},"end":{"line":736,"column":61}},"285":{"start":{"line":737,"column":4},"end":{"line":737,"column":28}},"286":{"start":{"line":738,"column":4},"end":{"line":738,"column":45}},"287":{"start":{"line":745,"column":4},"end":{"line":764,"column":5}},"288":{"start":{"line":746,"column":25},"end":{"line":751,"column":10}},"289":{"start":{"line":753,"column":21},"end":{"line":753,"column":42}},"290":{"start":{"line":755,"column":8},"end":{"line":760,"column":9}},"291":{"start":{"line":756,"column":12},"end":{"line":756,"column":48}},"292":{"start":{"line":757,"column":12},"end":{"line":757,"column":41}},"293":{"start":{"line":758,"column":12},"end":{"line":758,"column":35}},"294":{"start":{"line":759,"column":12},"end":{"line":759,"column":67}},"295":{"start":{"line":763,"column":8},"end":{"line":763,"column":54}},"296":{"start":{"line":771,"column":19},"end":{"line":771,"column":34}},"297":{"start":{"line":772,"column":19},"end":{"line":772,"column":63}},"298":{"start":{"line":775,"column":29},"end":{"line":778,"column":5}},"299":{"start":{"line":780,"column":4},"end":{"line":787,"column":7}},"300":{"start":{"line":781,"column":27},"end":{"line":781,"column":59}},"301":{"start":{"line":782,"column":27},"end":{"line":782,"column":57}},"302":{"start":{"line":784,"column":8},"end":{"line":786,"column":9}},"303":{"start":{"line":785,"column":12},"end":{"line":785,"column":56}},"304":{"start":{"line":790,"column":4},"end":{"line":792,"column":5}},"305":{"start":{"line":791,"column":8},"end":{"line":791,"column":38}},"306":{"start":{"line":795,"column":4},"end":{"line":795,"column":122}},"307":{"start":{"line":807,"column":20},"end":{"line":807,"column":64}},"308":{"start":{"line":809,"column":4},"end":{"line":825,"column":5}},"309":{"start":{"line":810,"column":8},"end":{"line":810,"column":50}},"310":{"start":{"line":811,"column":8},"end":{"line":811,"column":43}},"311":{"start":{"line":812,"column":8},"end":{"line":823,"column":10}},"312":{"start":{"line":824,"column":8},"end":{"line":824,"column":45}},"313":{"start":{"line":827,"column":4},"end":{"line":827,"column":36}},"314":{"start":{"line":828,"column":4},"end":{"line":828,"column":38}},"315":{"start":{"line":835,"column":22},"end":{"line":835,"column":66}},"316":{"start":{"line":836,"column":4},"end":{"line":838,"column":5}},"317":{"start":{"line":837,"column":8},"end":{"line":837,"column":41}},"318":{"start":{"line":845,"column":22},"end":{"line":845,"column":51}},"319":{"start":{"line":846,"column":4},"end":{"line":862,"column":6}},"320":{"start":{"line":864,"column":4},"end":{"line":864,"column":36}},"321":{"start":{"line":865,"column":4},"end":{"line":865,"column":41}},"322":{"start":{"line":867,"column":4},"end":{"line":867,"column":56}},"323":{"start":{"line":867,"column":21},"end":{"line":867,"column":50}},"324":{"start":{"line":868,"column":4},"end":{"line":871,"column":13}},"325":{"start":{"line":869,"column":8},"end":{"line":869,"column":38}},"326":{"start":{"line":870,"column":8},"end":{"line":870,"column":50}},"327":{"start":{"line":870,"column":25},"end":{"line":870,"column":43}},"328":{"start":{"line":875,"column":4},"end":{"line":875,"column":34}},"329":{"start":{"line":879,"column":4},"end":{"line":879,"column":36}},"330":{"start":{"line":888,"column":0},"end":{"line":888,"column":27}},"331":{"start":{"line":889,"column":0},"end":{"line":889,"column":33}},"332":{"start":{"line":890,"column":0},"end":{"line":890,"column":33}},"333":{"start":{"line":891,"column":0},"end":{"line":891,"column":25}},"334":{"start":{"line":892,"column":0},"end":{"line":892,"column":44}},"335":{"start":{"line":892,"column":31},"end":{"line":892,"column":43}},"336":{"start":{"line":893,"column":0},"end":{"line":893,"column":55}},"337":{"start":{"line":893,"column":36},"end":{"line":893,"column":54}},"338":{"start":{"line":896,"column":0},"end":{"line":896,"column":41}},"339":{"start":{"line":897,"column":0},"end":{"line":897,"column":51}},"340":{"start":{"line":898,"column":0},"end":{"line":898,"column":41}},"341":{"start":{"line":901,"column":0},"end":{"line":901,"column":51}},"342":{"start":{"line":902,"column":0},"end":{"line":902,"column":51}},"343":{"start":{"line":903,"column":0},"end":{"line":903,"column":43}},"344":{"start":{"line":904,"column":0},"end":{"line":904,"column":47}},"345":{"start":{"line":905,"column":0},"end":{"line":905,"column":33}},"346":{"start":{"line":908,"column":0},"end":{"line":908,"column":51}},"347":{"start":{"line":909,"column":0},"end":{"line":909,"column":45}},"348":{"start":{"line":910,"column":0},"end":{"line":910,"column":31}},"349":{"start":{"line":913,"column":0},"end":{"line":913,"column":47}},"350":{"start":{"line":914,"column":0},"end":{"line":914,"column":55}},"351":{"start":{"line":915,"column":0},"end":{"line":915,"column":49}},"352":{"start":{"line":918,"column":0},"end":{"line":933,"column":2}},"353":{"start":{"line":919,"column":29},"end":{"line":919,"column":43}},"354":{"start":{"line":920,"column":31},"end":{"line":920,"column":47}},"355":{"start":{"line":921,"column":25},"end":{"line":921,"column":39}},"356":{"start":{"line":924,"column":8},"end":{"line":924,"column":49}},"357":{"start":{"line":925,"column":8},"end":{"line":930,"column":9}},"358":{"start":{"line":926,"column":12},"end":{"line":926,"column":31}},"359":{"start":{"line":927,"column":15},"end":{"line":930,"column":9}},"360":{"start":{"line":928,"column":12},"end":{"line":928,"column":47}},"361":{"start":{"line":929,"column":12},"end":{"line":929,"column":39}},"362":{"start":{"line":931,"column":8},"end":{"line":931,"column":34}},"363":{"start":{"line":935,"column":0},"end":{"line":935,"column":59}}},"fnMap":{"0":{"name":"(anonymous_0)","decl":{"start":{"line":13,"column":46},"end":{"line":13,"column":47}},"loc":{"start":{"line":13,"column":57},"end":{"line":15,"column":1}},"line":13},"1":{"name":"initializeWhatsNextView","decl":{"start":{"line":21,"column":9},"end":{"line":21,"column":32}},"loc":{"start":{"line":21,"column":35},"end":{"line":46,"column":1}},"line":21},"2":{"name":"setupNavigationButtons","decl":{"start":{"line":51,"column":9},"end":{"line":51,"column":31}},"loc":{"start":{"line":51,"column":34},"end":{"line":77,"column":1}},"line":51},"3":{"name":"(anonymous_3)","decl":{"start":{"line":52,"column":39},"end":{"line":52,"column":40}},"loc":{"start":{"line":52,"column":55},"end":{"line":74,"column":5}},"line":52},"4":{"name":"setupKeyboardNavigation","decl":{"start":{"line":82,"column":9},"end":{"line":82,"column":32}},"loc":{"start":{"line":82,"column":35},"end":{"line":107,"column":1}},"line":82},"5":{"name":"(anonymous_5)","decl":{"start":{"line":83,"column":41},"end":{"line":83,"column":42}},"loc":{"start":{"line":83,"column":57},"end":{"line":106,"column":5}},"line":83},"6":{"name":"setupAutoRefresh","decl":{"start":{"line":112,"column":9},"end":{"line":112,"column":25}},"loc":{"start":{"line":112,"column":28},"end":{"line":122,"column":1}},"line":112},"7":{"name":"(anonymous_7)","decl":{"start":{"line":116,"column":42},"end":{"line":116,"column":43}},"loc":{"start":{"line":116,"column":53},"end":{"line":118,"column":9}},"line":116},"8":{"name":"setupMobileEnhancements","decl":{"start":{"line":127,"column":9},"end":{"line":127,"column":32}},"loc":{"start":{"line":127,"column":35},"end":{"line":165,"column":1}},"line":127},"9":{"name":"(anonymous_9)","decl":{"start":{"line":132,"column":44},"end":{"line":132,"column":45}},"loc":{"start":{"line":132,"column":60},"end":{"line":134,"column":5}},"line":132},"10":{"name":"(anonymous_10)","decl":{"start":{"line":136,"column":42},"end":{"line":136,"column":43}},"loc":{"start":{"line":136,"column":58},"end":{"line":139,"column":5}},"line":136},"11":{"name":"handleSwipe","decl":{"start":{"line":141,"column":13},"end":{"line":141,"column":24}},"loc":{"start":{"line":141,"column":27},"end":{"line":154,"column":5}},"line":141},"12":{"name":"(anonymous_12)","decl":{"start":{"line":158,"column":42},"end":{"line":158,"column":43}},"loc":{"start":{"line":158,"column":58},"end":{"line":164,"column":5}},"line":158},"13":{"name":"setupCountdownSystem","decl":{"start":{"line":170,"column":9},"end":{"line":170,"column":29}},"loc":{"start":{"line":170,"column":32},"end":{"line":182,"column":1}},"line":170},"14":{"name":"(anonymous_14)","decl":{"start":{"line":176,"column":36},"end":{"line":176,"column":37}},"loc":{"start":{"line":176,"column":47},"end":{"line":179,"column":5}},"line":176},"15":{"name":"setupMeetingDetection","decl":{"start":{"line":187,"column":9},"end":{"line":187,"column":30}},"loc":{"start":{"line":187,"column":33},"end":{"line":190,"column":1}},"line":187},"16":{"name":"setupAccessibility","decl":{"start":{"line":195,"column":9},"end":{"line":195,"column":27}},"loc":{"start":{"line":195,"column":30},"end":{"line":213,"column":1}},"line":195},"17":{"name":"(anonymous_17)","decl":{"start":{"line":206,"column":25},"end":{"line":206,"column":26}},"loc":{"start":{"line":206,"column":42},"end":{"line":210,"column":5}},"line":206},"18":{"name":"loadMeetingData","decl":{"start":{"line":218,"column":15},"end":{"line":218,"column":30}},"loc":{"start":{"line":218,"column":33},"end":{"line":248,"column":1}},"line":218},"19":{"name":"parseMeetingDataFromHTML","decl":{"start":{"line":254,"column":9},"end":{"line":254,"column":33}},"loc":{"start":{"line":254,"column":40},"end":{"line":290,"column":1}},"line":254},"20":{"name":"(anonymous_20)","decl":{"start":{"line":267,"column":30},"end":{"line":267,"column":31}},"loc":{"start":{"line":267,"column":39},"end":{"line":272,"column":9}},"line":267},"21":{"name":"(anonymous_21)","decl":{"start":{"line":275,"column":31},"end":{"line":275,"column":32}},"loc":{"start":{"line":275,"column":40},"end":{"line":280,"column":9}},"line":275},"22":{"name":"(anonymous_22)","decl":{"start":{"line":283,"column":30},"end":{"line":283,"column":31}},"loc":{"start":{"line":283,"column":40},"end":{"line":283,"column":87}},"line":283},"23":{"name":"extractMeetingFromElement","decl":{"start":{"line":297,"column":9},"end":{"line":297,"column":34}},"loc":{"start":{"line":297,"column":44},"end":{"line":333,"column":1}},"line":297},"24":{"name":"parseTimeString","decl":{"start":{"line":341,"column":9},"end":{"line":341,"column":24}},"loc":{"start":{"line":341,"column":44},"end":{"line":362,"column":1}},"line":341},"25":{"name":"detectCurrentMeeting","decl":{"start":{"line":367,"column":9},"end":{"line":367,"column":29}},"loc":{"start":{"line":367,"column":32},"end":{"line":391,"column":1}},"line":367},"26":{"name":"updateCountdown","decl":{"start":{"line":396,"column":9},"end":{"line":396,"column":24}},"loc":{"start":{"line":396,"column":27},"end":{"line":464,"column":1}},"line":396},"27":{"name":"updateMeetingDisplay","decl":{"start":{"line":469,"column":9},"end":{"line":469,"column":29}},"loc":{"start":{"line":469,"column":32},"end":{"line":512,"column":1}},"line":469},"28":{"name":"(anonymous_28)","decl":{"start":{"line":498,"column":35},"end":{"line":498,"column":36}},"loc":{"start":{"line":498,"column":46},"end":{"line":505,"column":17}},"line":498},"29":{"name":"checkMeetingTransitions","decl":{"start":{"line":517,"column":9},"end":{"line":517,"column":32}},"loc":{"start":{"line":517,"column":35},"end":{"line":529,"column":1}},"line":517},"30":{"name":"formatMeetingTime","decl":{"start":{"line":537,"column":9},"end":{"line":537,"column":26}},"loc":{"start":{"line":537,"column":47},"end":{"line":555,"column":1}},"line":537},"31":{"name":"showEmptyState","decl":{"start":{"line":560,"column":9},"end":{"line":560,"column":23}},"loc":{"start":{"line":560,"column":26},"end":{"line":571,"column":1}},"line":560},"32":{"name":"showErrorState","decl":{"start":{"line":577,"column":9},"end":{"line":577,"column":23}},"loc":{"start":{"line":577,"column":33},"end":{"line":588,"column":1}},"line":577},"33":{"name":"getMeetingAriaLabel","decl":{"start":{"line":595,"column":9},"end":{"line":595,"column":28}},"loc":{"start":{"line":595,"column":38},"end":{"line":599,"column":1}},"line":595},"34":{"name":"announceToScreenReader","decl":{"start":{"line":605,"column":9},"end":{"line":605,"column":31}},"loc":{"start":{"line":605,"column":41},"end":{"line":610,"column":1}},"line":605},"35":{"name":"escapeHtml","decl":{"start":{"line":617,"column":9},"end":{"line":617,"column":19}},"loc":{"start":{"line":617,"column":28},"end":{"line":624,"column":1}},"line":617},"36":{"name":"navigate","decl":{"start":{"line":634,"column":15},"end":{"line":634,"column":23}},"loc":{"start":{"line":634,"column":32},"end":{"line":665,"column":1}},"line":634},"37":{"name":"toggleTheme","decl":{"start":{"line":670,"column":15},"end":{"line":670,"column":26}},"loc":{"start":{"line":670,"column":29},"end":{"line":695,"column":1}},"line":670},"38":{"name":"cycleLayout","decl":{"start":{"line":700,"column":15},"end":{"line":700,"column":26}},"loc":{"start":{"line":700,"column":29},"end":{"line":730,"column":1}},"line":700},"39":{"name":"refresh","decl":{"start":{"line":735,"column":15},"end":{"line":735,"column":22}},"loc":{"start":{"line":735,"column":25},"end":{"line":739,"column":1}},"line":735},"40":{"name":"refreshSilent","decl":{"start":{"line":744,"column":15},"end":{"line":744,"column":28}},"loc":{"start":{"line":744,"column":31},"end":{"line":765,"column":1}},"line":744},"41":{"name":"updatePageContent","decl":{"start":{"line":770,"column":9},"end":{"line":770,"column":26}},"loc":{"start":{"line":770,"column":36},"end":{"line":796,"column":1}},"line":770},"42":{"name":"(anonymous_42)","decl":{"start":{"line":780,"column":29},"end":{"line":780,"column":30}},"loc":{"start":{"line":780,"column":41},"end":{"line":787,"column":5}},"line":780},"43":{"name":"showLoadingIndicator","decl":{"start":{"line":806,"column":9},"end":{"line":806,"column":29}},"loc":{"start":{"line":806,"column":54},"end":{"line":829,"column":1}},"line":806},"44":{"name":"hideLoadingIndicator","decl":{"start":{"line":834,"column":9},"end":{"line":834,"column":29}},"loc":{"start":{"line":834,"column":32},"end":{"line":839,"column":1}},"line":834},"45":{"name":"showMessage","decl":{"start":{"line":844,"column":9},"end":{"line":844,"column":20}},"loc":{"start":{"line":844,"column":45},"end":{"line":872,"column":1}},"line":844},"46":{"name":"(anonymous_46)","decl":{"start":{"line":867,"column":15},"end":{"line":867,"column":16}},"loc":{"start":{"line":867,"column":21},"end":{"line":867,"column":50}},"line":867},"47":{"name":"(anonymous_47)","decl":{"start":{"line":868,"column":15},"end":{"line":868,"column":16}},"loc":{"start":{"line":868,"column":21},"end":{"line":871,"column":5}},"line":868},"48":{"name":"(anonymous_48)","decl":{"start":{"line":870,"column":19},"end":{"line":870,"column":20}},"loc":{"start":{"line":870,"column":25},"end":{"line":870,"column":43}},"line":870},"49":{"name":"showErrorMessage","decl":{"start":{"line":874,"column":9},"end":{"line":874,"column":25}},"loc":{"start":{"line":874,"column":35},"end":{"line":876,"column":1}},"line":874},"50":{"name":"showSuccessMessage","decl":{"start":{"line":878,"column":9},"end":{"line":878,"column":27}},"loc":{"start":{"line":878,"column":37},"end":{"line":880,"column":1}},"line":878},"51":{"name":"(anonymous_51)","decl":{"start":{"line":892,"column":25},"end":{"line":892,"column":26}},"loc":{"start":{"line":892,"column":31},"end":{"line":892,"column":43}},"line":892},"52":{"name":"(anonymous_52)","decl":{"start":{"line":893,"column":30},"end":{"line":893,"column":31}},"loc":{"start":{"line":893,"column":36},"end":{"line":893,"column":54}},"line":893},"53":{"name":"(anonymous_53)","decl":{"start":{"line":919,"column":23},"end":{"line":919,"column":24}},"loc":{"start":{"line":919,"column":29},"end":{"line":919,"column":43}},"line":919},"54":{"name":"(anonymous_54)","decl":{"start":{"line":920,"column":25},"end":{"line":920,"column":26}},"loc":{"start":{"line":920,"column":31},"end":{"line":920,"column":47}},"line":920},"55":{"name":"(anonymous_55)","decl":{"start":{"line":921,"column":19},"end":{"line":921,"column":20}},"loc":{"start":{"line":921,"column":25},"end":{"line":921,"column":39}},"line":921},"56":{"name":"(anonymous_56)","decl":{"start":{"line":923,"column":23},"end":{"line":923,"column":24}},"loc":{"start":{"line":923,"column":29},"end":{"line":932,"column":5}},"line":923}},"branchMap":{"0":{"loc":{"start":{"line":27,"column":4},"end":{"line":29,"column":5}},"type":"if","locations":[{"start":{"line":27,"column":4},"end":{"line":29,"column":5}},{"start":{},"end":{}}],"line":27},"1":{"loc":{"start":{"line":54,"column":8},"end":{"line":73,"column":9}},"type":"if","locations":[{"start":{"line":54,"column":8},"end":{"line":73,"column":9}},{"start":{},"end":{}}],"line":54},"2":{"loc":{"start":{"line":58,"column":12},"end":{"line":72,"column":13}},"type":"switch","locations":[{"start":{"line":59,"column":16},"end":{"line":61,"column":26}},{"start":{"line":62,"column":16},"end":{"line":64,"column":26}},{"start":{"line":65,"column":16},"end":{"line":67,"column":26}},{"start":{"line":68,"column":16},"end":{"line":71,"column":21}}],"line":58},"3":{"loc":{"start":{"line":69,"column":20},"end":{"line":71,"column":21}},"type":"if","locations":[{"start":{"line":69,"column":20},"end":{"line":71,"column":21}},{"start":{},"end":{}}],"line":69},"4":{"loc":{"start":{"line":69,"column":24},"end":{"line":69,"column":62}},"type":"binary-expr","locations":[{"start":{"line":69,"column":24},"end":{"line":69,"column":41}},{"start":{"line":69,"column":45},"end":{"line":69,"column":62}}],"line":69},"5":{"loc":{"start":{"line":85,"column":8},"end":{"line":87,"column":9}},"type":"if","locations":[{"start":{"line":85,"column":8},"end":{"line":87,"column":9}},{"start":{},"end":{}}],"line":85},"6":{"loc":{"start":{"line":89,"column":8},"end":{"line":105,"column":9}},"type":"switch","locations":[{"start":{"line":90,"column":12},"end":{"line":90,"column":21}},{"start":{"line":91,"column":12},"end":{"line":93,"column":22}},{"start":{"line":94,"column":12},"end":{"line":94,"column":21}},{"start":{"line":95,"column":12},"end":{"line":97,"column":22}},{"start":{"line":98,"column":12},"end":{"line":98,"column":21}},{"start":{"line":99,"column":12},"end":{"line":101,"column":22}},{"start":{"line":102,"column":12},"end":{"line":104,"column":22}}],"line":89},"7":{"loc":{"start":{"line":115,"column":4},"end":{"line":121,"column":5}},"type":"if","locations":[{"start":{"line":115,"column":4},"end":{"line":121,"column":5}},{"start":{},"end":{}}],"line":115},"8":{"loc":{"start":{"line":145,"column":8},"end":{"line":153,"column":9}},"type":"if","locations":[{"start":{"line":145,"column":8},"end":{"line":153,"column":9}},{"start":{},"end":{}}],"line":145},"9":{"loc":{"start":{"line":146,"column":12},"end":{"line":152,"column":13}},"type":"if","locations":[{"start":{"line":146,"column":12},"end":{"line":152,"column":13}},{"start":{"line":149,"column":19},"end":{"line":152,"column":13}}],"line":146},"10":{"loc":{"start":{"line":160,"column":8},"end":{"line":162,"column":9}},"type":"if","locations":[{"start":{"line":160,"column":8},"end":{"line":162,"column":9}},{"start":{},"end":{}}],"line":160},"11":{"loc":{"start":{"line":172,"column":4},"end":{"line":174,"column":5}},"type":"if","locations":[{"start":{"line":172,"column":4},"end":{"line":174,"column":5}},{"start":{},"end":{}}],"line":172},"12":{"loc":{"start":{"line":231,"column":8},"end":{"line":240,"column":9}},"type":"if","locations":[{"start":{"line":231,"column":8},"end":{"line":240,"column":9}},{"start":{"line":238,"column":15},"end":{"line":240,"column":9}}],"line":231},"13":{"loc":{"start":{"line":231,"column":12},"end":{"line":231,"column":37}},"type":"binary-expr","locations":[{"start":{"line":231,"column":12},"end":{"line":231,"column":24}},{"start":{"line":231,"column":28},"end":{"line":231,"column":37}}],"line":231},"14":{"loc":{"start":{"line":269,"column":12},"end":{"line":271,"column":13}},"type":"if","locations":[{"start":{"line":269,"column":12},"end":{"line":271,"column":13}},{"start":{},"end":{}}],"line":269},"15":{"loc":{"start":{"line":277,"column":12},"end":{"line":279,"column":13}},"type":"if","locations":[{"start":{"line":277,"column":12},"end":{"line":279,"column":13}},{"start":{},"end":{}}],"line":277},"16":{"loc":{"start":{"line":303,"column":8},"end":{"line":305,"column":9}},"type":"if","locations":[{"start":{"line":303,"column":8},"end":{"line":305,"column":9}},{"start":{},"end":{}}],"line":303},"17":{"loc":{"start":{"line":303,"column":12},"end":{"line":303,"column":41}},"type":"binary-expr","locations":[{"start":{"line":303,"column":12},"end":{"line":303,"column":25}},{"start":{"line":303,"column":29},"end":{"line":303,"column":41}}],"line":303},"18":{"loc":{"start":{"line":312,"column":8},"end":{"line":314,"column":9}},"type":"if","locations":[{"start":{"line":312,"column":8},"end":{"line":314,"column":9}},{"start":{},"end":{}}],"line":312},"19":{"loc":{"start":{"line":325,"column":22},"end":{"line":325,"column":79}},"type":"cond-expr","locations":[{"start":{"line":325,"column":40},"end":{"line":325,"column":74}},{"start":{"line":325,"column":77},"end":{"line":325,"column":79}}],"line":325},"20":{"loc":{"start":{"line":347,"column":4},"end":{"line":359,"column":5}},"type":"if","locations":[{"start":{"line":347,"column":4},"end":{"line":359,"column":5}},{"start":{},"end":{}}],"line":347},"21":{"loc":{"start":{"line":350,"column":21},"end":{"line":350,"column":59}},"type":"cond-expr","locations":[{"start":{"line":350,"column":32},"end":{"line":350,"column":54}},{"start":{"line":350,"column":57},"end":{"line":350,"column":59}}],"line":350},"22":{"loc":{"start":{"line":352,"column":8},"end":{"line":356,"column":9}},"type":"if","locations":[{"start":{"line":352,"column":8},"end":{"line":356,"column":9}},{"start":{"line":354,"column":15},"end":{"line":356,"column":9}}],"line":352},"23":{"loc":{"start":{"line":352,"column":12},"end":{"line":352,"column":41}},"type":"binary-expr","locations":[{"start":{"line":352,"column":12},"end":{"line":352,"column":25}},{"start":{"line":352,"column":29},"end":{"line":352,"column":41}}],"line":352},"24":{"loc":{"start":{"line":354,"column":15},"end":{"line":356,"column":9}},"type":"if","locations":[{"start":{"line":354,"column":15},"end":{"line":356,"column":9}},{"start":{},"end":{}}],"line":354},"25":{"loc":{"start":{"line":354,"column":19},"end":{"line":354,"column":48}},"type":"binary-expr","locations":[{"start":{"line":354,"column":19},"end":{"line":354,"column":32}},{"start":{"line":354,"column":36},"end":{"line":354,"column":48}}],"line":354},"26":{"loc":{"start":{"line":377,"column":8},"end":{"line":380,"column":9}},"type":"if","locations":[{"start":{"line":377,"column":8},"end":{"line":380,"column":9}},{"start":{},"end":{}}],"line":377},"27":{"loc":{"start":{"line":377,"column":12},"end":{"line":377,"column":52}},"type":"binary-expr","locations":[{"start":{"line":377,"column":12},"end":{"line":377,"column":31}},{"start":{"line":377,"column":35},"end":{"line":377,"column":52}}],"line":377},"28":{"loc":{"start":{"line":383,"column":8},"end":{"line":386,"column":9}},"type":"if","locations":[{"start":{"line":383,"column":8},"end":{"line":386,"column":9}},{"start":{},"end":{}}],"line":383},"29":{"loc":{"start":{"line":389,"column":62},"end":{"line":389,"column":108}},"type":"cond-expr","locations":[{"start":{"line":389,"column":79},"end":{"line":389,"column":99}},{"start":{"line":389,"column":102},"end":{"line":389,"column":108}}],"line":389},"30":{"loc":{"start":{"line":401,"column":4},"end":{"line":403,"column":5}},"type":"if","locations":[{"start":{"line":401,"column":4},"end":{"line":403,"column":5}},{"start":{},"end":{}}],"line":401},"31":{"loc":{"start":{"line":401,"column":8},"end":{"line":401,"column":44}},"type":"binary-expr","locations":[{"start":{"line":401,"column":8},"end":{"line":401,"column":25}},{"start":{"line":401,"column":29},"end":{"line":401,"column":44}}],"line":401},"32":{"loc":{"start":{"line":413,"column":4},"end":{"line":425,"column":5}},"type":"if","locations":[{"start":{"line":413,"column":4},"end":{"line":425,"column":5}},{"start":{"line":417,"column":11},"end":{"line":425,"column":5}}],"line":413},"33":{"loc":{"start":{"line":413,"column":8},"end":{"line":413,"column":48}},"type":"binary-expr","locations":[{"start":{"line":413,"column":8},"end":{"line":413,"column":27}},{"start":{"line":413,"column":31},"end":{"line":413,"column":48}}],"line":413},"34":{"loc":{"start":{"line":417,"column":11},"end":{"line":425,"column":5}},"type":"if","locations":[{"start":{"line":417,"column":11},"end":{"line":425,"column":5}},{"start":{"line":421,"column":11},"end":{"line":425,"column":5}}],"line":417},"35":{"loc":{"start":{"line":427,"column":4},"end":{"line":430,"column":5}},"type":"if","locations":[{"start":{"line":427,"column":4},"end":{"line":430,"column":5}},{"start":{},"end":{}}],"line":427},"36":{"loc":{"start":{"line":440,"column":4},"end":{"line":446,"column":5}},"type":"if","locations":[{"start":{"line":440,"column":4},"end":{"line":446,"column":5}},{"start":{"line":443,"column":11},"end":{"line":446,"column":5}}],"line":440},"37":{"loc":{"start":{"line":442,"column":20},"end":{"line":442,"column":50}},"type":"cond-expr","locations":[{"start":{"line":442,"column":34},"end":{"line":442,"column":40}},{"start":{"line":442,"column":43},"end":{"line":442,"column":50}}],"line":442},"38":{"loc":{"start":{"line":445,"column":20},"end":{"line":445,"column":56}},"type":"cond-expr","locations":[{"start":{"line":445,"column":36},"end":{"line":445,"column":44}},{"start":{"line":445,"column":47},"end":{"line":445,"column":56}}],"line":445},"39":{"loc":{"start":{"line":450,"column":4},"end":{"line":450,"column":63}},"type":"if","locations":[{"start":{"line":450,"column":4},"end":{"line":450,"column":63}},{"start":{},"end":{}}],"line":450},"40":{"loc":{"start":{"line":451,"column":4},"end":{"line":451,"column":63}},"type":"if","locations":[{"start":{"line":451,"column":4},"end":{"line":451,"column":63}},{"start":{},"end":{}}],"line":451},"41":{"loc":{"start":{"line":454,"column":4},"end":{"line":458,"column":5}},"type":"if","locations":[{"start":{"line":454,"column":4},"end":{"line":458,"column":5}},{"start":{"line":456,"column":11},"end":{"line":458,"column":5}}],"line":454},"42":{"loc":{"start":{"line":461,"column":4},"end":{"line":463,"column":5}},"type":"if","locations":[{"start":{"line":461,"column":4},"end":{"line":463,"column":5}},{"start":{},"end":{}}],"line":461},"43":{"loc":{"start":{"line":461,"column":8},"end":{"line":461,"column":56}},"type":"binary-expr","locations":[{"start":{"line":461,"column":8},"end":{"line":461,"column":22}},{"start":{"line":461,"column":26},"end":{"line":461,"column":39}},{"start":{"line":461,"column":43},"end":{"line":461,"column":56}}],"line":461},"44":{"loc":{"start":{"line":462,"column":45},"end":{"line":462,"column":81}},"type":"cond-expr","locations":[{"start":{"line":462,"column":61},"end":{"line":462,"column":69}},{"start":{"line":462,"column":72},"end":{"line":462,"column":81}}],"line":462},"45":{"loc":{"start":{"line":471,"column":4},"end":{"line":471,"column":25}},"type":"if","locations":[{"start":{"line":471,"column":4},"end":{"line":471,"column":25}},{"start":{},"end":{}}],"line":471},"46":{"loc":{"start":{"line":473,"column":4},"end":{"line":476,"column":5}},"type":"if","locations":[{"start":{"line":473,"column":4},"end":{"line":476,"column":5}},{"start":{},"end":{}}],"line":473},"47":{"loc":{"start":{"line":491,"column":14},"end":{"line":491,"column":121}},"type":"cond-expr","locations":[{"start":{"line":491,"column":40},"end":{"line":491,"column":116}},{"start":{"line":491,"column":119},"end":{"line":491,"column":121}}],"line":491},"48":{"loc":{"start":{"line":492,"column":14},"end":{"line":492,"column":130}},"type":"cond-expr","locations":[{"start":{"line":492,"column":43},"end":{"line":492,"column":125}},{"start":{"line":492,"column":128},"end":{"line":492,"column":130}}],"line":492},"49":{"loc":{"start":{"line":495,"column":10},"end":{"line":507,"column":14}},"type":"cond-expr","locations":[{"start":{"line":495,"column":36},"end":{"line":507,"column":9}},{"start":{"line":507,"column":12},"end":{"line":507,"column":14}}],"line":495},"50":{"loc":{"start":{"line":518,"column":4},"end":{"line":518,"column":32}},"type":"if","locations":[{"start":{"line":518,"column":4},"end":{"line":518,"column":32}},{"start":{},"end":{}}],"line":518},"51":{"loc":{"start":{"line":524,"column":4},"end":{"line":528,"column":5}},"type":"if","locations":[{"start":{"line":524,"column":4},"end":{"line":528,"column":5}},{"start":{},"end":{}}],"line":524},"52":{"loc":{"start":{"line":562,"column":4},"end":{"line":562,"column":25}},"type":"if","locations":[{"start":{"line":562,"column":4},"end":{"line":562,"column":25}},{"start":{},"end":{}}],"line":562},"53":{"loc":{"start":{"line":579,"column":4},"end":{"line":579,"column":25}},"type":"if","locations":[{"start":{"line":579,"column":4},"end":{"line":579,"column":25}},{"start":{},"end":{}}],"line":579},"54":{"loc":{"start":{"line":596,"column":18},"end":{"line":596,"column":76}},"type":"binary-expr","locations":[{"start":{"line":596,"column":18},"end":{"line":596,"column":70}},{"start":{"line":596,"column":74},"end":{"line":596,"column":76}}],"line":596},"55":{"loc":{"start":{"line":597,"column":17},"end":{"line":597,"column":74}},"type":"binary-expr","locations":[{"start":{"line":597,"column":17},"end":{"line":597,"column":68}},{"start":{"line":597,"column":72},"end":{"line":597,"column":74}}],"line":597},"56":{"loc":{"start":{"line":598,"column":31},"end":{"line":598,"column":54}},"type":"cond-expr","locations":[{"start":{"line":598,"column":38},"end":{"line":598,"column":49}},{"start":{"line":598,"column":52},"end":{"line":598,"column":54}}],"line":598},"57":{"loc":{"start":{"line":607,"column":4},"end":{"line":609,"column":5}},"type":"if","locations":[{"start":{"line":607,"column":4},"end":{"line":609,"column":5}},{"start":{},"end":{}}],"line":607},"58":{"loc":{"start":{"line":650,"column":8},"end":{"line":657,"column":9}},"type":"if","locations":[{"start":{"line":650,"column":8},"end":{"line":657,"column":9}},{"start":{"line":654,"column":15},"end":{"line":657,"column":9}}],"line":650},"59":{"loc":{"start":{"line":650,"column":12},"end":{"line":650,"column":37}},"type":"binary-expr","locations":[{"start":{"line":650,"column":12},"end":{"line":650,"column":24}},{"start":{"line":650,"column":28},"end":{"line":650,"column":37}}],"line":650},"60":{"loc":{"start":{"line":684,"column":8},"end":{"line":690,"column":9}},"type":"if","locations":[{"start":{"line":684,"column":8},"end":{"line":690,"column":9}},{"start":{"line":688,"column":15},"end":{"line":690,"column":9}}],"line":684},"61":{"loc":{"start":{"line":716,"column":8},"end":{"line":722,"column":9}},"type":"if","locations":[{"start":{"line":716,"column":8},"end":{"line":722,"column":9}},{"start":{"line":719,"column":15},"end":{"line":722,"column":9}}],"line":716},"62":{"loc":{"start":{"line":755,"column":8},"end":{"line":760,"column":9}},"type":"if","locations":[{"start":{"line":755,"column":8},"end":{"line":760,"column":9}},{"start":{},"end":{}}],"line":755},"63":{"loc":{"start":{"line":755,"column":12},"end":{"line":755,"column":37}},"type":"binary-expr","locations":[{"start":{"line":755,"column":12},"end":{"line":755,"column":24}},{"start":{"line":755,"column":28},"end":{"line":755,"column":37}}],"line":755},"64":{"loc":{"start":{"line":784,"column":8},"end":{"line":786,"column":9}},"type":"if","locations":[{"start":{"line":784,"column":8},"end":{"line":786,"column":9}},{"start":{},"end":{}}],"line":784},"65":{"loc":{"start":{"line":784,"column":12},"end":{"line":784,"column":36}},"type":"binary-expr","locations":[{"start":{"line":784,"column":12},"end":{"line":784,"column":22}},{"start":{"line":784,"column":26},"end":{"line":784,"column":36}}],"line":784},"66":{"loc":{"start":{"line":790,"column":4},"end":{"line":792,"column":5}},"type":"if","locations":[{"start":{"line":790,"column":4},"end":{"line":792,"column":5}},{"start":{},"end":{}}],"line":790},"67":{"loc":{"start":{"line":806,"column":30},"end":{"line":806,"column":52}},"type":"default-arg","locations":[{"start":{"line":806,"column":40},"end":{"line":806,"column":52}}],"line":806},"68":{"loc":{"start":{"line":809,"column":4},"end":{"line":825,"column":5}},"type":"if","locations":[{"start":{"line":809,"column":4},"end":{"line":825,"column":5}},{"start":{},"end":{}}],"line":809},"69":{"loc":{"start":{"line":836,"column":4},"end":{"line":838,"column":5}},"type":"if","locations":[{"start":{"line":836,"column":4},"end":{"line":838,"column":5}},{"start":{},"end":{}}],"line":836},"70":{"loc":{"start":{"line":844,"column":30},"end":{"line":844,"column":43}},"type":"default-arg","locations":[{"start":{"line":844,"column":37},"end":{"line":844,"column":43}}],"line":844},"71":{"loc":{"start":{"line":859,"column":10},"end":{"line":861,"column":46}},"type":"cond-expr","locations":[{"start":{"line":859,"column":29},"end":{"line":859,"column":65}},{"start":{"line":860,"column":10},"end":{"line":861,"column":46}}],"line":859},"72":{"loc":{"start":{"line":860,"column":10},"end":{"line":861,"column":46}},"type":"cond-expr","locations":[{"start":{"line":860,"column":31},"end":{"line":860,"column":67}},{"start":{"line":861,"column":10},"end":{"line":861,"column":46}}],"line":860},"73":{"loc":{"start":{"line":925,"column":8},"end":{"line":930,"column":9}},"type":"if","locations":[{"start":{"line":925,"column":8},"end":{"line":930,"column":9}},{"start":{"line":927,"column":15},"end":{"line":930,"column":9}}],"line":925},"74":{"loc":{"start":{"line":927,"column":15},"end":{"line":930,"column":9}},"type":"if","locations":[{"start":{"line":927,"column":15},"end":{"line":930,"column":9}},{"start":{},"end":{}}],"line":927}},"s":{"0":1,"1":1,"2":1,"3":1,"4":1,"5":1,"6":1,"7":1,"8":64,"9":64,"10":64,"11":64,"12":64,"13":0,"14":64,"15":64,"16":64,"17":64,"18":64,"19":64,"20":64,"21":64,"22":64,"23":64,"24":48,"25":48,"26":48,"27":48,"28":48,"29":15,"30":15,"31":16,"32":16,"33":17,"34":17,"35":0,"36":0,"37":64,"38":64,"39":78,"40":78,"41":78,"42":78,"43":18,"44":18,"45":19,"46":19,"47":20,"48":20,"49":21,"50":21,"51":64,"52":64,"53":59,"54":23,"55":59,"56":64,"57":64,"58":64,"59":23,"60":64,"61":23,"62":23,"63":23,"64":23,"65":23,"66":23,"67":23,"68":0,"69":64,"70":64,"71":23,"72":23,"73":0,"74":23,"75":64,"76":63,"77":64,"78":8,"79":8,"80":64,"81":64,"82":67,"83":67,"84":67,"85":67,"86":67,"87":67,"88":67,"89":67,"90":0,"91":0,"92":0,"93":67,"94":148,"95":148,"96":148,"97":144,"98":144,"99":143,"100":143,"101":143,"102":143,"103":143,"104":1,"105":4,"106":4,"107":148,"108":167,"109":167,"110":167,"111":167,"112":167,"113":167,"114":167,"115":161,"116":161,"117":158,"118":167,"119":0,"120":0,"121":0,"122":167,"123":0,"124":167,"125":0,"126":161,"127":161,"128":161,"129":161,"130":161,"131":3,"132":158,"133":158,"134":158,"135":158,"136":0,"137":158,"138":158,"139":158,"140":158,"141":0,"142":0,"143":316,"144":316,"145":316,"146":316,"147":316,"148":316,"149":316,"150":316,"151":316,"152":0,"153":0,"154":316,"155":316,"156":170,"157":170,"158":170,"159":161,"160":161,"161":161,"162":0,"163":0,"164":161,"165":0,"166":0,"167":170,"168":170,"169":156,"170":156,"171":156,"172":156,"173":156,"174":0,"175":0,"176":0,"177":0,"178":0,"179":0,"180":0,"181":0,"182":0,"183":0,"184":0,"185":0,"186":0,"187":0,"188":0,"189":0,"190":0,"191":0,"192":0,"193":0,"194":0,"195":0,"196":0,"197":0,"198":0,"199":0,"200":0,"201":0,"202":0,"203":0,"204":0,"205":175,"206":175,"207":1,"208":174,"209":174,"210":174,"211":0,"212":0,"213":0,"214":0,"215":0,"216":8,"217":8,"218":0,"219":0,"220":0,"221":0,"222":0,"223":0,"224":1,"225":1,"226":1,"227":1,"228":1,"229":1,"230":1,"231":0,"232":174,"233":174,"234":0,"235":174,"236":5,"237":5,"238":0,"239":5,"240":1,"241":1,"242":1,"243":1,"244":1,"245":1,"246":6,"247":3,"248":3,"249":3,"250":3,"251":1,"252":1,"253":1,"254":1,"255":1,"256":0,"257":0,"258":2,"259":2,"260":3,"261":38,"262":38,"263":38,"264":36,"265":36,"266":36,"267":36,"268":36,"269":0,"270":2,"271":40,"272":40,"273":40,"274":40,"275":38,"276":38,"277":38,"278":38,"279":0,"280":0,"281":2,"282":2,"283":40,"284":80,"285":80,"286":80,"287":23,"288":23,"289":23,"290":23,"291":23,"292":23,"293":23,"294":23,"295":0,"296":167,"297":167,"298":167,"299":167,"300":334,"301":334,"302":334,"303":0,"304":167,"305":0,"306":167,"307":193,"308":193,"309":45,"310":45,"311":45,"312":45,"313":193,"314":193,"315":192,"316":192,"317":192,"318":86,"319":86,"320":86,"321":86,"322":86,"323":37,"324":86,"325":0,"326":0,"327":0,"328":5,"329":81,"330":1,"331":1,"332":1,"333":1,"334":1,"335":0,"336":1,"337":1,"338":1,"339":1,"340":1,"341":1,"342":1,"343":1,"344":1,"345":1,"346":1,"347":1,"348":1,"349":1,"350":1,"351":1,"352":1,"353":1,"354":1,"355":1,"356":1,"357":1,"358":0,"359":1,"360":1,"361":1,"362":1,"363":1},"f":{"0":64,"1":64,"2":64,"3":48,"4":64,"5":78,"6":64,"7":23,"8":64,"9":23,"10":23,"11":23,"12":23,"13":64,"14":8,"15":64,"16":67,"17":0,"18":148,"19":167,"20":161,"21":0,"22":0,"23":161,"24":316,"25":170,"26":156,"27":175,"28":0,"29":8,"30":1,"31":174,"32":5,"33":1,"34":1,"35":6,"36":3,"37":38,"38":40,"39":80,"40":23,"41":167,"42":334,"43":193,"44":192,"45":86,"46":37,"47":0,"48":0,"49":5,"50":81,"51":0,"52":1,"53":1,"54":1,"55":1,"56":1},"b":{"0":[0,64],"1":[48,0],"2":[15,16,17,0],"3":[0,0],"4":[0,0],"5":[78,0],"6":[18,18,19,19,20,20,21],"7":[59,5],"8":[23,0],"9":[23,0],"10":[0,23],"11":[63,1],"12":[143,1],"13":[144,144],"14":[158,3],"15":[0,0],"16":[3,158],"17":[161,161],"18":[0,158],"19":[0,158],"20":[316,0],"21":[316,0],"22":[316,0],"23":[316,316],"24":[0,0],"25":[0,0],"26":[0,161],"27":[161,161],"28":[0,161],"29":[0,170],"30":[156,0],"31":[156,154],"32":[0,0],"33":[0,0],"34":[0,0],"35":[0,0],"36":[0,0],"37":[0,0],"38":[0,0],"39":[0,0],"40":[0,0],"41":[0,0],"42":[0,0],"43":[0,0,0],"44":[0,0],"45":[1,174],"46":[174,0],"47":[0,0],"48":[0,0],"49":[0,0],"50":[8,0],"51":[0,0],"52":[0,174],"53":[0,5],"54":[1,0],"55":[1,0],"56":[1,0],"57":[1,0],"58":[1,0],"59":[1,1],"60":[36,0],"61":[38,0],"62":[23,0],"63":[23,23],"64":[0,334],"65":[334,0],"66":[0,167],"67":[3],"68":[45,148],"69":[192,0],"70":[0],"71":[5,81],"72":[81,0],"73":[0,1],"74":[1,0]},"_coverageSchema":"1a1c01bbd47fc00a2c39e90264f33305004495a9","hash":"d29944ceb4ef43387c2d2f784acea1ce03729691"}
}
