TN:
SF:calendarbot/web/static/layouts/whats-next-view/whats-next-view.js
FN:13,(anonymous_0)
FN:21,initializeWhatsNextView
FN:51,setupNavigationButtons
FN:52,(anonymous_3)
FN:82,setupKeyboardNavigation
FN:83,(anonymous_5)
FN:112,setupAutoRefresh
FN:116,(anonymous_7)
FN:127,setupMobileEnhancements
FN:132,(anonymous_9)
FN:136,(anonymous_10)
FN:141,handleSwipe
FN:158,(anonymous_12)
FN:170,setupCountdownSystem
FN:176,(anonymous_14)
FN:187,setupMeetingDetection
FN:195,setupAccessibility
FN:206,(anonymous_17)
FN:218,loadMeetingData
FN:254,parseMeetingDataFromHTML
FN:267,(anonymous_20)
FN:275,(anonymous_21)
FN:283,(anonymous_22)
FN:297,extractMeetingFromElement
FN:341,parseTimeString
FN:367,detectCurrentMeeting
FN:396,updateCountdown
FN:469,updateMeetingDisplay
FN:498,(anonymous_28)
FN:517,checkMeetingTransitions
FN:537,formatMeetingTime
FN:560,showEmptyState
FN:577,showErrorState
FN:595,getMeetingAriaLabel
FN:605,announceToScreenReader
FN:617,escapeHtml
FN:634,navigate
FN:670,toggleTheme
FN:700,cycleLayout
FN:735,refresh
FN:744,refreshSilent
FN:770,updatePageContent
FN:780,(anonymous_42)
FN:806,showLoadingIndicator
FN:834,hideLoadingIndicator
FN:844,showMessage
FN:867,(anonymous_46)
FN:868,(anonymous_47)
FN:870,(anonymous_48)
FN:874,showErrorMessage
FN:878,showSuccessMessage
FN:892,(anonymous_51)
FN:893,(anonymous_52)
FN:919,(anonymous_53)
FN:920,(anonymous_54)
FN:921,(anonymous_55)
FN:923,(anonymous_56)
FNF:57
FNH:50
FNDA:64,(anonymous_0)
FNDA:64,initializeWhatsNextView
FNDA:64,setupNavigationButtons
FNDA:48,(anonymous_3)
FNDA:64,setupKeyboardNavigation
FNDA:78,(anonymous_5)
FNDA:64,setupAutoRefresh
FNDA:23,(anonymous_7)
FNDA:64,setupMobileEnhancements
FNDA:23,(anonymous_9)
FNDA:23,(anonymous_10)
FNDA:23,handleSwipe
FNDA:23,(anonymous_12)
FNDA:64,setupCountdownSystem
FNDA:8,(anonymous_14)
FNDA:64,setupMeetingDetection
FNDA:67,setupAccessibility
FNDA:0,(anonymous_17)
FNDA:148,loadMeetingData
FNDA:167,parseMeetingDataFromHTML
FNDA:161,(anonymous_20)
FNDA:0,(anonymous_21)
FNDA:0,(anonymous_22)
FNDA:161,extractMeetingFromElement
FNDA:316,parseTimeString
FNDA:170,detectCurrentMeeting
FNDA:156,updateCountdown
FNDA:175,updateMeetingDisplay
FNDA:0,(anonymous_28)
FNDA:8,checkMeetingTransitions
FNDA:1,formatMeetingTime
FNDA:174,showEmptyState
FNDA:5,showErrorState
FNDA:1,getMeetingAriaLabel
FNDA:1,announceToScreenReader
FNDA:6,escapeHtml
FNDA:3,navigate
FNDA:38,toggleTheme
FNDA:40,cycleLayout
FNDA:80,refresh
FNDA:23,refreshSilent
FNDA:167,updatePageContent
FNDA:334,(anonymous_42)
FNDA:193,showLoadingIndicator
FNDA:192,hideLoadingIndicator
FNDA:86,showMessage
FNDA:37,(anonymous_46)
FNDA:0,(anonymous_47)
FNDA:0,(anonymous_48)
FNDA:5,showErrorMessage
FNDA:81,showSuccessMessage
FNDA:0,(anonymous_51)
FNDA:1,(anonymous_52)
FNDA:1,(anonymous_53)
FNDA:1,(anonymous_54)
FNDA:1,(anonymous_55)
FNDA:1,(anonymous_56)
DA:4,1
DA:5,1
DA:6,1
DA:7,1
DA:8,1
DA:9,1
DA:10,1
DA:13,1
DA:14,64
DA:22,64
DA:25,64
DA:26,64
DA:27,64
DA:28,0
DA:32,64
DA:33,64
DA:34,64
DA:35,64
DA:38,64
DA:39,64
DA:40,64
DA:43,64
DA:45,64
DA:52,64
DA:53,48
DA:54,48
DA:55,48
DA:56,48
DA:58,48
DA:60,15
DA:61,15
DA:63,16
DA:64,16
DA:66,17
DA:67,17
DA:69,0
DA:70,0
DA:76,64
DA:83,64
DA:84,78
DA:85,78
DA:86,78
DA:89,78
DA:92,18
DA:93,18
DA:96,19
DA:97,19
DA:100,20
DA:101,20
DA:103,21
DA:104,21
DA:113,64
DA:115,64
DA:116,59
DA:117,23
DA:120,59
DA:129,64
DA:130,64
DA:132,64
DA:133,23
DA:136,64
DA:137,23
DA:138,23
DA:142,23
DA:143,23
DA:145,23
DA:146,23
DA:148,23
DA:151,0
DA:157,64
DA:158,64
DA:159,23
DA:160,23
DA:161,0
DA:163,23
DA:172,64
DA:173,63
DA:176,64
DA:177,8
DA:178,8
DA:181,64
DA:189,64
DA:197,67
DA:198,67
DA:199,67
DA:200,67
DA:201,67
DA:202,67
DA:205,67
DA:206,67
DA:207,0
DA:208,0
DA:209,0
DA:212,67
DA:219,148
DA:220,148
DA:222,148
DA:229,144
DA:231,144
DA:233,143
DA:234,143
DA:235,143
DA:236,143
DA:237,143
DA:239,1
DA:243,4
DA:244,4
DA:246,148
DA:255,167
DA:256,167
DA:257,167
DA:261,167
DA:262,167
DA:264,167
DA:267,167
DA:268,161
DA:269,161
DA:270,158
DA:275,167
DA:276,0
DA:277,0
DA:278,0
DA:283,167
DA:285,167
DA:288,0
DA:298,161
DA:299,161
DA:300,161
DA:301,161
DA:303,161
DA:304,3
DA:307,158
DA:308,158
DA:311,158
DA:312,158
DA:313,0
DA:316,158
DA:317,158
DA:318,158
DA:320,158
DA:330,0
DA:331,0
DA:342,316
DA:343,316
DA:346,316
DA:347,316
DA:348,316
DA:349,316
DA:350,316
DA:352,316
DA:353,316
DA:354,0
DA:355,0
DA:358,316
DA:361,316
DA:368,170
DA:369,170
DA:372,170
DA:373,161
DA:374,161
DA:377,161
DA:378,0
DA:379,0
DA:383,161
DA:384,0
DA:385,0
DA:389,170
DA:390,170
DA:397,156
DA:398,156
DA:399,156
DA:401,156
DA:402,156
DA:405,0
DA:406,0
DA:407,0
DA:413,0
DA:415,0
DA:416,0
DA:417,0
DA:419,0
DA:420,0
DA:423,0
DA:424,0
DA:427,0
DA:428,0
DA:429,0
DA:433,0
DA:434,0
DA:440,0
DA:441,0
DA:442,0
DA:444,0
DA:445,0
DA:449,0
DA:450,0
DA:451,0
DA:454,0
DA:455,0
DA:457,0
DA:461,0
DA:462,0
DA:470,175
DA:471,175
DA:473,174
DA:474,174
DA:475,174
DA:479,0
DA:481,0
DA:498,0
DA:510,0
DA:511,0
DA:518,8
DA:520,0
DA:521,0
DA:524,0
DA:525,0
DA:526,0
DA:527,0
DA:538,1
DA:539,1
DA:540,1
DA:542,1
DA:548,1
DA:549,1
DA:551,1
DA:553,0
DA:561,174
DA:562,174
DA:564,174
DA:578,5
DA:579,5
DA:581,5
DA:596,1
DA:597,1
DA:598,1
DA:606,1
DA:607,1
DA:608,1
DA:618,6
DA:635,3
DA:637,3
DA:638,3
DA:640,3
DA:648,1
DA:650,1
DA:651,1
DA:652,1
DA:653,1
DA:655,0
DA:656,0
DA:660,2
DA:661,2
DA:663,3
DA:671,38
DA:673,38
DA:674,38
DA:682,36
DA:684,36
DA:685,36
DA:686,36
DA:687,36
DA:689,0
DA:693,2
DA:701,40
DA:703,40
DA:704,40
DA:706,40
DA:714,38
DA:716,38
DA:717,38
DA:718,38
DA:720,0
DA:721,0
DA:725,2
DA:726,2
DA:728,40
DA:736,80
DA:737,80
DA:738,80
DA:745,23
DA:746,23
DA:753,23
DA:755,23
DA:756,23
DA:757,23
DA:758,23
DA:759,23
DA:763,0
DA:771,167
DA:772,167
DA:775,167
DA:780,167
DA:781,334
DA:782,334
DA:784,334
DA:785,0
DA:790,167
DA:791,0
DA:795,167
DA:807,193
DA:809,193
DA:810,45
DA:811,45
DA:812,45
DA:824,45
DA:827,193
DA:828,193
DA:835,192
DA:836,192
DA:837,192
DA:845,86
DA:846,86
DA:864,86
DA:865,86
DA:867,86
DA:868,86
DA:869,0
DA:870,0
DA:875,5
DA:879,81
DA:888,1
DA:889,1
DA:890,1
DA:891,1
DA:892,1
DA:893,1
DA:896,1
DA:897,1
DA:898,1
DA:901,1
DA:902,1
DA:903,1
DA:904,1
DA:905,1
DA:908,1
DA:909,1
DA:910,1
DA:913,1
DA:914,1
DA:915,1
DA:918,1
DA:919,1
DA:920,1
DA:921,1
DA:924,1
DA:925,1
DA:926,0
DA:927,1
DA:928,1
DA:929,1
DA:931,1
DA:935,1
LF:353
LH:280
BRDA:27,0,0,0
BRDA:27,0,1,64
BRDA:54,1,0,48
BRDA:54,1,1,0
BRDA:58,2,0,15
BRDA:58,2,1,16
BRDA:58,2,2,17
BRDA:58,2,3,0
BRDA:69,3,0,0
BRDA:69,3,1,0
BRDA:69,4,0,0
BRDA:69,4,1,0
BRDA:85,5,0,78
BRDA:85,5,1,0
BRDA:89,6,0,18
BRDA:89,6,1,18
BRDA:89,6,2,19
BRDA:89,6,3,19
BRDA:89,6,4,20
BRDA:89,6,5,20
BRDA:89,6,6,21
BRDA:115,7,0,59
BRDA:115,7,1,5
BRDA:145,8,0,23
BRDA:145,8,1,0
BRDA:146,9,0,23
BRDA:146,9,1,0
BRDA:160,10,0,0
BRDA:160,10,1,23
BRDA:172,11,0,63
BRDA:172,11,1,1
BRDA:231,12,0,143
BRDA:231,12,1,1
BRDA:231,13,0,144
BRDA:231,13,1,144
BRDA:269,14,0,158
BRDA:269,14,1,3
BRDA:277,15,0,0
BRDA:277,15,1,0
BRDA:303,16,0,3
BRDA:303,16,1,158
BRDA:303,17,0,161
BRDA:303,17,1,161
BRDA:312,18,0,0
BRDA:312,18,1,158
BRDA:325,19,0,0
BRDA:325,19,1,158
BRDA:347,20,0,316
BRDA:347,20,1,0
BRDA:350,21,0,316
BRDA:350,21,1,0
BRDA:352,22,0,316
BRDA:352,22,1,0
BRDA:352,23,0,316
BRDA:352,23,1,316
BRDA:354,24,0,0
BRDA:354,24,1,0
BRDA:354,25,0,0
BRDA:354,25,1,0
BRDA:377,26,0,0
BRDA:377,26,1,161
BRDA:377,27,0,161
BRDA:377,27,1,161
BRDA:383,28,0,0
BRDA:383,28,1,161
BRDA:389,29,0,0
BRDA:389,29,1,170
BRDA:401,30,0,156
BRDA:401,30,1,0
BRDA:401,31,0,156
BRDA:401,31,1,154
BRDA:413,32,0,0
BRDA:413,32,1,0
BRDA:413,33,0,0
BRDA:413,33,1,0
BRDA:417,34,0,0
BRDA:417,34,1,0
BRDA:427,35,0,0
BRDA:427,35,1,0
BRDA:440,36,0,0
BRDA:440,36,1,0
BRDA:442,37,0,0
BRDA:442,37,1,0
BRDA:445,38,0,0
BRDA:445,38,1,0
BRDA:450,39,0,0
BRDA:450,39,1,0
BRDA:451,40,0,0
BRDA:451,40,1,0
BRDA:454,41,0,0
BRDA:454,41,1,0
BRDA:461,42,0,0
BRDA:461,42,1,0
BRDA:461,43,0,0
BRDA:461,43,1,0
BRDA:461,43,2,0
BRDA:462,44,0,0
BRDA:462,44,1,0
BRDA:471,45,0,1
BRDA:471,45,1,174
BRDA:473,46,0,174
BRDA:473,46,1,0
BRDA:491,47,0,0
BRDA:491,47,1,0
BRDA:492,48,0,0
BRDA:492,48,1,0
BRDA:495,49,0,0
BRDA:495,49,1,0
BRDA:518,50,0,8
BRDA:518,50,1,0
BRDA:524,51,0,0
BRDA:524,51,1,0
BRDA:562,52,0,0
BRDA:562,52,1,174
BRDA:579,53,0,0
BRDA:579,53,1,5
BRDA:596,54,0,1
BRDA:596,54,1,0
BRDA:597,55,0,1
BRDA:597,55,1,0
BRDA:598,56,0,1
BRDA:598,56,1,0
BRDA:607,57,0,1
BRDA:607,57,1,0
BRDA:650,58,0,1
BRDA:650,58,1,0
BRDA:650,59,0,1
BRDA:650,59,1,1
BRDA:684,60,0,36
BRDA:684,60,1,0
BRDA:716,61,0,38
BRDA:716,61,1,0
BRDA:755,62,0,23
BRDA:755,62,1,0
BRDA:755,63,0,23
BRDA:755,63,1,23
BRDA:784,64,0,0
BRDA:784,64,1,334
BRDA:784,65,0,334
BRDA:784,65,1,0
BRDA:790,66,0,0
BRDA:790,66,1,167
BRDA:806,67,0,3
BRDA:809,68,0,45
BRDA:809,68,1,148
BRDA:836,69,0,192
BRDA:836,69,1,0
BRDA:844,70,0,0
BRDA:859,71,0,5
BRDA:859,71,1,81
BRDA:860,72,0,81
BRDA:860,72,1,0
BRDA:925,73,0,0
BRDA:925,73,1,1
BRDA:927,74,0,1
BRDA:927,74,1,0
BRF:156
BRH:75
end_of_record
